
AVRASM ver. 2.1.30  C:\Users\sadat system\OneDrive\Desktop\riz\PorShodanCharsInLCD\Debug\List\b.asm Tue Nov 04 21:49:26 2025

C:\Users\sadat system\OneDrive\Desktop\riz\PorShodanCharsInLCD\Debug\List\b.asm(1088): warning: Register r4 already defined by the .DEF directive
C:\Users\sadat system\OneDrive\Desktop\riz\PorShodanCharsInLCD\Debug\List\b.asm(1089): warning: Register r5 already defined by the .DEF directive
C:\Users\sadat system\OneDrive\Desktop\riz\PorShodanCharsInLCD\Debug\List\b.asm(1090): warning: Register r7 already defined by the .DEF directive
C:\Users\sadat system\OneDrive\Desktop\riz\PorShodanCharsInLCD\Debug\List\b.asm(1091): warning: Register r6 already defined by the .DEF directive
C:\Users\sadat system\OneDrive\Desktop\riz\PorShodanCharsInLCD\Debug\List\b.asm(1092): warning: Register r9 already defined by the .DEF directive
                 
                 
                 ;CodeVisionAVR C Compiler V3.14 Advanced
                 ;(C) Copyright 1998-2014 Pavel Haiduc, HP InfoTech s.r.l.
                 ;http://www.hpinfotech.com
                 
                 ;Build configuration    : Debug
                 ;Chip type              : ATmega16
                 ;Program type           : Application
                 ;Clock frequency        : 8.000000 MHz
                 ;Memory model           : Small
                 ;Optimize for           : Size
                 ;(s)printf features     : int, width
                 ;(s)scanf features      : int, width
                 ;External RAM size      : 0
                 ;Data Stack size        : 256 byte(s)
                 ;Heap size              : 0 byte(s)
                 ;Promote 'char' to 'int': Yes
                 ;'char' is unsigned     : Yes
                 ;8 bit enums            : Yes
                 ;Global 'const' stored in FLASH: Yes
                 ;Enhanced function parameter passing: Yes
                 ;Enhanced core instructions: On
                 ;Automatic register allocation for global variables: On
                 ;Smart register allocation: On
                 
                 	#define _MODEL_SMALL_
                 
                 	#pragma AVRPART ADMIN PART_NAME ATmega16
                 	#pragma AVRPART MEMORY PROG_FLASH 16384
                 	#pragma AVRPART MEMORY EEPROM 512
                 	#pragma AVRPART MEMORY INT_SRAM SIZE 1024
                 	#pragma AVRPART MEMORY INT_SRAM START_ADDR 0x60
                 
                 	#define CALL_SUPPORTED 1
                 
                 	.LISTMAC
                 	.EQU UDRE=0x5
                 	.EQU RXC=0x7
                 	.EQU USR=0xB
                 	.EQU UDR=0xC
                 	.EQU SPSR=0xE
                 	.EQU SPDR=0xF
                 	.EQU EERE=0x0
                 	.EQU EEWE=0x1
                 	.EQU EEMWE=0x2
                 	.EQU EECR=0x1C
                 	.EQU EEDR=0x1D
                 	.EQU EEARL=0x1E
                 	.EQU EEARH=0x1F
                 	.EQU WDTCR=0x21
                 	.EQU MCUCR=0x35
                 	.EQU GICR=0x3B
                 	.EQU SPL=0x3D
                 	.EQU SPH=0x3E
                 	.EQU SREG=0x3F
                 
                 	.DEF R0X0=R0
                 	.DEF R0X1=R1
                 	.DEF R0X2=R2
                 	.DEF R0X3=R3
                 	.DEF R0X4=R4
                 	.DEF R0X5=R5
                 	.DEF R0X6=R6
                 	.DEF R0X7=R7
                 	.DEF R0X8=R8
                 	.DEF R0X9=R9
                 	.DEF R0XA=R10
                 	.DEF R0XB=R11
                 	.DEF R0XC=R12
                 	.DEF R0XD=R13
                 	.DEF R0XE=R14
                 	.DEF R0XF=R15
                 	.DEF R0X10=R16
                 	.DEF R0X11=R17
                 	.DEF R0X12=R18
                 	.DEF R0X13=R19
                 	.DEF R0X14=R20
                 	.DEF R0X15=R21
                 	.DEF R0X16=R22
                 	.DEF R0X17=R23
                 	.DEF R0X18=R24
                 	.DEF R0X19=R25
                 	.DEF R0X1A=R26
                 	.DEF R0X1B=R27
                 	.DEF R0X1C=R28
                 	.DEF R0X1D=R29
                 	.DEF R0X1E=R30
                 	.DEF R0X1F=R31
                 
                 	.EQU __SRAM_START=0x0060
                 	.EQU __SRAM_END=0x045F
                 	.EQU __DSTACK_SIZE=0x0100
                 	.EQU __HEAP_SIZE=0x0000
                 	.EQU __CLEAR_SRAM_SIZE=__SRAM_END-__SRAM_START+1
                 
                 	.MACRO __CPD1N
                 	CPI  R30,LOW(@0)
                 	LDI  R26,HIGH(@0)
                 	CPC  R31,R26
                 	LDI  R26,BYTE3(@0)
                 	CPC  R22,R26
                 	LDI  R26,BYTE4(@0)
                 	CPC  R23,R26
                 	.ENDM
                 
                 	.MACRO __CPD2N
                 	CPI  R26,LOW(@0)
                 	LDI  R30,HIGH(@0)
                 	CPC  R27,R30
                 	LDI  R30,BYTE3(@0)
                 	CPC  R24,R30
                 	LDI  R30,BYTE4(@0)
                 	CPC  R25,R30
                 	.ENDM
                 
                 	.MACRO __CPWRR
                 	CP   R@0,R@2
                 	CPC  R@1,R@3
                 	.ENDM
                 
                 	.MACRO __CPWRN
                 	CPI  R@0,LOW(@2)
                 	LDI  R30,HIGH(@2)
                 	CPC  R@1,R30
                 	.ENDM
                 
                 	.MACRO __ADDB1MN
                 	SUBI R30,LOW(-@0-(@1))
                 	.ENDM
                 
                 	.MACRO __ADDB2MN
                 	SUBI R26,LOW(-@0-(@1))
                 	.ENDM
                 
                 	.MACRO __ADDW1MN
                 	SUBI R30,LOW(-@0-(@1))
                 	SBCI R31,HIGH(-@0-(@1))
                 	.ENDM
                 
                 	.MACRO __ADDW2MN
                 	SUBI R26,LOW(-@0-(@1))
                 	SBCI R27,HIGH(-@0-(@1))
                 	.ENDM
                 
                 	.MACRO __ADDW1FN
                 	SUBI R30,LOW(-2*@0-(@1))
                 	SBCI R31,HIGH(-2*@0-(@1))
                 	.ENDM
                 
                 	.MACRO __ADDD1FN
                 	SUBI R30,LOW(-2*@0-(@1))
                 	SBCI R31,HIGH(-2*@0-(@1))
                 	SBCI R22,BYTE3(-2*@0-(@1))
                 	.ENDM
                 
                 	.MACRO __ADDD1N
                 	SUBI R30,LOW(-@0)
                 	SBCI R31,HIGH(-@0)
                 	SBCI R22,BYTE3(-@0)
                 	SBCI R23,BYTE4(-@0)
                 	.ENDM
                 
                 	.MACRO __ADDD2N
                 	SUBI R26,LOW(-@0)
                 	SBCI R27,HIGH(-@0)
                 	SBCI R24,BYTE3(-@0)
                 	SBCI R25,BYTE4(-@0)
                 	.ENDM
                 
                 	.MACRO __SUBD1N
                 	SUBI R30,LOW(@0)
                 	SBCI R31,HIGH(@0)
                 	SBCI R22,BYTE3(@0)
                 	SBCI R23,BYTE4(@0)
                 	.ENDM
                 
                 	.MACRO __SUBD2N
                 	SUBI R26,LOW(@0)
                 	SBCI R27,HIGH(@0)
                 	SBCI R24,BYTE3(@0)
                 	SBCI R25,BYTE4(@0)
                 	.ENDM
                 
                 	.MACRO __ANDBMNN
                 	LDS  R30,@0+(@1)
                 	ANDI R30,LOW(@2)
                 	STS  @0+(@1),R30
                 	.ENDM
                 
                 	.MACRO __ANDWMNN
                 	LDS  R30,@0+(@1)
                 	ANDI R30,LOW(@2)
                 	STS  @0+(@1),R30
                 	LDS  R30,@0+(@1)+1
                 	ANDI R30,HIGH(@2)
                 	STS  @0+(@1)+1,R30
                 	.ENDM
                 
                 	.MACRO __ANDD1N
                 	ANDI R30,LOW(@0)
                 	ANDI R31,HIGH(@0)
                 	ANDI R22,BYTE3(@0)
                 	ANDI R23,BYTE4(@0)
                 	.ENDM
                 
                 	.MACRO __ANDD2N
                 	ANDI R26,LOW(@0)
                 	ANDI R27,HIGH(@0)
                 	ANDI R24,BYTE3(@0)
                 	ANDI R25,BYTE4(@0)
                 	.ENDM
                 
                 	.MACRO __ORBMNN
                 	LDS  R30,@0+(@1)
                 	ORI  R30,LOW(@2)
                 	STS  @0+(@1),R30
                 	.ENDM
                 
                 	.MACRO __ORWMNN
                 	LDS  R30,@0+(@1)
                 	ORI  R30,LOW(@2)
                 	STS  @0+(@1),R30
                 	LDS  R30,@0+(@1)+1
                 	ORI  R30,HIGH(@2)
                 	STS  @0+(@1)+1,R30
                 	.ENDM
                 
                 	.MACRO __ORD1N
                 	ORI  R30,LOW(@0)
                 	ORI  R31,HIGH(@0)
                 	ORI  R22,BYTE3(@0)
                 	ORI  R23,BYTE4(@0)
                 	.ENDM
                 
                 	.MACRO __ORD2N
                 	ORI  R26,LOW(@0)
                 	ORI  R27,HIGH(@0)
                 	ORI  R24,BYTE3(@0)
                 	ORI  R25,BYTE4(@0)
                 	.ENDM
                 
                 	.MACRO __DELAY_USB
                 	LDI  R24,LOW(@0)
                 __DELAY_USB_LOOP:
                 	DEC  R24
                 	BRNE __DELAY_USB_LOOP
                 	.ENDM
                 
                 	.MACRO __DELAY_USW
                 	LDI  R24,LOW(@0)
                 	LDI  R25,HIGH(@0)
                 __DELAY_USW_LOOP:
                 	SBIW R24,1
                 	BRNE __DELAY_USW_LOOP
                 	.ENDM
                 
                 	.MACRO __GETD1S
                 	LDD  R30,Y+@0
                 	LDD  R31,Y+@0+1
                 	LDD  R22,Y+@0+2
                 	LDD  R23,Y+@0+3
                 	.ENDM
                 
                 	.MACRO __GETD2S
                 	LDD  R26,Y+@0
                 	LDD  R27,Y+@0+1
                 	LDD  R24,Y+@0+2
                 	LDD  R25,Y+@0+3
                 	.ENDM
                 
                 	.MACRO __PUTD1S
                 	STD  Y+@0,R30
                 	STD  Y+@0+1,R31
                 	STD  Y+@0+2,R22
                 	STD  Y+@0+3,R23
                 	.ENDM
                 
                 	.MACRO __PUTD2S
                 	STD  Y+@0,R26
                 	STD  Y+@0+1,R27
                 	STD  Y+@0+2,R24
                 	STD  Y+@0+3,R25
                 	.ENDM
                 
                 	.MACRO __PUTDZ2
                 	STD  Z+@0,R26
                 	STD  Z+@0+1,R27
                 	STD  Z+@0+2,R24
                 	STD  Z+@0+3,R25
                 	.ENDM
                 
                 	.MACRO __CLRD1S
                 	STD  Y+@0,R30
                 	STD  Y+@0+1,R30
                 	STD  Y+@0+2,R30
                 	STD  Y+@0+3,R30
                 	.ENDM
                 
                 	.MACRO __POINTB1MN
                 	LDI  R30,LOW(@0+(@1))
                 	.ENDM
                 
                 	.MACRO __POINTW1MN
                 	LDI  R30,LOW(@0+(@1))
                 	LDI  R31,HIGH(@0+(@1))
                 	.ENDM
                 
                 	.MACRO __POINTD1M
                 	LDI  R30,LOW(@0)
                 	LDI  R31,HIGH(@0)
                 	LDI  R22,BYTE3(@0)
                 	LDI  R23,BYTE4(@0)
                 	.ENDM
                 
                 	.MACRO __POINTW1FN
                 	LDI  R30,LOW(2*@0+(@1))
                 	LDI  R31,HIGH(2*@0+(@1))
                 	.ENDM
                 
                 	.MACRO __POINTD1FN
                 	LDI  R30,LOW(2*@0+(@1))
                 	LDI  R31,HIGH(2*@0+(@1))
                 	LDI  R22,BYTE3(2*@0+(@1))
                 	LDI  R23,BYTE4(2*@0+(@1))
                 	.ENDM
                 
                 	.MACRO __POINTB2MN
                 	LDI  R26,LOW(@0+(@1))
                 	.ENDM
                 
                 	.MACRO __POINTW2MN
                 	LDI  R26,LOW(@0+(@1))
                 	LDI  R27,HIGH(@0+(@1))
                 	.ENDM
                 
                 	.MACRO __POINTW2FN
                 	LDI  R26,LOW(2*@0+(@1))
                 	LDI  R27,HIGH(2*@0+(@1))
                 	.ENDM
                 
                 	.MACRO __POINTD2FN
                 	LDI  R26,LOW(2*@0+(@1))
                 	LDI  R27,HIGH(2*@0+(@1))
                 	LDI  R24,BYTE3(2*@0+(@1))
                 	LDI  R25,BYTE4(2*@0+(@1))
                 	.ENDM
                 
                 	.MACRO __POINTBRM
                 	LDI  R@0,LOW(@1)
                 	.ENDM
                 
                 	.MACRO __POINTWRM
                 	LDI  R@0,LOW(@2)
                 	LDI  R@1,HIGH(@2)
                 	.ENDM
                 
                 	.MACRO __POINTBRMN
                 	LDI  R@0,LOW(@1+(@2))
                 	.ENDM
                 
                 	.MACRO __POINTWRMN
                 	LDI  R@0,LOW(@2+(@3))
                 	LDI  R@1,HIGH(@2+(@3))
                 	.ENDM
                 
                 	.MACRO __POINTWRFN
                 	LDI  R@0,LOW(@2*2+(@3))
                 	LDI  R@1,HIGH(@2*2+(@3))
                 	.ENDM
                 
                 	.MACRO __GETD1N
                 	LDI  R30,LOW(@0)
                 	LDI  R31,HIGH(@0)
                 	LDI  R22,BYTE3(@0)
                 	LDI  R23,BYTE4(@0)
                 	.ENDM
                 
                 	.MACRO __GETD2N
                 	LDI  R26,LOW(@0)
                 	LDI  R27,HIGH(@0)
                 	LDI  R24,BYTE3(@0)
                 	LDI  R25,BYTE4(@0)
                 	.ENDM
                 
                 	.MACRO __GETB1MN
                 	LDS  R30,@0+(@1)
                 	.ENDM
                 
                 	.MACRO __GETB1HMN
                 	LDS  R31,@0+(@1)
                 	.ENDM
                 
                 	.MACRO __GETW1MN
                 	LDS  R30,@0+(@1)
                 	LDS  R31,@0+(@1)+1
                 	.ENDM
                 
                 	.MACRO __GETD1MN
                 	LDS  R30,@0+(@1)
                 	LDS  R31,@0+(@1)+1
                 	LDS  R22,@0+(@1)+2
                 	LDS  R23,@0+(@1)+3
                 	.ENDM
                 
                 	.MACRO __GETBRMN
                 	LDS  R@0,@1+(@2)
                 	.ENDM
                 
                 	.MACRO __GETWRMN
                 	LDS  R@0,@2+(@3)
                 	LDS  R@1,@2+(@3)+1
                 	.ENDM
                 
                 	.MACRO __GETWRZ
                 	LDD  R@0,Z+@2
                 	LDD  R@1,Z+@2+1
                 	.ENDM
                 
                 	.MACRO __GETD2Z
                 	LDD  R26,Z+@0
                 	LDD  R27,Z+@0+1
                 	LDD  R24,Z+@0+2
                 	LDD  R25,Z+@0+3
                 	.ENDM
                 
                 	.MACRO __GETB2MN
                 	LDS  R26,@0+(@1)
                 	.ENDM
                 
                 	.MACRO __GETW2MN
                 	LDS  R26,@0+(@1)
                 	LDS  R27,@0+(@1)+1
                 	.ENDM
                 
                 	.MACRO __GETD2MN
                 	LDS  R26,@0+(@1)
                 	LDS  R27,@0+(@1)+1
                 	LDS  R24,@0+(@1)+2
                 	LDS  R25,@0+(@1)+3
                 	.ENDM
                 
                 	.MACRO __PUTB1MN
                 	STS  @0+(@1),R30
                 	.ENDM
                 
                 	.MACRO __PUTW1MN
                 	STS  @0+(@1),R30
                 	STS  @0+(@1)+1,R31
                 	.ENDM
                 
                 	.MACRO __PUTD1MN
                 	STS  @0+(@1),R30
                 	STS  @0+(@1)+1,R31
                 	STS  @0+(@1)+2,R22
                 	STS  @0+(@1)+3,R23
                 	.ENDM
                 
                 	.MACRO __PUTB1EN
                 	LDI  R26,LOW(@0+(@1))
                 	LDI  R27,HIGH(@0+(@1))
                 	CALL __EEPROMWRB
                 	.ENDM
                 
                 	.MACRO __PUTW1EN
                 	LDI  R26,LOW(@0+(@1))
                 	LDI  R27,HIGH(@0+(@1))
                 	CALL __EEPROMWRW
                 	.ENDM
                 
                 	.MACRO __PUTD1EN
                 	LDI  R26,LOW(@0+(@1))
                 	LDI  R27,HIGH(@0+(@1))
                 	CALL __EEPROMWRD
                 	.ENDM
                 
                 	.MACRO __PUTBR0MN
                 	STS  @0+(@1),R0
                 	.ENDM
                 
                 	.MACRO __PUTBMRN
                 	STS  @0+(@1),R@2
                 	.ENDM
                 
                 	.MACRO __PUTWMRN
                 	STS  @0+(@1),R@2
                 	STS  @0+(@1)+1,R@3
                 	.ENDM
                 
                 	.MACRO __PUTBZR
                 	STD  Z+@1,R@0
                 	.ENDM
                 
                 	.MACRO __PUTWZR
                 	STD  Z+@2,R@0
                 	STD  Z+@2+1,R@1
                 	.ENDM
                 
                 	.MACRO __GETW1R
                 	MOV  R30,R@0
                 	MOV  R31,R@1
                 	.ENDM
                 
                 	.MACRO __GETW2R
                 	MOV  R26,R@0
                 	MOV  R27,R@1
                 	.ENDM
                 
                 	.MACRO __GETWRN
                 	LDI  R@0,LOW(@2)
                 	LDI  R@1,HIGH(@2)
                 	.ENDM
                 
                 	.MACRO __PUTW1R
                 	MOV  R@0,R30
                 	MOV  R@1,R31
                 	.ENDM
                 
                 	.MACRO __PUTW2R
                 	MOV  R@0,R26
                 	MOV  R@1,R27
                 	.ENDM
                 
                 	.MACRO __ADDWRN
                 	SUBI R@0,LOW(-@2)
                 	SBCI R@1,HIGH(-@2)
                 	.ENDM
                 
                 	.MACRO __ADDWRR
                 	ADD  R@0,R@2
                 	ADC  R@1,R@3
                 	.ENDM
                 
                 	.MACRO __SUBWRN
                 	SUBI R@0,LOW(@2)
                 	SBCI R@1,HIGH(@2)
                 	.ENDM
                 
                 	.MACRO __SUBWRR
                 	SUB  R@0,R@2
                 	SBC  R@1,R@3
                 	.ENDM
                 
                 	.MACRO __ANDWRN
                 	ANDI R@0,LOW(@2)
                 	ANDI R@1,HIGH(@2)
                 	.ENDM
                 
                 	.MACRO __ANDWRR
                 	AND  R@0,R@2
                 	AND  R@1,R@3
                 	.ENDM
                 
                 	.MACRO __ORWRN
                 	ORI  R@0,LOW(@2)
                 	ORI  R@1,HIGH(@2)
                 	.ENDM
                 
                 	.MACRO __ORWRR
                 	OR   R@0,R@2
                 	OR   R@1,R@3
                 	.ENDM
                 
                 	.MACRO __EORWRR
                 	EOR  R@0,R@2
                 	EOR  R@1,R@3
                 	.ENDM
                 
                 	.MACRO __GETWRS
                 	LDD  R@0,Y+@2
                 	LDD  R@1,Y+@2+1
                 	.ENDM
                 
                 	.MACRO __PUTBSR
                 	STD  Y+@1,R@0
                 	.ENDM
                 
                 	.MACRO __PUTWSR
                 	STD  Y+@2,R@0
                 	STD  Y+@2+1,R@1
                 	.ENDM
                 
                 	.MACRO __MOVEWRR
                 	MOV  R@0,R@2
                 	MOV  R@1,R@3
                 	.ENDM
                 
                 	.MACRO __INWR
                 	IN   R@0,@2
                 	IN   R@1,@2+1
                 	.ENDM
                 
                 	.MACRO __OUTWR
                 	OUT  @2+1,R@1
                 	OUT  @2,R@0
                 	.ENDM
                 
                 	.MACRO __CALL1MN
                 	LDS  R30,@0+(@1)
                 	LDS  R31,@0+(@1)+1
                 	ICALL
                 	.ENDM
                 
                 	.MACRO __CALL1FN
                 	LDI  R30,LOW(2*@0+(@1))
                 	LDI  R31,HIGH(2*@0+(@1))
                 	CALL __GETW1PF
                 	ICALL
                 	.ENDM
                 
                 	.MACRO __CALL2EN
                 	PUSH R26
                 	PUSH R27
                 	LDI  R26,LOW(@0+(@1))
                 	LDI  R27,HIGH(@0+(@1))
                 	CALL __EEPROMRDW
                 	POP  R27
                 	POP  R26
                 	ICALL
                 	.ENDM
                 
                 	.MACRO __CALL2EX
                 	SUBI R26,LOW(-@0)
                 	SBCI R27,HIGH(-@0)
                 	CALL __EEPROMRDD
                 	ICALL
                 	.ENDM
                 
                 	.MACRO __GETW1STACK
                 	IN   R30,SPL
                 	IN   R31,SPH
                 	ADIW R30,@0+1
                 	LD   R0,Z+
                 	LD   R31,Z
                 	MOV  R30,R0
                 	.ENDM
                 
                 	.MACRO __GETD1STACK
                 	IN   R30,SPL
                 	IN   R31,SPH
                 	ADIW R30,@0+1
                 	LD   R0,Z+
                 	LD   R1,Z+
                 	LD   R22,Z
                 	MOVW R30,R0
                 	.ENDM
                 
                 	.MACRO __NBST
                 	BST  R@0,@1
                 	IN   R30,SREG
                 	LDI  R31,0x40
                 	EOR  R30,R31
                 	OUT  SREG,R30
                 	.ENDM
                 
                 
                 	.MACRO __PUTB1SN
                 	LDD  R26,Y+@0
                 	LDD  R27,Y+@0+1
                 	SUBI R26,LOW(-@1)
                 	SBCI R27,HIGH(-@1)
                 	ST   X,R30
                 	.ENDM
                 
                 	.MACRO __PUTW1SN
                 	LDD  R26,Y+@0
                 	LDD  R27,Y+@0+1
                 	SUBI R26,LOW(-@1)
                 	SBCI R27,HIGH(-@1)
                 	ST   X+,R30
                 	ST   X,R31
                 	.ENDM
                 
                 	.MACRO __PUTD1SN
                 	LDD  R26,Y+@0
                 	LDD  R27,Y+@0+1
                 	SUBI R26,LOW(-@1)
                 	SBCI R27,HIGH(-@1)
                 	CALL __PUTDP1
                 	.ENDM
                 
                 	.MACRO __PUTB1SNS
                 	LDD  R26,Y+@0
                 	LDD  R27,Y+@0+1
                 	ADIW R26,@1
                 	ST   X,R30
                 	.ENDM
                 
                 	.MACRO __PUTW1SNS
                 	LDD  R26,Y+@0
                 	LDD  R27,Y+@0+1
                 	ADIW R26,@1
                 	ST   X+,R30
                 	ST   X,R31
                 	.ENDM
                 
                 	.MACRO __PUTD1SNS
                 	LDD  R26,Y+@0
                 	LDD  R27,Y+@0+1
                 	ADIW R26,@1
                 	CALL __PUTDP1
                 	.ENDM
                 
                 	.MACRO __PUTB1PMN
                 	LDS  R26,@0
                 	LDS  R27,@0+1
                 	SUBI R26,LOW(-@1)
                 	SBCI R27,HIGH(-@1)
                 	ST   X,R30
                 	.ENDM
                 
                 	.MACRO __PUTW1PMN
                 	LDS  R26,@0
                 	LDS  R27,@0+1
                 	SUBI R26,LOW(-@1)
                 	SBCI R27,HIGH(-@1)
                 	ST   X+,R30
                 	ST   X,R31
                 	.ENDM
                 
                 	.MACRO __PUTD1PMN
                 	LDS  R26,@0
                 	LDS  R27,@0+1
                 	SUBI R26,LOW(-@1)
                 	SBCI R27,HIGH(-@1)
                 	CALL __PUTDP1
                 	.ENDM
                 
                 	.MACRO __PUTB1PMNS
                 	LDS  R26,@0
                 	LDS  R27,@0+1
                 	ADIW R26,@1
                 	ST   X,R30
                 	.ENDM
                 
                 	.MACRO __PUTW1PMNS
                 	LDS  R26,@0
                 	LDS  R27,@0+1
                 	ADIW R26,@1
                 	ST   X+,R30
                 	ST   X,R31
                 	.ENDM
                 
                 	.MACRO __PUTD1PMNS
                 	LDS  R26,@0
                 	LDS  R27,@0+1
                 	ADIW R26,@1
                 	CALL __PUTDP1
                 	.ENDM
                 
                 	.MACRO __PUTB1RN
                 	MOVW R26,R@0
                 	SUBI R26,LOW(-@1)
                 	SBCI R27,HIGH(-@1)
                 	ST   X,R30
                 	.ENDM
                 
                 	.MACRO __PUTW1RN
                 	MOVW R26,R@0
                 	SUBI R26,LOW(-@1)
                 	SBCI R27,HIGH(-@1)
                 	ST   X+,R30
                 	ST   X,R31
                 	.ENDM
                 
                 	.MACRO __PUTD1RN
                 	MOVW R26,R@0
                 	SUBI R26,LOW(-@1)
                 	SBCI R27,HIGH(-@1)
                 	CALL __PUTDP1
                 	.ENDM
                 
                 	.MACRO __PUTB1RNS
                 	MOVW R26,R@0
                 	ADIW R26,@1
                 	ST   X,R30
                 	.ENDM
                 
                 	.MACRO __PUTW1RNS
                 	MOVW R26,R@0
                 	ADIW R26,@1
                 	ST   X+,R30
                 	ST   X,R31
                 	.ENDM
                 
                 	.MACRO __PUTD1RNS
                 	MOVW R26,R@0
                 	ADIW R26,@1
                 	CALL __PUTDP1
                 	.ENDM
                 
                 	.MACRO __PUTB1RON
                 	MOV  R26,R@0
                 	MOV  R27,R@1
                 	SUBI R26,LOW(-@2)
                 	SBCI R27,HIGH(-@2)
                 	ST   X,R30
                 	.ENDM
                 
                 	.MACRO __PUTW1RON
                 	MOV  R26,R@0
                 	MOV  R27,R@1
                 	SUBI R26,LOW(-@2)
                 	SBCI R27,HIGH(-@2)
                 	ST   X+,R30
                 	ST   X,R31
                 	.ENDM
                 
                 	.MACRO __PUTD1RON
                 	MOV  R26,R@0
                 	MOV  R27,R@1
                 	SUBI R26,LOW(-@2)
                 	SBCI R27,HIGH(-@2)
                 	CALL __PUTDP1
                 	.ENDM
                 
                 	.MACRO __PUTB1RONS
                 	MOV  R26,R@0
                 	MOV  R27,R@1
                 	ADIW R26,@2
                 	ST   X,R30
                 	.ENDM
                 
                 	.MACRO __PUTW1RONS
                 	MOV  R26,R@0
                 	MOV  R27,R@1
                 	ADIW R26,@2
                 	ST   X+,R30
                 	ST   X,R31
                 	.ENDM
                 
                 	.MACRO __PUTD1RONS
                 	MOV  R26,R@0
                 	MOV  R27,R@1
                 	ADIW R26,@2
                 	CALL __PUTDP1
                 	.ENDM
                 
                 
                 	.MACRO __GETB1SX
                 	MOVW R30,R28
                 	SUBI R30,LOW(-@0)
                 	SBCI R31,HIGH(-@0)
                 	LD   R30,Z
                 	.ENDM
                 
                 	.MACRO __GETB1HSX
                 	MOVW R30,R28
                 	SUBI R30,LOW(-@0)
                 	SBCI R31,HIGH(-@0)
                 	LD   R31,Z
                 	.ENDM
                 
                 	.MACRO __GETW1SX
                 	MOVW R30,R28
                 	SUBI R30,LOW(-@0)
                 	SBCI R31,HIGH(-@0)
                 	LD   R0,Z+
                 	LD   R31,Z
                 	MOV  R30,R0
                 	.ENDM
                 
                 	.MACRO __GETD1SX
                 	MOVW R30,R28
                 	SUBI R30,LOW(-@0)
                 	SBCI R31,HIGH(-@0)
                 	LD   R0,Z+
                 	LD   R1,Z+
                 	LD   R22,Z+
                 	LD   R23,Z
                 	MOVW R30,R0
                 	.ENDM
                 
                 	.MACRO __GETB2SX
                 	MOVW R26,R28
                 	SUBI R26,LOW(-@0)
                 	SBCI R27,HIGH(-@0)
                 	LD   R26,X
                 	.ENDM
                 
                 	.MACRO __GETW2SX
                 	MOVW R26,R28
                 	SUBI R26,LOW(-@0)
                 	SBCI R27,HIGH(-@0)
                 	LD   R0,X+
                 	LD   R27,X
                 	MOV  R26,R0
                 	.ENDM
                 
                 	.MACRO __GETD2SX
                 	MOVW R26,R28
                 	SUBI R26,LOW(-@0)
                 	SBCI R27,HIGH(-@0)
                 	LD   R0,X+
                 	LD   R1,X+
                 	LD   R24,X+
                 	LD   R25,X
                 	MOVW R26,R0
                 	.ENDM
                 
                 	.MACRO __GETBRSX
                 	MOVW R30,R28
                 	SUBI R30,LOW(-@1)
                 	SBCI R31,HIGH(-@1)
                 	LD   R@0,Z
                 	.ENDM
                 
                 	.MACRO __GETWRSX
                 	MOVW R30,R28
                 	SUBI R30,LOW(-@2)
                 	SBCI R31,HIGH(-@2)
                 	LD   R@0,Z+
                 	LD   R@1,Z
                 	.ENDM
                 
                 	.MACRO __GETBRSX2
                 	MOVW R26,R28
                 	SUBI R26,LOW(-@1)
                 	SBCI R27,HIGH(-@1)
                 	LD   R@0,X
                 	.ENDM
                 
                 	.MACRO __GETWRSX2
                 	MOVW R26,R28
                 	SUBI R26,LOW(-@2)
                 	SBCI R27,HIGH(-@2)
                 	LD   R@0,X+
                 	LD   R@1,X
                 	.ENDM
                 
                 	.MACRO __LSLW8SX
                 	MOVW R30,R28
                 	SUBI R30,LOW(-@0)
                 	SBCI R31,HIGH(-@0)
                 	LD   R31,Z
                 	CLR  R30
                 	.ENDM
                 
                 	.MACRO __PUTB1SX
                 	MOVW R26,R28
                 	SUBI R26,LOW(-@0)
                 	SBCI R27,HIGH(-@0)
                 	ST   X,R30
                 	.ENDM
                 
                 	.MACRO __PUTW1SX
                 	MOVW R26,R28
                 	SUBI R26,LOW(-@0)
                 	SBCI R27,HIGH(-@0)
                 	ST   X+,R30
                 	ST   X,R31
                 	.ENDM
                 
                 	.MACRO __PUTD1SX
                 	MOVW R26,R28
                 	SUBI R26,LOW(-@0)
                 	SBCI R27,HIGH(-@0)
                 	ST   X+,R30
                 	ST   X+,R31
                 	ST   X+,R22
                 	ST   X,R23
                 	.ENDM
                 
                 	.MACRO __CLRW1SX
                 	MOVW R26,R28
                 	SUBI R26,LOW(-@0)
                 	SBCI R27,HIGH(-@0)
                 	ST   X+,R30
                 	ST   X,R30
                 	.ENDM
                 
                 	.MACRO __CLRD1SX
                 	MOVW R26,R28
                 	SUBI R26,LOW(-@0)
                 	SBCI R27,HIGH(-@0)
                 	ST   X+,R30
                 	ST   X+,R30
                 	ST   X+,R30
                 	ST   X,R30
                 	.ENDM
                 
                 	.MACRO __PUTB2SX
                 	MOVW R30,R28
                 	SUBI R30,LOW(-@0)
                 	SBCI R31,HIGH(-@0)
                 	ST   Z,R26
                 	.ENDM
                 
                 	.MACRO __PUTW2SX
                 	MOVW R30,R28
                 	SUBI R30,LOW(-@0)
                 	SBCI R31,HIGH(-@0)
                 	ST   Z+,R26
                 	ST   Z,R27
                 	.ENDM
                 
                 	.MACRO __PUTD2SX
                 	MOVW R30,R28
                 	SUBI R30,LOW(-@0)
                 	SBCI R31,HIGH(-@0)
                 	ST   Z+,R26
                 	ST   Z+,R27
                 	ST   Z+,R24
                 	ST   Z,R25
                 	.ENDM
                 
                 	.MACRO __PUTBSRX
                 	MOVW R30,R28
                 	SUBI R30,LOW(-@1)
                 	SBCI R31,HIGH(-@1)
                 	ST   Z,R@0
                 	.ENDM
                 
                 	.MACRO __PUTWSRX
                 	MOVW R30,R28
                 	SUBI R30,LOW(-@2)
                 	SBCI R31,HIGH(-@2)
                 	ST   Z+,R@0
                 	ST   Z,R@1
                 	.ENDM
                 
                 	.MACRO __PUTB1SNX
                 	MOVW R26,R28
                 	SUBI R26,LOW(-@0)
                 	SBCI R27,HIGH(-@0)
                 	LD   R0,X+
                 	LD   R27,X
                 	MOV  R26,R0
                 	SUBI R26,LOW(-@1)
                 	SBCI R27,HIGH(-@1)
                 	ST   X,R30
                 	.ENDM
                 
                 	.MACRO __PUTW1SNX
                 	MOVW R26,R28
                 	SUBI R26,LOW(-@0)
                 	SBCI R27,HIGH(-@0)
                 	LD   R0,X+
                 	LD   R27,X
                 	MOV  R26,R0
                 	SUBI R26,LOW(-@1)
                 	SBCI R27,HIGH(-@1)
                 	ST   X+,R30
                 	ST   X,R31
                 	.ENDM
                 
                 	.MACRO __PUTD1SNX
                 	MOVW R26,R28
                 	SUBI R26,LOW(-@0)
                 	SBCI R27,HIGH(-@0)
                 	LD   R0,X+
                 	LD   R27,X
                 	MOV  R26,R0
                 	SUBI R26,LOW(-@1)
                 	SBCI R27,HIGH(-@1)
                 	ST   X+,R30
                 	ST   X+,R31
                 	ST   X+,R22
                 	ST   X,R23
                 	.ENDM
                 
                 	.MACRO __MULBRR
                 	MULS R@0,R@1
                 	MOVW R30,R0
                 	.ENDM
                 
                 	.MACRO __MULBRRU
                 	MUL  R@0,R@1
                 	MOVW R30,R0
                 	.ENDM
                 
                 	.MACRO __MULBRR0
                 	MULS R@0,R@1
                 	.ENDM
                 
                 	.MACRO __MULBRRU0
                 	MUL  R@0,R@1
                 	.ENDM
                 
                 	.MACRO __MULBNWRU
                 	LDI  R26,@2
                 	MUL  R26,R@0
                 	MOVW R30,R0
                 	MUL  R26,R@1
                 	ADD  R31,R0
                 	.ENDM
                 
                 ;NAME DEFINITIONS FOR GLOBAL VARIABLES ALLOCATED TO REGISTERS
                 	.DEF _i=R4
                 	.DEF _i_msb=R5
                 	.DEF __lcd_x=R7
                 	.DEF __lcd_y=R6
                 	.DEF __lcd_maxx=R9
                 
                 	.CSEG
                 	.ORG 0x00
                 
                 ;START OF CODE MARKER
                 __START_OF_CODE:
                 
                 ;INTERRUPT VECTORS
000000 940c 004f 	JMP  __RESET
000002 940c 0000 	JMP  0x00
000004 940c 0000 	JMP  0x00
000006 940c 0000 	JMP  0x00
000008 940c 0000 	JMP  0x00
00000a 940c 0000 	JMP  0x00
00000c 940c 0000 	JMP  0x00
00000e 940c 0000 	JMP  0x00
000010 940c 0000 	JMP  0x00
000012 940c 0000 	JMP  0x00
000014 940c 0000 	JMP  0x00
000016 940c 0000 	JMP  0x00
000018 940c 0000 	JMP  0x00
00001a 940c 0000 	JMP  0x00
00001c 940c 0000 	JMP  0x00
00001e 940c 0000 	JMP  0x00
000020 940c 0000 	JMP  0x00
000022 940c 0000 	JMP  0x00
000024 940c 0000 	JMP  0x00
000026 940c 0000 	JMP  0x00
000028 940c 0000 	JMP  0x00
                 
                 _char1:
00002a 0000
00002b 0000
00002c 0000
00002d 0000      	.DB  0x0,0x0,0x0,0x0,0x0,0x0,0x0,0x0
                 _char2:
00002e 1f1f
00002f 0000
000030 0000
000031 0000      	.DB  0x1F,0x1F,0x0,0x0,0x0,0x0,0x0,0x0
                 _char3:
000032 1f1f
000033 001f
000034 0000
000035 0000      	.DB  0x1F,0x1F,0x1F,0x0,0x0,0x0,0x0,0x0
                 _char4:
000036 1f1f
000037 1f1f
000038 0000
000039 0000      	.DB  0x1F,0x1F,0x1F,0x1F,0x0,0x0,0x0,0x0
                 _char5:
00003a 1f1f
00003b 1f1f
00003c 001f
00003d 0000      	.DB  0x1F,0x1F,0x1F,0x1F,0x1F,0x0,0x0,0x0
                 _char6:
00003e 1f1f
00003f 1f1f
000040 1f1f
000041 0000      	.DB  0x1F,0x1F,0x1F,0x1F,0x1F,0x1F,0x0,0x0
                 _char7:
000042 1f1f
000043 1f1f
000044 1f1f
000045 001f      	.DB  0x1F,0x1F,0x1F,0x1F,0x1F,0x1F,0x1F,0x0
                 _char8:
000046 1f1f
000047 1f1f
000048 1f1f
000049 1f1f      	.DB  0x1F,0x1F,0x1F,0x1F,0x1F,0x1F,0x1F,0x1F
                 
                 _0x2000003:
00004a c080      	.DB  0x80,0xC0
                 
                 __GLOBAL_INI_TBL:
00004b 0002      	.DW  0x02
00004c 0160      	.DW  __base_y_G100
00004d 0094      	.DW  _0x2000003*2
                 
                 _0xFFFFFFFF:
00004e 0000      	.DW  0
                 
                 #define __GLOBAL_INI_TBL_PRESENT 1
                 
                 __RESET:
00004f 94f8      	CLI
000050 27ee      	CLR  R30
000051 bbec      	OUT  EECR,R30
                 
                 ;INTERRUPT VECTORS ARE PLACED
                 ;AT THE START OF FLASH
000052 e0f1      	LDI  R31,1
000053 bffb      	OUT  GICR,R31
000054 bfeb      	OUT  GICR,R30
000055 bfe5      	OUT  MCUCR,R30
                 
                 ;CLEAR R2-R14
000056 e08d      	LDI  R24,(14-2)+1
000057 e0a2      	LDI  R26,2
000058 27bb      	CLR  R27
                 __CLEAR_REG:
000059 93ed      	ST   X+,R30
00005a 958a      	DEC  R24
00005b f7e9      	BRNE __CLEAR_REG
                 
                 ;CLEAR SRAM
00005c e080      	LDI  R24,LOW(__CLEAR_SRAM_SIZE)
00005d e094      	LDI  R25,HIGH(__CLEAR_SRAM_SIZE)
00005e e6a0      	LDI  R26,__SRAM_START
                 __CLEAR_SRAM:
00005f 93ed      	ST   X+,R30
000060 9701      	SBIW R24,1
000061 f7e9      	BRNE __CLEAR_SRAM
                 
                 ;GLOBAL VARIABLES INITIALIZATION
000062 e9e6      	LDI  R30,LOW(__GLOBAL_INI_TBL*2)
000063 e0f0      	LDI  R31,HIGH(__GLOBAL_INI_TBL*2)
                 __GLOBAL_INI_NEXT:
000064 9185      	LPM  R24,Z+
000065 9195      	LPM  R25,Z+
000066 9700      	SBIW R24,0
000067 f061      	BREQ __GLOBAL_INI_END
000068 91a5      	LPM  R26,Z+
000069 91b5      	LPM  R27,Z+
00006a 9005      	LPM  R0,Z+
00006b 9015      	LPM  R1,Z+
00006c 01bf      	MOVW R22,R30
00006d 01f0      	MOVW R30,R0
                 __GLOBAL_INI_LOOP:
00006e 9005      	LPM  R0,Z+
00006f 920d      	ST   X+,R0
000070 9701      	SBIW R24,1
000071 f7e1      	BRNE __GLOBAL_INI_LOOP
000072 01fb      	MOVW R30,R22
000073 cff0      	RJMP __GLOBAL_INI_NEXT
                 __GLOBAL_INI_END:
                 
                 ;HARDWARE STACK POINTER INITIALIZATION
000074 e5ef      	LDI  R30,LOW(__SRAM_END-__HEAP_SIZE)
000075 bfed      	OUT  SPL,R30
000076 e0e4      	LDI  R30,HIGH(__SRAM_END-__HEAP_SIZE)
000077 bfee      	OUT  SPH,R30
                 
                 ;DATA STACK POINTER INITIALIZATION
000078 e6c0      	LDI  R28,LOW(__SRAM_START+__DSTACK_SIZE)
000079 e0d1      	LDI  R29,HIGH(__SRAM_START+__DSTACK_SIZE)
                 
00007a 940c 0098 	JMP  _main
                 
                 	.ESEG
                 	.ORG 0
                 
                 	.DSEG
                 	.ORG 0x160
                 
                 	.CSEG
                 ;/*******************************************************
                 ;This program was created by the
                 ;CodeWizardAVR V3.14 Advanced
                 ;Automatic Program Generator
                 ;© Copyright 1998-2014 Pavel Haiduc, HP InfoTech s.r.l.
                 ;http://www.hpinfotech.com
                 ;
                 ;Project :
                 ;Version :
                 ;Date    : 11/4/2025
                 ;Author  :
                 ;Company :
                 ;Comments:
                 ;
                 ;
                 ;Chip type               : ATmega16
                 ;Program type            : Application
                 ;AVR Core Clock frequency: 8.000000 MHz
                 ;Memory model            : Small
                 ;External RAM size       : 0
                 ;Data Stack size         : 256
                 ;*******************************************************/
                 ;
                 ;#include <mega16.h>
                 	#ifndef __SLEEP_DEFINED__
                 	#define __SLEEP_DEFINED__
                 	.EQU __se_bit=0x40
                 	.EQU __sm_mask=0xB0
                 	.EQU __sm_powerdown=0x20
                 	.EQU __sm_powersave=0x30
                 	.EQU __sm_standby=0xA0
                 	.EQU __sm_ext_standby=0xB0
                 	.EQU __sm_adc_noise_red=0x10
                 	.SET power_ctrl_reg=mcucr
                 	#endif
                 ;#include <delay.h>
                 ;
                 ;// Alphanumeric LCD functions
                 ;#include <alcd.h>
                 ;int i;
                 ;typedef unsigned char byte;
                 ;flash byte char1[8]={0,0,0,0,0,0,0,0};
                 ;flash byte char2[8]={31,31,0,0,0,0,0,0};
                 ;flash byte char3[8]={31,31,31,0,0,0,0,0};
                 ;flash byte char4[8]={31,31,31,31,0,0,0,0};
                 ;flash byte char5[8]={31,31,31,31,31,0,0,0};
                 ;flash byte char6[8]={31,31,31,31,31,31,0,0};
                 ;flash byte char7[8]={31,31,31,31,31,31,31,0};
                 ;flash byte char8[8]={31,31,31,31,31,31,31,31};
                 ;
                 ;void define_char(byte flash *pc,byte char_code)
                 ; 0000 0029 {
                 
                 	.CSEG
                 _define_char:
                 ; .FSTART _define_char
                 ; 0000 002A   byte i,a;
                 ; 0000 002B   a=(char_code<<3) | 0x40;
00007c 93aa      	ST   -Y,R26
00007d 931a      	ST   -Y,R17
00007e 930a      	ST   -Y,R16
                 ;	*pc -> Y+3
                 ;	char_code -> Y+2
                 ;	i -> R17
                 ;	a -> R16
00007f 81ea      	LDD  R30,Y+2
000080 0fee      	LSL  R30
000081 0fee      	LSL  R30
000082 0fee      	LSL  R30
000083 64e0      	ORI  R30,0x40
000084 2f0e      	MOV  R16,R30
                 ; 0000 002C   for(i=0;i<8;i++)
000085 e010      	LDI  R17,LOW(0)
                 _0x4:
000086 3018      	CPI  R17,8
000087 f460      	BRSH _0x5
                 ; 0000 002D    {
                 ; 0000 002E       lcd_write_byte(a++,*pc++);
000088 930a      	ST   -Y,R16
000089 9503      	INC  R16
00008a 81ec      	LDD  R30,Y+4
00008b 81fd      	LDD  R31,Y+4+1
00008c 9631      	ADIW R30,1
00008d 83ec      	STD  Y+4,R30
00008e 83fd      	STD  Y+4+1,R31
00008f 9731      	SBIW R30,1
000090 91a4      	LPM  R26,Z
000091 d0e7      	RCALL _lcd_write_byte
                 ; 0000 002F    }
000092 5f1f      	SUBI R17,-1
000093 cff2      	RJMP _0x4
                 _0x5:
                 ; 0000 0030 
                 ; 0000 0031 }
000094 8119      	LDD  R17,Y+1
000095 8108      	LDD  R16,Y+0
000096 9625      	ADIW R28,5
000097 9508      	RET
                 ; .FEND
                 ;
                 ;// Declare your global variables here
                 ;
                 ;void main(void)
                 ; 0000 0036 {
                 _main:
                 ; .FSTART _main
                 ; 0000 0037 // Declare your local variables here
                 ; 0000 0038 
                 ; 0000 0039 // Input/Output Ports initialization
                 ; 0000 003A // Port A initialization
                 ; 0000 003B // Function: Bit7=In Bit6=In Bit5=In Bit4=In Bit3=In Bit2=In Bit1=In Bit0=In
                 ; 0000 003C DDRA=(0<<DDA7) | (0<<DDA6) | (0<<DDA5) | (0<<DDA4) | (0<<DDA3) | (0<<DDA2) | (0<<DDA1) | (0<<DDA0);
000098 e0e0      	LDI  R30,LOW(0)
000099 bbea      	OUT  0x1A,R30
                 ; 0000 003D // State: Bit7=T Bit6=T Bit5=T Bit4=T Bit3=T Bit2=T Bit1=T Bit0=T
                 ; 0000 003E PORTA=(0<<PORTA7) | (0<<PORTA6) | (0<<PORTA5) | (0<<PORTA4) | (0<<PORTA3) | (0<<PORTA2) | (0<<PORTA1) | (0<<PORTA0);
00009a bbeb      	OUT  0x1B,R30
                 ; 0000 003F 
                 ; 0000 0040 // Port B initialization
                 ; 0000 0041 // Function: Bit7=In Bit6=In Bit5=In Bit4=In Bit3=In Bit2=In Bit1=In Bit0=In
                 ; 0000 0042 DDRB=(0<<DDB7) | (0<<DDB6) | (0<<DDB5) | (0<<DDB4) | (0<<DDB3) | (0<<DDB2) | (0<<DDB1) | (0<<DDB0);
00009b bbe7      	OUT  0x17,R30
                 ; 0000 0043 // State: Bit7=T Bit6=T Bit5=T Bit4=T Bit3=T Bit2=T Bit1=T Bit0=T
                 ; 0000 0044 PORTB=(0<<PORTB7) | (0<<PORTB6) | (0<<PORTB5) | (0<<PORTB4) | (0<<PORTB3) | (0<<PORTB2) | (0<<PORTB1) | (0<<PORTB0);
00009c bbe8      	OUT  0x18,R30
                 ; 0000 0045 
                 ; 0000 0046 // Port C initialization
                 ; 0000 0047 // Function: Bit7=In Bit6=In Bit5=In Bit4=In Bit3=In Bit2=In Bit1=In Bit0=In
                 ; 0000 0048 DDRC=(0<<DDC7) | (0<<DDC6) | (0<<DDC5) | (0<<DDC4) | (0<<DDC3) | (0<<DDC2) | (0<<DDC1) | (0<<DDC0);
00009d bbe4      	OUT  0x14,R30
                 ; 0000 0049 // State: Bit7=T Bit6=T Bit5=T Bit4=T Bit3=T Bit2=T Bit1=T Bit0=T
                 ; 0000 004A PORTC=(0<<PORTC7) | (0<<PORTC6) | (0<<PORTC5) | (0<<PORTC4) | (0<<PORTC3) | (0<<PORTC2) | (0<<PORTC1) | (0<<PORTC0);
00009e bbe5      	OUT  0x15,R30
                 ; 0000 004B 
                 ; 0000 004C // Port D initialization
                 ; 0000 004D // Function: Bit7=In Bit6=In Bit5=In Bit4=In Bit3=In Bit2=In Bit1=In Bit0=In
                 ; 0000 004E DDRD=(0<<DDD7) | (0<<DDD6) | (0<<DDD5) | (0<<DDD4) | (0<<DDD3) | (0<<DDD2) | (0<<DDD1) | (0<<DDD0);
00009f bbe1      	OUT  0x11,R30
                 ; 0000 004F // State: Bit7=T Bit6=T Bit5=T Bit4=T Bit3=T Bit2=T Bit1=T Bit0=T
                 ; 0000 0050 PORTD=(0<<PORTD7) | (0<<PORTD6) | (0<<PORTD5) | (0<<PORTD4) | (0<<PORTD3) | (0<<PORTD2) | (0<<PORTD1) | (0<<PORTD0);
0000a0 bbe2      	OUT  0x12,R30
                 ; 0000 0051 
                 ; 0000 0052 // Timer/Counter 0 initialization
                 ; 0000 0053 // Clock source: System Clock
                 ; 0000 0054 // Clock value: Timer 0 Stopped
                 ; 0000 0055 // Mode: Normal top=0xFF
                 ; 0000 0056 // OC0 output: Disconnected
                 ; 0000 0057 TCCR0=(0<<WGM00) | (0<<COM01) | (0<<COM00) | (0<<WGM01) | (0<<CS02) | (0<<CS01) | (0<<CS00);
0000a1 bfe3      	OUT  0x33,R30
                 ; 0000 0058 TCNT0=0x00;
0000a2 bfe2      	OUT  0x32,R30
                 ; 0000 0059 OCR0=0x00;
0000a3 bfec      	OUT  0x3C,R30
                 ; 0000 005A 
                 ; 0000 005B // Timer/Counter 1 initialization
                 ; 0000 005C // Clock source: System Clock
                 ; 0000 005D // Clock value: Timer1 Stopped
                 ; 0000 005E // Mode: Normal top=0xFFFF
                 ; 0000 005F // OC1A output: Disconnected
                 ; 0000 0060 // OC1B output: Disconnected
                 ; 0000 0061 // Noise Canceler: Off
                 ; 0000 0062 // Input Capture on Falling Edge
                 ; 0000 0063 // Timer1 Overflow Interrupt: Off
                 ; 0000 0064 // Input Capture Interrupt: Off
                 ; 0000 0065 // Compare A Match Interrupt: Off
                 ; 0000 0066 // Compare B Match Interrupt: Off
                 ; 0000 0067 TCCR1A=(0<<COM1A1) | (0<<COM1A0) | (0<<COM1B1) | (0<<COM1B0) | (0<<WGM11) | (0<<WGM10);
0000a4 bdef      	OUT  0x2F,R30
                 ; 0000 0068 TCCR1B=(0<<ICNC1) | (0<<ICES1) | (0<<WGM13) | (0<<WGM12) | (0<<CS12) | (0<<CS11) | (0<<CS10);
0000a5 bdee      	OUT  0x2E,R30
                 ; 0000 0069 TCNT1H=0x00;
0000a6 bded      	OUT  0x2D,R30
                 ; 0000 006A TCNT1L=0x00;
0000a7 bdec      	OUT  0x2C,R30
                 ; 0000 006B ICR1H=0x00;
0000a8 bde7      	OUT  0x27,R30
                 ; 0000 006C ICR1L=0x00;
0000a9 bde6      	OUT  0x26,R30
                 ; 0000 006D OCR1AH=0x00;
0000aa bdeb      	OUT  0x2B,R30
                 ; 0000 006E OCR1AL=0x00;
0000ab bdea      	OUT  0x2A,R30
                 ; 0000 006F OCR1BH=0x00;
0000ac bde9      	OUT  0x29,R30
                 ; 0000 0070 OCR1BL=0x00;
0000ad bde8      	OUT  0x28,R30
                 ; 0000 0071 
                 ; 0000 0072 // Timer/Counter 2 initialization
                 ; 0000 0073 // Clock source: System Clock
                 ; 0000 0074 // Clock value: Timer2 Stopped
                 ; 0000 0075 // Mode: Normal top=0xFF
                 ; 0000 0076 // OC2 output: Disconnected
                 ; 0000 0077 ASSR=0<<AS2;
0000ae bde2      	OUT  0x22,R30
                 ; 0000 0078 TCCR2=(0<<PWM2) | (0<<COM21) | (0<<COM20) | (0<<CTC2) | (0<<CS22) | (0<<CS21) | (0<<CS20);
0000af bde5      	OUT  0x25,R30
                 ; 0000 0079 TCNT2=0x00;
0000b0 bde4      	OUT  0x24,R30
                 ; 0000 007A OCR2=0x00;
0000b1 bde3      	OUT  0x23,R30
                 ; 0000 007B 
                 ; 0000 007C // Timer(s)/Counter(s) Interrupt(s) initialization
                 ; 0000 007D TIMSK=(0<<OCIE2) | (0<<TOIE2) | (0<<TICIE1) | (0<<OCIE1A) | (0<<OCIE1B) | (0<<TOIE1) | (0<<OCIE0) | (0<<TOIE0);
0000b2 bfe9      	OUT  0x39,R30
                 ; 0000 007E 
                 ; 0000 007F // External Interrupt(s) initialization
                 ; 0000 0080 // INT0: Off
                 ; 0000 0081 // INT1: Off
                 ; 0000 0082 // INT2: Off
                 ; 0000 0083 MCUCR=(0<<ISC11) | (0<<ISC10) | (0<<ISC01) | (0<<ISC00);
0000b3 bfe5      	OUT  0x35,R30
                 ; 0000 0084 MCUCSR=(0<<ISC2);
0000b4 bfe4      	OUT  0x34,R30
                 ; 0000 0085 
                 ; 0000 0086 // USART initialization
                 ; 0000 0087 // USART disabled
                 ; 0000 0088 UCSRB=(0<<RXCIE) | (0<<TXCIE) | (0<<UDRIE) | (0<<RXEN) | (0<<TXEN) | (0<<UCSZ2) | (0<<RXB8) | (0<<TXB8);
0000b5 b9ea      	OUT  0xA,R30
                 ; 0000 0089 
                 ; 0000 008A // Analog Comparator initialization
                 ; 0000 008B // Analog Comparator: Off
                 ; 0000 008C // The Analog Comparator's positive input is
                 ; 0000 008D // connected to the AIN0 pin
                 ; 0000 008E // The Analog Comparator's negative input is
                 ; 0000 008F // connected to the AIN1 pin
                 ; 0000 0090 ACSR=(1<<ACD) | (0<<ACBG) | (0<<ACO) | (0<<ACI) | (0<<ACIE) | (0<<ACIC) | (0<<ACIS1) | (0<<ACIS0);
0000b6 e8e0      	LDI  R30,LOW(128)
0000b7 b9e8      	OUT  0x8,R30
                 ; 0000 0091 SFIOR=(0<<ACME);
0000b8 e0e0      	LDI  R30,LOW(0)
0000b9 bfe0      	OUT  0x30,R30
                 ; 0000 0092 
                 ; 0000 0093 // ADC initialization
                 ; 0000 0094 // ADC disabled
                 ; 0000 0095 ADCSRA=(0<<ADEN) | (0<<ADSC) | (0<<ADATE) | (0<<ADIF) | (0<<ADIE) | (0<<ADPS2) | (0<<ADPS1) | (0<<ADPS0);
0000ba b9e6      	OUT  0x6,R30
                 ; 0000 0096 
                 ; 0000 0097 // SPI initialization
                 ; 0000 0098 // SPI disabled
                 ; 0000 0099 SPCR=(0<<SPIE) | (0<<SPE) | (0<<DORD) | (0<<MSTR) | (0<<CPOL) | (0<<CPHA) | (0<<SPR1) | (0<<SPR0);
0000bb b9ed      	OUT  0xD,R30
                 ; 0000 009A 
                 ; 0000 009B // TWI initialization
                 ; 0000 009C // TWI disabled
                 ; 0000 009D TWCR=(0<<TWEA) | (0<<TWSTA) | (0<<TWSTO) | (0<<TWEN) | (0<<TWIE);
0000bc bfe6      	OUT  0x36,R30
                 ; 0000 009E 
                 ; 0000 009F // Alphanumeric LCD initialization
                 ; 0000 00A0 // Connections are specified in the
                 ; 0000 00A1 // Project|Configure|C Compiler|Libraries|Alphanumeric LCD menu:
                 ; 0000 00A2 // RS - PORTA Bit 0
                 ; 0000 00A3 // RD - PORTA Bit 1
                 ; 0000 00A4 // EN - PORTA Bit 2
                 ; 0000 00A5 // D4 - PORTA Bit 4
                 ; 0000 00A6 // D5 - PORTA Bit 5
                 ; 0000 00A7 // D6 - PORTA Bit 6
                 ; 0000 00A8 // D7 - PORTA Bit 7
                 ; 0000 00A9 // Characters/line: 20
                 ; 0000 00AA lcd_init(20);
0000bd e1a4      	LDI  R26,LOW(20)
0000be d0ed      	RCALL _lcd_init
                 ; 0000 00AB define_char(char1,0);
0000bf e5e4      	LDI  R30,LOW(_char1*2)
0000c0 e0f0      	LDI  R31,HIGH(_char1*2)
0000c1 93fa      	ST   -Y,R31
0000c2 93ea      	ST   -Y,R30
0000c3 e0a0      	LDI  R26,LOW(0)
0000c4 dfb7      	RCALL _define_char
                 ; 0000 00AC define_char(char2,1);
0000c5 e5ec      	LDI  R30,LOW(_char2*2)
0000c6 e0f0      	LDI  R31,HIGH(_char2*2)
0000c7 93fa      	ST   -Y,R31
0000c8 93ea      	ST   -Y,R30
0000c9 e0a1      	LDI  R26,LOW(1)
0000ca dfb1      	RCALL _define_char
                 ; 0000 00AD define_char(char3,2);
0000cb e6e4      	LDI  R30,LOW(_char3*2)
0000cc e0f0      	LDI  R31,HIGH(_char3*2)
0000cd 93fa      	ST   -Y,R31
0000ce 93ea      	ST   -Y,R30
0000cf e0a2      	LDI  R26,LOW(2)
0000d0 dfab      	RCALL _define_char
                 ; 0000 00AE define_char(char4,3);
0000d1 e6ec      	LDI  R30,LOW(_char4*2)
0000d2 e0f0      	LDI  R31,HIGH(_char4*2)
0000d3 93fa      	ST   -Y,R31
0000d4 93ea      	ST   -Y,R30
0000d5 e0a3      	LDI  R26,LOW(3)
0000d6 dfa5      	RCALL _define_char
                 ; 0000 00AF define_char(char5,4);
0000d7 e7e4      	LDI  R30,LOW(_char5*2)
0000d8 e0f0      	LDI  R31,HIGH(_char5*2)
0000d9 93fa      	ST   -Y,R31
0000da 93ea      	ST   -Y,R30
0000db e0a4      	LDI  R26,LOW(4)
0000dc df9f      	RCALL _define_char
                 ; 0000 00B0 define_char(char6,5);
0000dd e7ec      	LDI  R30,LOW(_char6*2)
0000de e0f0      	LDI  R31,HIGH(_char6*2)
0000df 93fa      	ST   -Y,R31
0000e0 93ea      	ST   -Y,R30
0000e1 e0a5      	LDI  R26,LOW(5)
0000e2 df99      	RCALL _define_char
                 ; 0000 00B1 define_char(char7,6);
0000e3 e8e4      	LDI  R30,LOW(_char7*2)
0000e4 e0f0      	LDI  R31,HIGH(_char7*2)
0000e5 93fa      	ST   -Y,R31
0000e6 93ea      	ST   -Y,R30
0000e7 e0a6      	LDI  R26,LOW(6)
0000e8 df93      	RCALL _define_char
                 ; 0000 00B2 define_char(char8,7);
0000e9 e8ec      	LDI  R30,LOW(_char8*2)
0000ea e0f0      	LDI  R31,HIGH(_char8*2)
0000eb 93fa      	ST   -Y,R31
0000ec 93ea      	ST   -Y,R30
0000ed e0a7      	LDI  R26,LOW(7)
0000ee df8d      	RCALL _define_char
                 ; 0000 00B3 
                 ; 0000 00B4 while (1)
                 _0x6:
                 ; 0000 00B5       {
                 ; 0000 00B6       for(i=0;i<=19;i++)
0000ef 2444      	CLR  R4
0000f0 2455      	CLR  R5
                 _0xA:
0000f1 e1e3      	LDI  R30,LOW(19)
0000f2 e0f0      	LDI  R31,HIGH(19)
0000f3 15e4      	CP   R30,R4
0000f4 05f5      	CPC  R31,R5
0000f5 f094      	BRLT _0xB
                 ; 0000 00B7       {
                 ; 0000 00B8         lcd_gotoxy(i,0);
0000f6 d0e0      	RCALL SUBOPT_0x0
                 ; 0000 00B9         lcd_putchar(1);
0000f7 d0e2      	RCALL SUBOPT_0x1
                 ; 0000 00BA         delay_ms(10);
                 ; 0000 00BB 
                 ; 0000 00BC         lcd_gotoxy(i,0);
0000f8 d0de      	RCALL SUBOPT_0x0
                 ; 0000 00BD         lcd_putchar(2);
0000f9 d0e6      	RCALL SUBOPT_0x2
                 ; 0000 00BE         delay_ms(10);
                 ; 0000 00BF 
                 ; 0000 00C0         lcd_gotoxy(i,0);
0000fa d0dc      	RCALL SUBOPT_0x0
                 ; 0000 00C1         lcd_putchar(3);
0000fb d0ea      	RCALL SUBOPT_0x3
                 ; 0000 00C2         delay_ms(10);
                 ; 0000 00C3 
                 ; 0000 00C4         lcd_gotoxy(i,0);
0000fc d0da      	RCALL SUBOPT_0x0
                 ; 0000 00C5         lcd_putchar(4);
0000fd d0ee      	RCALL SUBOPT_0x4
                 ; 0000 00C6         delay_ms(10);
                 ; 0000 00C7 
                 ; 0000 00C8         lcd_gotoxy(i,0);
0000fe d0d8      	RCALL SUBOPT_0x0
                 ; 0000 00C9         lcd_putchar(5);
0000ff d0f2      	RCALL SUBOPT_0x5
                 ; 0000 00CA         delay_ms(10);
                 ; 0000 00CB 
                 ; 0000 00CC         lcd_gotoxy(i,0);
000100 d0d6      	RCALL SUBOPT_0x0
                 ; 0000 00CD         lcd_putchar(6);
000101 d0f6      	RCALL SUBOPT_0x6
                 ; 0000 00CE         delay_ms(10);
                 ; 0000 00CF 
                 ; 0000 00D0         lcd_gotoxy(i,0);
000102 d0d4      	RCALL SUBOPT_0x0
                 ; 0000 00D1         lcd_putchar(7);
000103 d0fa      	RCALL SUBOPT_0x7
                 ; 0000 00D2         delay_ms(10);
                 ; 0000 00D3 
                 ; 0000 00D4       }
000104 01f2      	MOVW R30,R4
000105 9631      	ADIW R30,1
000106 012f      	MOVW R4,R30
000107 cfe9      	RJMP _0xA
                 _0xB:
                 ; 0000 00D5 
                 ; 0000 00D6       for(i=0;i<=19;i++)
000108 2444      	CLR  R4
000109 2455      	CLR  R5
                 _0xD:
00010a e1e3      	LDI  R30,LOW(19)
00010b e0f0      	LDI  R31,HIGH(19)
00010c 15e4      	CP   R30,R4
00010d 05f5      	CPC  R31,R5
00010e f094      	BRLT _0xE
                 ; 0000 00D7       {
                 ; 0000 00D8         lcd_gotoxy(i,1);
00010f d0f4      	RCALL SUBOPT_0x8
                 ; 0000 00D9         lcd_putchar(1);
000110 d0c9      	RCALL SUBOPT_0x1
                 ; 0000 00DA         delay_ms(10);
                 ; 0000 00DB 
                 ; 0000 00DC         lcd_gotoxy(i,1);
000111 d0f2      	RCALL SUBOPT_0x8
                 ; 0000 00DD         lcd_putchar(2);
000112 d0cd      	RCALL SUBOPT_0x2
                 ; 0000 00DE         delay_ms(10);
                 ; 0000 00DF 
                 ; 0000 00E0         lcd_gotoxy(i,1);
000113 d0f0      	RCALL SUBOPT_0x8
                 ; 0000 00E1         lcd_putchar(3);
000114 d0d1      	RCALL SUBOPT_0x3
                 ; 0000 00E2         delay_ms(10);
                 ; 0000 00E3 
                 ; 0000 00E4         lcd_gotoxy(i,1);
000115 d0ee      	RCALL SUBOPT_0x8
                 ; 0000 00E5         lcd_putchar(4);
000116 d0d5      	RCALL SUBOPT_0x4
                 ; 0000 00E6         delay_ms(10);
                 ; 0000 00E7 
                 ; 0000 00E8         lcd_gotoxy(i,1);
000117 d0ec      	RCALL SUBOPT_0x8
                 ; 0000 00E9         lcd_putchar(5);
000118 d0d9      	RCALL SUBOPT_0x5
                 ; 0000 00EA         delay_ms(10);
                 ; 0000 00EB 
                 ; 0000 00EC         lcd_gotoxy(i,1);
000119 d0ea      	RCALL SUBOPT_0x8
                 ; 0000 00ED         lcd_putchar(6);
00011a d0dd      	RCALL SUBOPT_0x6
                 ; 0000 00EE         delay_ms(10);
                 ; 0000 00EF 
                 ; 0000 00F0         lcd_gotoxy(i,1);
00011b d0e8      	RCALL SUBOPT_0x8
                 ; 0000 00F1         lcd_putchar(7);
00011c d0e1      	RCALL SUBOPT_0x7
                 ; 0000 00F2         delay_ms(10);
                 ; 0000 00F3 
                 ; 0000 00F4       }
00011d 01f2      	MOVW R30,R4
00011e 9631      	ADIW R30,1
00011f 012f      	MOVW R4,R30
000120 cfe9      	RJMP _0xD
                 _0xE:
                 ; 0000 00F5 
                 ; 0000 00F6       for(i=19;i>=0;i--)
000121 e1e3      	LDI  R30,LOW(19)
000122 e0f0      	LDI  R31,HIGH(19)
000123 012f      	MOVW R4,R30
                 _0x10:
000124 2400      	CLR  R0
000125 1440      	CP   R4,R0
000126 0450      	CPC  R5,R0
000127 f0a4      	BRLT _0x11
                 ; 0000 00F7       {
                 ; 0000 00F8         lcd_gotoxy(i,1);
000128 d0db      	RCALL SUBOPT_0x8
                 ; 0000 00F9         lcd_putchar(7);
000129 d0d4      	RCALL SUBOPT_0x7
                 ; 0000 00FA         delay_ms(10);
                 ; 0000 00FB 
                 ; 0000 00FC         lcd_gotoxy(i,1);
00012a d0d9      	RCALL SUBOPT_0x8
                 ; 0000 00FD         lcd_putchar(6);
00012b d0cc      	RCALL SUBOPT_0x6
                 ; 0000 00FE         delay_ms(10);
                 ; 0000 00FF 
                 ; 0000 0100         lcd_gotoxy(i,1);
00012c d0d7      	RCALL SUBOPT_0x8
                 ; 0000 0101         lcd_putchar(5);
00012d d0c4      	RCALL SUBOPT_0x5
                 ; 0000 0102         delay_ms(10);
                 ; 0000 0103 
                 ; 0000 0104         lcd_gotoxy(i,1);
00012e d0d5      	RCALL SUBOPT_0x8
                 ; 0000 0105         lcd_putchar(4);
00012f d0bc      	RCALL SUBOPT_0x4
                 ; 0000 0106         delay_ms(10);
                 ; 0000 0107 
                 ; 0000 0108         lcd_gotoxy(i,1);
000130 d0d3      	RCALL SUBOPT_0x8
                 ; 0000 0109         lcd_putchar(3);
000131 d0b4      	RCALL SUBOPT_0x3
                 ; 0000 010A         delay_ms(10);
                 ; 0000 010B 
                 ; 0000 010C         lcd_gotoxy(i,1);
000132 d0d1      	RCALL SUBOPT_0x8
                 ; 0000 010D         lcd_putchar(2);
000133 d0ac      	RCALL SUBOPT_0x2
                 ; 0000 010E         delay_ms(10);
                 ; 0000 010F 
                 ; 0000 0110         lcd_gotoxy(i,1);
000134 d0cf      	RCALL SUBOPT_0x8
                 ; 0000 0111         lcd_putchar(1);
000135 d0a4      	RCALL SUBOPT_0x1
                 ; 0000 0112         delay_ms(10);
                 ; 0000 0113 
                 ; 0000 0114         lcd_gotoxy(i,1);
000136 d0cd      	RCALL SUBOPT_0x8
                 ; 0000 0115         lcd_putchar(0);
000137 d0cf      	RCALL SUBOPT_0x9
                 ; 0000 0116         delay_ms(10);
                 ; 0000 0117 
                 ; 0000 0118       }
000138 01f2      	MOVW R30,R4
000139 9731      	SBIW R30,1
00013a 012f      	MOVW R4,R30
00013b cfe8      	RJMP _0x10
                 _0x11:
                 ; 0000 0119 
                 ; 0000 011A       for(i=19;i>=0;i--)
00013c e1e3      	LDI  R30,LOW(19)
00013d e0f0      	LDI  R31,HIGH(19)
00013e 012f      	MOVW R4,R30
                 _0x13:
00013f 2400      	CLR  R0
000140 1440      	CP   R4,R0
000141 0450      	CPC  R5,R0
000142 f0a4      	BRLT _0x14
                 ; 0000 011B       {
                 ; 0000 011C         lcd_gotoxy(i,0);
000143 d093      	RCALL SUBOPT_0x0
                 ; 0000 011D         lcd_putchar(7);
000144 d0b9      	RCALL SUBOPT_0x7
                 ; 0000 011E         delay_ms(10);
                 ; 0000 011F 
                 ; 0000 0120         lcd_gotoxy(i,0);
000145 d091      	RCALL SUBOPT_0x0
                 ; 0000 0121         lcd_putchar(6);
000146 d0b1      	RCALL SUBOPT_0x6
                 ; 0000 0122         delay_ms(10);
                 ; 0000 0123 
                 ; 0000 0124         lcd_gotoxy(i,0);
000147 d08f      	RCALL SUBOPT_0x0
                 ; 0000 0125         lcd_putchar(5);
000148 d0a9      	RCALL SUBOPT_0x5
                 ; 0000 0126         delay_ms(10);
                 ; 0000 0127 
                 ; 0000 0128         lcd_gotoxy(i,0);
000149 d08d      	RCALL SUBOPT_0x0
                 ; 0000 0129         lcd_putchar(4);
00014a d0a1      	RCALL SUBOPT_0x4
                 ; 0000 012A         delay_ms(10);
                 ; 0000 012B 
                 ; 0000 012C         lcd_gotoxy(i,0);
00014b d08b      	RCALL SUBOPT_0x0
                 ; 0000 012D         lcd_putchar(3);
00014c d099      	RCALL SUBOPT_0x3
                 ; 0000 012E         delay_ms(10);
                 ; 0000 012F 
                 ; 0000 0130         lcd_gotoxy(i,0);
00014d d089      	RCALL SUBOPT_0x0
                 ; 0000 0131         lcd_putchar(2);
00014e d091      	RCALL SUBOPT_0x2
                 ; 0000 0132         delay_ms(10);
                 ; 0000 0133 
                 ; 0000 0134         lcd_gotoxy(i,0);
00014f d087      	RCALL SUBOPT_0x0
                 ; 0000 0135         lcd_putchar(1);
000150 d089      	RCALL SUBOPT_0x1
                 ; 0000 0136         delay_ms(10);
                 ; 0000 0137 
                 ; 0000 0138         lcd_gotoxy(i,0);
000151 d085      	RCALL SUBOPT_0x0
                 ; 0000 0139         lcd_putchar(0);
000152 d0b4      	RCALL SUBOPT_0x9
                 ; 0000 013A         delay_ms(10);
                 ; 0000 013B 
                 ; 0000 013C       }
000153 01f2      	MOVW R30,R4
000154 9731      	SBIW R30,1
000155 012f      	MOVW R4,R30
000156 cfe8      	RJMP _0x13
                 _0x14:
                 ; 0000 013D 
                 ; 0000 013E 
                 ; 0000 013F       }
000157 cf97      	RJMP _0x6
                 ; 0000 0140 }
                 _0x15:
000158 cfff      	RJMP _0x15
                 ; .FEND
                 	#ifndef __SLEEP_DEFINED__
                 	#endif
                 
                 	.DSEG
                 
                 	.CSEG
                 __lcd_write_nibble_G100:
                 ; .FSTART __lcd_write_nibble_G100
000159 93aa      	ST   -Y,R26
00015a b3eb      	IN   R30,0x1B
00015b 70ef      	ANDI R30,LOW(0xF)
00015c 2fae      	MOV  R26,R30
00015d 81e8      	LD   R30,Y
00015e 7fe0      	ANDI R30,LOW(0xF0)
00015f 2bea      	OR   R30,R26
000160 bbeb      	OUT  0x1B,R30
                +
000161 e08d     +LDI R24 , LOW ( 13 )
                +__DELAY_USB_LOOP :
000162 958a     +DEC R24
000163 f7f1     +BRNE __DELAY_USB_LOOP
                 	__DELAY_USB 13
000164 9ada      	SBI  0x1B,2
                +
000165 e08d     +LDI R24 , LOW ( 13 )
                +__DELAY_USB_LOOP :
000166 958a     +DEC R24
000167 f7f1     +BRNE __DELAY_USB_LOOP
                 	__DELAY_USB 13
000168 98da      	CBI  0x1B,2
                +
000169 e08d     +LDI R24 , LOW ( 13 )
                +__DELAY_USB_LOOP :
00016a 958a     +DEC R24
00016b f7f1     +BRNE __DELAY_USB_LOOP
                 	__DELAY_USB 13
00016c c068      	RJMP _0x2020001
                 ; .FEND
                 __lcd_write_data:
                 ; .FSTART __lcd_write_data
00016d 93aa      	ST   -Y,R26
00016e 81a8      	LD   R26,Y
00016f dfe9      	RCALL __lcd_write_nibble_G100
000170 81e8          ld    r30,y
000171 95e2          swap  r30
000172 83e8          st    y,r30
000173 81a8      	LD   R26,Y
000174 dfe4      	RCALL __lcd_write_nibble_G100
                +
000175 e885     +LDI R24 , LOW ( 133 )
                +__DELAY_USB_LOOP :
000176 958a     +DEC R24
000177 f7f1     +BRNE __DELAY_USB_LOOP
                 	__DELAY_USB 133
000178 c05c      	RJMP _0x2020001
                 ; .FEND
                 _lcd_write_byte:
                 ; .FSTART _lcd_write_byte
000179 93aa      	ST   -Y,R26
00017a 81a9      	LDD  R26,Y+1
00017b dff1      	RCALL __lcd_write_data
00017c 9ad8      	SBI  0x1B,0
00017d 81a8      	LD   R26,Y
00017e dfee      	RCALL __lcd_write_data
00017f 98d8      	CBI  0x1B,0
000180 c00b      	RJMP _0x2020002
                 ; .FEND
                 _lcd_gotoxy:
                 ; .FSTART _lcd_gotoxy
000181 93aa      	ST   -Y,R26
000182 81e8      	LD   R30,Y
000183 e0f0      	LDI  R31,0
000184 5ae0      	SUBI R30,LOW(-__base_y_G100)
000185 4ffe      	SBCI R31,HIGH(-__base_y_G100)
000186 81e0      	LD   R30,Z
000187 81a9      	LDD  R26,Y+1
000188 0fae      	ADD  R26,R30
000189 dfe3      	RCALL __lcd_write_data
00018a 8079      	LDD  R7,Y+1
00018b 8068      	LDD  R6,Y+0
                 _0x2020002:
00018c 9622      	ADIW R28,2
00018d 9508      	RET
                 ; .FEND
                 _lcd_clear:
                 ; .FSTART _lcd_clear
00018e e0a2      	LDI  R26,LOW(2)
00018f d07d      	RCALL SUBOPT_0xA
000190 e0ac      	LDI  R26,LOW(12)
000191 dfdb      	RCALL __lcd_write_data
000192 e0a1      	LDI  R26,LOW(1)
000193 d079      	RCALL SUBOPT_0xA
000194 e0e0      	LDI  R30,LOW(0)
000195 2e6e      	MOV  R6,R30
000196 2e7e      	MOV  R7,R30
000197 9508      	RET
                 ; .FEND
                 _lcd_putchar:
                 ; .FSTART _lcd_putchar
000198 93aa      	ST   -Y,R26
000199 81a8      	LD   R26,Y
00019a 30aa      	CPI  R26,LOW(0xA)
00019b f011      	BREQ _0x2000005
00019c 1479      	CP   R7,R9
00019d f040      	BRLO _0x2000004
                 _0x2000005:
00019e e0e0      	LDI  R30,LOW(0)
00019f 93ea      	ST   -Y,R30
0001a0 9463      	INC  R6
0001a1 2da6      	MOV  R26,R6
0001a2 dfde      	RCALL _lcd_gotoxy
0001a3 81a8      	LD   R26,Y
0001a4 30aa      	CPI  R26,LOW(0xA)
0001a5 f179      	BREQ _0x2020001
                 _0x2000004:
0001a6 9473      	INC  R7
0001a7 9ad8      	SBI  0x1B,0
0001a8 81a8      	LD   R26,Y
0001a9 dfc3      	RCALL __lcd_write_data
0001aa 98d8      	CBI  0x1B,0
0001ab c029      	RJMP _0x2020001
                 ; .FEND
                 _lcd_init:
                 ; .FSTART _lcd_init
0001ac 93aa      	ST   -Y,R26
0001ad b3ea      	IN   R30,0x1A
0001ae 6fe0      	ORI  R30,LOW(0xF0)
0001af bbea      	OUT  0x1A,R30
0001b0 9ad2      	SBI  0x1A,2
0001b1 9ad0      	SBI  0x1A,0
0001b2 9ad1      	SBI  0x1A,1
0001b3 98da      	CBI  0x1B,2
0001b4 98d8      	CBI  0x1B,0
0001b5 98d9      	CBI  0x1B,1
0001b6 8098      	LDD  R9,Y+0
0001b7 81e8      	LD   R30,Y
0001b8 58e0      	SUBI R30,-LOW(128)
                +
0001b9 93e0 0162+STS __base_y_G100 + ( 2 ) , R30
                 	__PUTB1MN __base_y_G100,2
0001bb 81e8      	LD   R30,Y
0001bc 54e0      	SUBI R30,-LOW(192)
                +
0001bd 93e0 0163+STS __base_y_G100 + ( 3 ) , R30
                 	__PUTB1MN __base_y_G100,3
0001bf e1a4      	LDI  R26,LOW(20)
0001c0 e0b0      	LDI  R27,0
0001c1 940e 0219 	CALL _delay_ms
0001c3 d04e      	RCALL SUBOPT_0xB
0001c4 d04d      	RCALL SUBOPT_0xB
0001c5 d04c      	RCALL SUBOPT_0xB
0001c6 e2a0      	LDI  R26,LOW(32)
0001c7 df91      	RCALL __lcd_write_nibble_G100
                +
0001c8 ec88     +LDI R24 , LOW ( 200 )
0001c9 e090     +LDI R25 , HIGH ( 200 )
                +__DELAY_USW_LOOP :
0001ca 9701     +SBIW R24 , 1
0001cb f7f1     +BRNE __DELAY_USW_LOOP
                 	__DELAY_USW 200
0001cc e2a8      	LDI  R26,LOW(40)
0001cd df9f      	RCALL __lcd_write_data
0001ce e0a4      	LDI  R26,LOW(4)
0001cf df9d      	RCALL __lcd_write_data
0001d0 e8a5      	LDI  R26,LOW(133)
0001d1 df9b      	RCALL __lcd_write_data
0001d2 e0a6      	LDI  R26,LOW(6)
0001d3 df99      	RCALL __lcd_write_data
0001d4 dfb9      	RCALL _lcd_clear
                 _0x2020001:
0001d5 9621      	ADIW R28,1
0001d6 9508      	RET
                 ; .FEND
                 
                 	.DSEG
                 __base_y_G100:
000160           	.BYTE 0x4
                 
                 	.CSEG
                 ;OPTIMIZER ADDED SUBROUTINE, CALLED 15 TIMES, CODE SIZE REDUCTION:25 WORDS
                 SUBOPT_0x0:
0001d7 924a      	ST   -Y,R4
0001d8 e0a0      	LDI  R26,LOW(0)
0001d9 cfa7      	RJMP _lcd_gotoxy
                 
                 ;OPTIMIZER ADDED SUBROUTINE, CALLED 4 TIMES, CODE SIZE REDUCTION:12 WORDS
                 SUBOPT_0x1:
0001da e0a1      	LDI  R26,LOW(1)
0001db dfbc      	RCALL _lcd_putchar
0001dc e0aa      	LDI  R26,LOW(10)
0001dd e0b0      	LDI  R27,0
0001de 940c 0219 	JMP  _delay_ms
                 
                 ;OPTIMIZER ADDED SUBROUTINE, CALLED 4 TIMES, CODE SIZE REDUCTION:12 WORDS
                 SUBOPT_0x2:
0001e0 e0a2      	LDI  R26,LOW(2)
0001e1 dfb6      	RCALL _lcd_putchar
0001e2 e0aa      	LDI  R26,LOW(10)
0001e3 e0b0      	LDI  R27,0
0001e4 940c 0219 	JMP  _delay_ms
                 
                 ;OPTIMIZER ADDED SUBROUTINE, CALLED 4 TIMES, CODE SIZE REDUCTION:12 WORDS
                 SUBOPT_0x3:
0001e6 e0a3      	LDI  R26,LOW(3)
0001e7 dfb0      	RCALL _lcd_putchar
0001e8 e0aa      	LDI  R26,LOW(10)
0001e9 e0b0      	LDI  R27,0
0001ea 940c 0219 	JMP  _delay_ms
                 
                 ;OPTIMIZER ADDED SUBROUTINE, CALLED 4 TIMES, CODE SIZE REDUCTION:12 WORDS
                 SUBOPT_0x4:
0001ec e0a4      	LDI  R26,LOW(4)
0001ed dfaa      	RCALL _lcd_putchar
0001ee e0aa      	LDI  R26,LOW(10)
0001ef e0b0      	LDI  R27,0
0001f0 940c 0219 	JMP  _delay_ms
                 
                 ;OPTIMIZER ADDED SUBROUTINE, CALLED 4 TIMES, CODE SIZE REDUCTION:12 WORDS
                 SUBOPT_0x5:
0001f2 e0a5      	LDI  R26,LOW(5)
0001f3 dfa4      	RCALL _lcd_putchar
0001f4 e0aa      	LDI  R26,LOW(10)
0001f5 e0b0      	LDI  R27,0
0001f6 940c 0219 	JMP  _delay_ms
                 
                 ;OPTIMIZER ADDED SUBROUTINE, CALLED 4 TIMES, CODE SIZE REDUCTION:12 WORDS
                 SUBOPT_0x6:
0001f8 e0a6      	LDI  R26,LOW(6)
0001f9 df9e      	RCALL _lcd_putchar
0001fa e0aa      	LDI  R26,LOW(10)
0001fb e0b0      	LDI  R27,0
0001fc 940c 0219 	JMP  _delay_ms
                 
                 ;OPTIMIZER ADDED SUBROUTINE, CALLED 4 TIMES, CODE SIZE REDUCTION:12 WORDS
                 SUBOPT_0x7:
0001fe e0a7      	LDI  R26,LOW(7)
0001ff df98      	RCALL _lcd_putchar
000200 e0aa      	LDI  R26,LOW(10)
000201 e0b0      	LDI  R27,0
000202 940c 0219 	JMP  _delay_ms
                 
                 ;OPTIMIZER ADDED SUBROUTINE, CALLED 15 TIMES, CODE SIZE REDUCTION:25 WORDS
                 SUBOPT_0x8:
000204 924a      	ST   -Y,R4
000205 e0a1      	LDI  R26,LOW(1)
000206 cf7a      	RJMP _lcd_gotoxy
                 
                 ;OPTIMIZER ADDED SUBROUTINE, CALLED 2 TIMES, CODE SIZE REDUCTION:2 WORDS
                 SUBOPT_0x9:
000207 e0a0      	LDI  R26,LOW(0)
000208 df8f      	RCALL _lcd_putchar
000209 e0aa      	LDI  R26,LOW(10)
00020a e0b0      	LDI  R27,0
00020b 940c 0219 	JMP  _delay_ms
                 
                 ;OPTIMIZER ADDED SUBROUTINE, CALLED 2 TIMES, CODE SIZE REDUCTION:1 WORDS
                 SUBOPT_0xA:
00020d df5f      	RCALL __lcd_write_data
00020e e0a3      	LDI  R26,LOW(3)
00020f e0b0      	LDI  R27,0
000210 940c 0219 	JMP  _delay_ms
                 
                 ;OPTIMIZER ADDED SUBROUTINE, CALLED 3 TIMES, CODE SIZE REDUCTION:7 WORDS
                 SUBOPT_0xB:
000212 e3a0      	LDI  R26,LOW(48)
000213 df45      	RCALL __lcd_write_nibble_G100
                +
000214 ec88     +LDI R24 , LOW ( 200 )
000215 e090     +LDI R25 , HIGH ( 200 )
                +__DELAY_USW_LOOP :
000216 9701     +SBIW R24 , 1
000217 f7f1     +BRNE __DELAY_USW_LOOP
                 	__DELAY_USW 200
000218 9508      	RET
                 
                 
                 	.CSEG
                 _delay_ms:
000219 9610      	adiw r26,0
00021a f039      	breq __delay_ms1
                 __delay_ms0:
00021b 95a8      	wdr
                +
00021c ed80     +LDI R24 , LOW ( 0x7D0 )
00021d e097     +LDI R25 , HIGH ( 0x7D0 )
                +__DELAY_USW_LOOP :
00021e 9701     +SBIW R24 , 1
00021f f7f1     +BRNE __DELAY_USW_LOOP
                 	__DELAY_USW 0x7D0
000220 9711      	sbiw r26,1
000221 f7c9      	brne __delay_ms0
                 __delay_ms1:
000222 9508      	ret
                 
                 ;END OF CODE MARKER
                 __END_OF_CODE:


RESOURCE USE INFORMATION
------------------------

Notice:
The register and instruction counts are symbol table hit counts,
and hence implicitly used resources are not counted, eg, the
'lpm' instruction without operands implicitly uses r0 and z,
none of which are counted.

x,y,z are separate entities in the symbol table and are
counted separately from r26..r31 here.

.dseg memory usage only counts static data declared with .byte

ATmega16 register use summary:
r0 :  10 r1 :   1 r2 :   0 r3 :   0 r4 :  18 r5 :   6 r6 :   4 r7 :   4 
r8 :   0 r9 :   2 r10:   0 r11:   0 r12:   0 r13:   0 r14:   0 r15:   0 
r16:   5 r17:   5 r18:   0 r19:   0 r20:   0 r21:   0 r22:   2 r23:   0 
r24:  21 r25:   5 r26:  65 r27:  12 r28:   4 r29:   1 r30: 125 r31:  29 
x  :   3 y  :  53 z  :   9 
Registers used: 21 out of 35 (60.0%)

ATmega16 instruction use summary:
.lds  :   0 .lds.l:   0 .sts  :   0 .sts.l:   0 adc   :   0 add   :   1 
adiw  :   7 and   :   0 andi  :   2 asr   :   0 bclr  :   0 bld   :   0 
brbc  :   0 brbs  :   0 brcc  :   0 brcs  :   0 break :   0 breq  :   4 
brge  :   0 brhc  :   0 brhs  :   0 brid  :   0 brie  :   0 brlo  :   1 
brlt  :   4 brmi  :   0 brne  :  11 brpl  :   0 brsh  :   1 brtc  :   0 
brts  :   0 brvc  :   0 brvs  :   0 bset  :   0 bst   :   0 call  :   1 
cbi   :   6 cbr   :   0 clc   :   0 clh   :   0 cli   :   1 cln   :   0 
clr   :   8 cls   :   0 clt   :   0 clv   :   0 clz   :   0 com   :   0 
cp    :   5 cpc   :   4 cpi   :   3 cpse  :   0 dec   :   5 des   :   0 
eor   :   0 fmul  :   0 fmuls :   0 fmulsu:   0 icall :   0 ijmp  :   0 
in    :   2 inc   :   3 jmp   :  31 ld    :  12 ldd   :  10 ldi   : 101 
lds   :   0 lpm   :   9 lsl   :   3 lsr   :   0 mov   :   5 movw  :  13 
mul   :   0 muls  :   0 mulsu :   0 neg   :   0 nop   :   0 or    :   1 
ori   :   2 out   :  42 pop   :   0 push  :   0 rcall :  99 ret   :   6 
reti  :   0 rjmp  :  14 rol   :   0 ror   :   0 sbc   :   0 sbci  :   1 
sbi   :   6 sbic  :   0 sbis  :   0 sbiw  :  10 sbr   :   0 sbrc  :   0 
sbrs  :   0 sec   :   0 seh   :   0 sei   :   0 sen   :   0 ser   :   0 
ses   :   0 set   :   0 sev   :   0 sez   :   0 sleep :   0 spm   :   0 
st    :  33 std   :   2 sts   :   2 sub   :   0 subi  :   4 swap  :   1 
tst   :   0 wdr   :   1 
Instructions used: 41 out of 116 (35.3%)

ATmega16 memory use summary [bytes]:
Segment   Begin    End      Code   Data   Used    Size   Use%
---------------------------------------------------------------
[.cseg] 0x000000 0x000446   1020     74   1094   16384   6.7%
[.dseg] 0x000060 0x000164      0      4      4    1024   0.4%
[.eseg] 0x000000 0x000000      0      0      0     512   0.0%

Assembly complete, 0 errors, 5 warnings
