
AVRASM ver. 2.1.30  C:\Users\sadat system\OneDrive\Desktop\riz\s12\Debug\List\b.asm Tue Nov 18 20:04:18 2025

C:\Users\sadat system\OneDrive\Desktop\riz\s12\Debug\List\b.asm(1088): warning: Register r4 already defined by the .DEF directive
C:\Users\sadat system\OneDrive\Desktop\riz\s12\Debug\List\b.asm(1089): warning: Register r5 already defined by the .DEF directive
C:\Users\sadat system\OneDrive\Desktop\riz\s12\Debug\List\b.asm(1090): warning: Register r7 already defined by the .DEF directive
C:\Users\sadat system\OneDrive\Desktop\riz\s12\Debug\List\b.asm(1091): warning: Register r6 already defined by the .DEF directive
C:\Users\sadat system\OneDrive\Desktop\riz\s12\Debug\List\b.asm(1092): warning: Register r9 already defined by the .DEF directive
C:\Users\sadat system\OneDrive\Desktop\riz\s12\Debug\List\b.asm(1093): warning: Register r8 already defined by the .DEF directive
                 
                 
                 ;CodeVisionAVR C Compiler V3.14 Advanced
                 ;(C) Copyright 1998-2014 Pavel Haiduc, HP InfoTech s.r.l.
                 ;http://www.hpinfotech.com
                 
                 ;Build configuration    : Debug
                 ;Chip type              : ATmega16
                 ;Program type           : Application
                 ;Clock frequency        : 8.000000 MHz
                 ;Memory model           : Small
                 ;Optimize for           : Size
                 ;(s)printf features     : int, width
                 ;(s)scanf features      : int, width
                 ;External RAM size      : 0
                 ;Data Stack size        : 256 byte(s)
                 ;Heap size              : 0 byte(s)
                 ;Promote 'char' to 'int': Yes
                 ;'char' is unsigned     : Yes
                 ;8 bit enums            : Yes
                 ;Global 'const' stored in FLASH: Yes
                 ;Enhanced function parameter passing: Yes
                 ;Enhanced core instructions: On
                 ;Automatic register allocation for global variables: On
                 ;Smart register allocation: On
                 
                 	#define _MODEL_SMALL_
                 
                 	#pragma AVRPART ADMIN PART_NAME ATmega16
                 	#pragma AVRPART MEMORY PROG_FLASH 16384
                 	#pragma AVRPART MEMORY EEPROM 512
                 	#pragma AVRPART MEMORY INT_SRAM SIZE 1024
                 	#pragma AVRPART MEMORY INT_SRAM START_ADDR 0x60
                 
                 	#define CALL_SUPPORTED 1
                 
                 	.LISTMAC
                 	.EQU UDRE=0x5
                 	.EQU RXC=0x7
                 	.EQU USR=0xB
                 	.EQU UDR=0xC
                 	.EQU SPSR=0xE
                 	.EQU SPDR=0xF
                 	.EQU EERE=0x0
                 	.EQU EEWE=0x1
                 	.EQU EEMWE=0x2
                 	.EQU EECR=0x1C
                 	.EQU EEDR=0x1D
                 	.EQU EEARL=0x1E
                 	.EQU EEARH=0x1F
                 	.EQU WDTCR=0x21
                 	.EQU MCUCR=0x35
                 	.EQU GICR=0x3B
                 	.EQU SPL=0x3D
                 	.EQU SPH=0x3E
                 	.EQU SREG=0x3F
                 
                 	.DEF R0X0=R0
                 	.DEF R0X1=R1
                 	.DEF R0X2=R2
                 	.DEF R0X3=R3
                 	.DEF R0X4=R4
                 	.DEF R0X5=R5
                 	.DEF R0X6=R6
                 	.DEF R0X7=R7
                 	.DEF R0X8=R8
                 	.DEF R0X9=R9
                 	.DEF R0XA=R10
                 	.DEF R0XB=R11
                 	.DEF R0XC=R12
                 	.DEF R0XD=R13
                 	.DEF R0XE=R14
                 	.DEF R0XF=R15
                 	.DEF R0X10=R16
                 	.DEF R0X11=R17
                 	.DEF R0X12=R18
                 	.DEF R0X13=R19
                 	.DEF R0X14=R20
                 	.DEF R0X15=R21
                 	.DEF R0X16=R22
                 	.DEF R0X17=R23
                 	.DEF R0X18=R24
                 	.DEF R0X19=R25
                 	.DEF R0X1A=R26
                 	.DEF R0X1B=R27
                 	.DEF R0X1C=R28
                 	.DEF R0X1D=R29
                 	.DEF R0X1E=R30
                 	.DEF R0X1F=R31
                 
                 	.EQU __SRAM_START=0x0060
                 	.EQU __SRAM_END=0x045F
                 	.EQU __DSTACK_SIZE=0x0100
                 	.EQU __HEAP_SIZE=0x0000
                 	.EQU __CLEAR_SRAM_SIZE=__SRAM_END-__SRAM_START+1
                 
                 	.MACRO __CPD1N
                 	CPI  R30,LOW(@0)
                 	LDI  R26,HIGH(@0)
                 	CPC  R31,R26
                 	LDI  R26,BYTE3(@0)
                 	CPC  R22,R26
                 	LDI  R26,BYTE4(@0)
                 	CPC  R23,R26
                 	.ENDM
                 
                 	.MACRO __CPD2N
                 	CPI  R26,LOW(@0)
                 	LDI  R30,HIGH(@0)
                 	CPC  R27,R30
                 	LDI  R30,BYTE3(@0)
                 	CPC  R24,R30
                 	LDI  R30,BYTE4(@0)
                 	CPC  R25,R30
                 	.ENDM
                 
                 	.MACRO __CPWRR
                 	CP   R@0,R@2
                 	CPC  R@1,R@3
                 	.ENDM
                 
                 	.MACRO __CPWRN
                 	CPI  R@0,LOW(@2)
                 	LDI  R30,HIGH(@2)
                 	CPC  R@1,R30
                 	.ENDM
                 
                 	.MACRO __ADDB1MN
                 	SUBI R30,LOW(-@0-(@1))
                 	.ENDM
                 
                 	.MACRO __ADDB2MN
                 	SUBI R26,LOW(-@0-(@1))
                 	.ENDM
                 
                 	.MACRO __ADDW1MN
                 	SUBI R30,LOW(-@0-(@1))
                 	SBCI R31,HIGH(-@0-(@1))
                 	.ENDM
                 
                 	.MACRO __ADDW2MN
                 	SUBI R26,LOW(-@0-(@1))
                 	SBCI R27,HIGH(-@0-(@1))
                 	.ENDM
                 
                 	.MACRO __ADDW1FN
                 	SUBI R30,LOW(-2*@0-(@1))
                 	SBCI R31,HIGH(-2*@0-(@1))
                 	.ENDM
                 
                 	.MACRO __ADDD1FN
                 	SUBI R30,LOW(-2*@0-(@1))
                 	SBCI R31,HIGH(-2*@0-(@1))
                 	SBCI R22,BYTE3(-2*@0-(@1))
                 	.ENDM
                 
                 	.MACRO __ADDD1N
                 	SUBI R30,LOW(-@0)
                 	SBCI R31,HIGH(-@0)
                 	SBCI R22,BYTE3(-@0)
                 	SBCI R23,BYTE4(-@0)
                 	.ENDM
                 
                 	.MACRO __ADDD2N
                 	SUBI R26,LOW(-@0)
                 	SBCI R27,HIGH(-@0)
                 	SBCI R24,BYTE3(-@0)
                 	SBCI R25,BYTE4(-@0)
                 	.ENDM
                 
                 	.MACRO __SUBD1N
                 	SUBI R30,LOW(@0)
                 	SBCI R31,HIGH(@0)
                 	SBCI R22,BYTE3(@0)
                 	SBCI R23,BYTE4(@0)
                 	.ENDM
                 
                 	.MACRO __SUBD2N
                 	SUBI R26,LOW(@0)
                 	SBCI R27,HIGH(@0)
                 	SBCI R24,BYTE3(@0)
                 	SBCI R25,BYTE4(@0)
                 	.ENDM
                 
                 	.MACRO __ANDBMNN
                 	LDS  R30,@0+(@1)
                 	ANDI R30,LOW(@2)
                 	STS  @0+(@1),R30
                 	.ENDM
                 
                 	.MACRO __ANDWMNN
                 	LDS  R30,@0+(@1)
                 	ANDI R30,LOW(@2)
                 	STS  @0+(@1),R30
                 	LDS  R30,@0+(@1)+1
                 	ANDI R30,HIGH(@2)
                 	STS  @0+(@1)+1,R30
                 	.ENDM
                 
                 	.MACRO __ANDD1N
                 	ANDI R30,LOW(@0)
                 	ANDI R31,HIGH(@0)
                 	ANDI R22,BYTE3(@0)
                 	ANDI R23,BYTE4(@0)
                 	.ENDM
                 
                 	.MACRO __ANDD2N
                 	ANDI R26,LOW(@0)
                 	ANDI R27,HIGH(@0)
                 	ANDI R24,BYTE3(@0)
                 	ANDI R25,BYTE4(@0)
                 	.ENDM
                 
                 	.MACRO __ORBMNN
                 	LDS  R30,@0+(@1)
                 	ORI  R30,LOW(@2)
                 	STS  @0+(@1),R30
                 	.ENDM
                 
                 	.MACRO __ORWMNN
                 	LDS  R30,@0+(@1)
                 	ORI  R30,LOW(@2)
                 	STS  @0+(@1),R30
                 	LDS  R30,@0+(@1)+1
                 	ORI  R30,HIGH(@2)
                 	STS  @0+(@1)+1,R30
                 	.ENDM
                 
                 	.MACRO __ORD1N
                 	ORI  R30,LOW(@0)
                 	ORI  R31,HIGH(@0)
                 	ORI  R22,BYTE3(@0)
                 	ORI  R23,BYTE4(@0)
                 	.ENDM
                 
                 	.MACRO __ORD2N
                 	ORI  R26,LOW(@0)
                 	ORI  R27,HIGH(@0)
                 	ORI  R24,BYTE3(@0)
                 	ORI  R25,BYTE4(@0)
                 	.ENDM
                 
                 	.MACRO __DELAY_USB
                 	LDI  R24,LOW(@0)
                 __DELAY_USB_LOOP:
                 	DEC  R24
                 	BRNE __DELAY_USB_LOOP
                 	.ENDM
                 
                 	.MACRO __DELAY_USW
                 	LDI  R24,LOW(@0)
                 	LDI  R25,HIGH(@0)
                 __DELAY_USW_LOOP:
                 	SBIW R24,1
                 	BRNE __DELAY_USW_LOOP
                 	.ENDM
                 
                 	.MACRO __GETD1S
                 	LDD  R30,Y+@0
                 	LDD  R31,Y+@0+1
                 	LDD  R22,Y+@0+2
                 	LDD  R23,Y+@0+3
                 	.ENDM
                 
                 	.MACRO __GETD2S
                 	LDD  R26,Y+@0
                 	LDD  R27,Y+@0+1
                 	LDD  R24,Y+@0+2
                 	LDD  R25,Y+@0+3
                 	.ENDM
                 
                 	.MACRO __PUTD1S
                 	STD  Y+@0,R30
                 	STD  Y+@0+1,R31
                 	STD  Y+@0+2,R22
                 	STD  Y+@0+3,R23
                 	.ENDM
                 
                 	.MACRO __PUTD2S
                 	STD  Y+@0,R26
                 	STD  Y+@0+1,R27
                 	STD  Y+@0+2,R24
                 	STD  Y+@0+3,R25
                 	.ENDM
                 
                 	.MACRO __PUTDZ2
                 	STD  Z+@0,R26
                 	STD  Z+@0+1,R27
                 	STD  Z+@0+2,R24
                 	STD  Z+@0+3,R25
                 	.ENDM
                 
                 	.MACRO __CLRD1S
                 	STD  Y+@0,R30
                 	STD  Y+@0+1,R30
                 	STD  Y+@0+2,R30
                 	STD  Y+@0+3,R30
                 	.ENDM
                 
                 	.MACRO __POINTB1MN
                 	LDI  R30,LOW(@0+(@1))
                 	.ENDM
                 
                 	.MACRO __POINTW1MN
                 	LDI  R30,LOW(@0+(@1))
                 	LDI  R31,HIGH(@0+(@1))
                 	.ENDM
                 
                 	.MACRO __POINTD1M
                 	LDI  R30,LOW(@0)
                 	LDI  R31,HIGH(@0)
                 	LDI  R22,BYTE3(@0)
                 	LDI  R23,BYTE4(@0)
                 	.ENDM
                 
                 	.MACRO __POINTW1FN
                 	LDI  R30,LOW(2*@0+(@1))
                 	LDI  R31,HIGH(2*@0+(@1))
                 	.ENDM
                 
                 	.MACRO __POINTD1FN
                 	LDI  R30,LOW(2*@0+(@1))
                 	LDI  R31,HIGH(2*@0+(@1))
                 	LDI  R22,BYTE3(2*@0+(@1))
                 	LDI  R23,BYTE4(2*@0+(@1))
                 	.ENDM
                 
                 	.MACRO __POINTB2MN
                 	LDI  R26,LOW(@0+(@1))
                 	.ENDM
                 
                 	.MACRO __POINTW2MN
                 	LDI  R26,LOW(@0+(@1))
                 	LDI  R27,HIGH(@0+(@1))
                 	.ENDM
                 
                 	.MACRO __POINTW2FN
                 	LDI  R26,LOW(2*@0+(@1))
                 	LDI  R27,HIGH(2*@0+(@1))
                 	.ENDM
                 
                 	.MACRO __POINTD2FN
                 	LDI  R26,LOW(2*@0+(@1))
                 	LDI  R27,HIGH(2*@0+(@1))
                 	LDI  R24,BYTE3(2*@0+(@1))
                 	LDI  R25,BYTE4(2*@0+(@1))
                 	.ENDM
                 
                 	.MACRO __POINTBRM
                 	LDI  R@0,LOW(@1)
                 	.ENDM
                 
                 	.MACRO __POINTWRM
                 	LDI  R@0,LOW(@2)
                 	LDI  R@1,HIGH(@2)
                 	.ENDM
                 
                 	.MACRO __POINTBRMN
                 	LDI  R@0,LOW(@1+(@2))
                 	.ENDM
                 
                 	.MACRO __POINTWRMN
                 	LDI  R@0,LOW(@2+(@3))
                 	LDI  R@1,HIGH(@2+(@3))
                 	.ENDM
                 
                 	.MACRO __POINTWRFN
                 	LDI  R@0,LOW(@2*2+(@3))
                 	LDI  R@1,HIGH(@2*2+(@3))
                 	.ENDM
                 
                 	.MACRO __GETD1N
                 	LDI  R30,LOW(@0)
                 	LDI  R31,HIGH(@0)
                 	LDI  R22,BYTE3(@0)
                 	LDI  R23,BYTE4(@0)
                 	.ENDM
                 
                 	.MACRO __GETD2N
                 	LDI  R26,LOW(@0)
                 	LDI  R27,HIGH(@0)
                 	LDI  R24,BYTE3(@0)
                 	LDI  R25,BYTE4(@0)
                 	.ENDM
                 
                 	.MACRO __GETB1MN
                 	LDS  R30,@0+(@1)
                 	.ENDM
                 
                 	.MACRO __GETB1HMN
                 	LDS  R31,@0+(@1)
                 	.ENDM
                 
                 	.MACRO __GETW1MN
                 	LDS  R30,@0+(@1)
                 	LDS  R31,@0+(@1)+1
                 	.ENDM
                 
                 	.MACRO __GETD1MN
                 	LDS  R30,@0+(@1)
                 	LDS  R31,@0+(@1)+1
                 	LDS  R22,@0+(@1)+2
                 	LDS  R23,@0+(@1)+3
                 	.ENDM
                 
                 	.MACRO __GETBRMN
                 	LDS  R@0,@1+(@2)
                 	.ENDM
                 
                 	.MACRO __GETWRMN
                 	LDS  R@0,@2+(@3)
                 	LDS  R@1,@2+(@3)+1
                 	.ENDM
                 
                 	.MACRO __GETWRZ
                 	LDD  R@0,Z+@2
                 	LDD  R@1,Z+@2+1
                 	.ENDM
                 
                 	.MACRO __GETD2Z
                 	LDD  R26,Z+@0
                 	LDD  R27,Z+@0+1
                 	LDD  R24,Z+@0+2
                 	LDD  R25,Z+@0+3
                 	.ENDM
                 
                 	.MACRO __GETB2MN
                 	LDS  R26,@0+(@1)
                 	.ENDM
                 
                 	.MACRO __GETW2MN
                 	LDS  R26,@0+(@1)
                 	LDS  R27,@0+(@1)+1
                 	.ENDM
                 
                 	.MACRO __GETD2MN
                 	LDS  R26,@0+(@1)
                 	LDS  R27,@0+(@1)+1
                 	LDS  R24,@0+(@1)+2
                 	LDS  R25,@0+(@1)+3
                 	.ENDM
                 
                 	.MACRO __PUTB1MN
                 	STS  @0+(@1),R30
                 	.ENDM
                 
                 	.MACRO __PUTW1MN
                 	STS  @0+(@1),R30
                 	STS  @0+(@1)+1,R31
                 	.ENDM
                 
                 	.MACRO __PUTD1MN
                 	STS  @0+(@1),R30
                 	STS  @0+(@1)+1,R31
                 	STS  @0+(@1)+2,R22
                 	STS  @0+(@1)+3,R23
                 	.ENDM
                 
                 	.MACRO __PUTB1EN
                 	LDI  R26,LOW(@0+(@1))
                 	LDI  R27,HIGH(@0+(@1))
                 	CALL __EEPROMWRB
                 	.ENDM
                 
                 	.MACRO __PUTW1EN
                 	LDI  R26,LOW(@0+(@1))
                 	LDI  R27,HIGH(@0+(@1))
                 	CALL __EEPROMWRW
                 	.ENDM
                 
                 	.MACRO __PUTD1EN
                 	LDI  R26,LOW(@0+(@1))
                 	LDI  R27,HIGH(@0+(@1))
                 	CALL __EEPROMWRD
                 	.ENDM
                 
                 	.MACRO __PUTBR0MN
                 	STS  @0+(@1),R0
                 	.ENDM
                 
                 	.MACRO __PUTBMRN
                 	STS  @0+(@1),R@2
                 	.ENDM
                 
                 	.MACRO __PUTWMRN
                 	STS  @0+(@1),R@2
                 	STS  @0+(@1)+1,R@3
                 	.ENDM
                 
                 	.MACRO __PUTBZR
                 	STD  Z+@1,R@0
                 	.ENDM
                 
                 	.MACRO __PUTWZR
                 	STD  Z+@2,R@0
                 	STD  Z+@2+1,R@1
                 	.ENDM
                 
                 	.MACRO __GETW1R
                 	MOV  R30,R@0
                 	MOV  R31,R@1
                 	.ENDM
                 
                 	.MACRO __GETW2R
                 	MOV  R26,R@0
                 	MOV  R27,R@1
                 	.ENDM
                 
                 	.MACRO __GETWRN
                 	LDI  R@0,LOW(@2)
                 	LDI  R@1,HIGH(@2)
                 	.ENDM
                 
                 	.MACRO __PUTW1R
                 	MOV  R@0,R30
                 	MOV  R@1,R31
                 	.ENDM
                 
                 	.MACRO __PUTW2R
                 	MOV  R@0,R26
                 	MOV  R@1,R27
                 	.ENDM
                 
                 	.MACRO __ADDWRN
                 	SUBI R@0,LOW(-@2)
                 	SBCI R@1,HIGH(-@2)
                 	.ENDM
                 
                 	.MACRO __ADDWRR
                 	ADD  R@0,R@2
                 	ADC  R@1,R@3
                 	.ENDM
                 
                 	.MACRO __SUBWRN
                 	SUBI R@0,LOW(@2)
                 	SBCI R@1,HIGH(@2)
                 	.ENDM
                 
                 	.MACRO __SUBWRR
                 	SUB  R@0,R@2
                 	SBC  R@1,R@3
                 	.ENDM
                 
                 	.MACRO __ANDWRN
                 	ANDI R@0,LOW(@2)
                 	ANDI R@1,HIGH(@2)
                 	.ENDM
                 
                 	.MACRO __ANDWRR
                 	AND  R@0,R@2
                 	AND  R@1,R@3
                 	.ENDM
                 
                 	.MACRO __ORWRN
                 	ORI  R@0,LOW(@2)
                 	ORI  R@1,HIGH(@2)
                 	.ENDM
                 
                 	.MACRO __ORWRR
                 	OR   R@0,R@2
                 	OR   R@1,R@3
                 	.ENDM
                 
                 	.MACRO __EORWRR
                 	EOR  R@0,R@2
                 	EOR  R@1,R@3
                 	.ENDM
                 
                 	.MACRO __GETWRS
                 	LDD  R@0,Y+@2
                 	LDD  R@1,Y+@2+1
                 	.ENDM
                 
                 	.MACRO __PUTBSR
                 	STD  Y+@1,R@0
                 	.ENDM
                 
                 	.MACRO __PUTWSR
                 	STD  Y+@2,R@0
                 	STD  Y+@2+1,R@1
                 	.ENDM
                 
                 	.MACRO __MOVEWRR
                 	MOV  R@0,R@2
                 	MOV  R@1,R@3
                 	.ENDM
                 
                 	.MACRO __INWR
                 	IN   R@0,@2
                 	IN   R@1,@2+1
                 	.ENDM
                 
                 	.MACRO __OUTWR
                 	OUT  @2+1,R@1
                 	OUT  @2,R@0
                 	.ENDM
                 
                 	.MACRO __CALL1MN
                 	LDS  R30,@0+(@1)
                 	LDS  R31,@0+(@1)+1
                 	ICALL
                 	.ENDM
                 
                 	.MACRO __CALL1FN
                 	LDI  R30,LOW(2*@0+(@1))
                 	LDI  R31,HIGH(2*@0+(@1))
                 	CALL __GETW1PF
                 	ICALL
                 	.ENDM
                 
                 	.MACRO __CALL2EN
                 	PUSH R26
                 	PUSH R27
                 	LDI  R26,LOW(@0+(@1))
                 	LDI  R27,HIGH(@0+(@1))
                 	CALL __EEPROMRDW
                 	POP  R27
                 	POP  R26
                 	ICALL
                 	.ENDM
                 
                 	.MACRO __CALL2EX
                 	SUBI R26,LOW(-@0)
                 	SBCI R27,HIGH(-@0)
                 	CALL __EEPROMRDD
                 	ICALL
                 	.ENDM
                 
                 	.MACRO __GETW1STACK
                 	IN   R30,SPL
                 	IN   R31,SPH
                 	ADIW R30,@0+1
                 	LD   R0,Z+
                 	LD   R31,Z
                 	MOV  R30,R0
                 	.ENDM
                 
                 	.MACRO __GETD1STACK
                 	IN   R30,SPL
                 	IN   R31,SPH
                 	ADIW R30,@0+1
                 	LD   R0,Z+
                 	LD   R1,Z+
                 	LD   R22,Z
                 	MOVW R30,R0
                 	.ENDM
                 
                 	.MACRO __NBST
                 	BST  R@0,@1
                 	IN   R30,SREG
                 	LDI  R31,0x40
                 	EOR  R30,R31
                 	OUT  SREG,R30
                 	.ENDM
                 
                 
                 	.MACRO __PUTB1SN
                 	LDD  R26,Y+@0
                 	LDD  R27,Y+@0+1
                 	SUBI R26,LOW(-@1)
                 	SBCI R27,HIGH(-@1)
                 	ST   X,R30
                 	.ENDM
                 
                 	.MACRO __PUTW1SN
                 	LDD  R26,Y+@0
                 	LDD  R27,Y+@0+1
                 	SUBI R26,LOW(-@1)
                 	SBCI R27,HIGH(-@1)
                 	ST   X+,R30
                 	ST   X,R31
                 	.ENDM
                 
                 	.MACRO __PUTD1SN
                 	LDD  R26,Y+@0
                 	LDD  R27,Y+@0+1
                 	SUBI R26,LOW(-@1)
                 	SBCI R27,HIGH(-@1)
                 	CALL __PUTDP1
                 	.ENDM
                 
                 	.MACRO __PUTB1SNS
                 	LDD  R26,Y+@0
                 	LDD  R27,Y+@0+1
                 	ADIW R26,@1
                 	ST   X,R30
                 	.ENDM
                 
                 	.MACRO __PUTW1SNS
                 	LDD  R26,Y+@0
                 	LDD  R27,Y+@0+1
                 	ADIW R26,@1
                 	ST   X+,R30
                 	ST   X,R31
                 	.ENDM
                 
                 	.MACRO __PUTD1SNS
                 	LDD  R26,Y+@0
                 	LDD  R27,Y+@0+1
                 	ADIW R26,@1
                 	CALL __PUTDP1
                 	.ENDM
                 
                 	.MACRO __PUTB1PMN
                 	LDS  R26,@0
                 	LDS  R27,@0+1
                 	SUBI R26,LOW(-@1)
                 	SBCI R27,HIGH(-@1)
                 	ST   X,R30
                 	.ENDM
                 
                 	.MACRO __PUTW1PMN
                 	LDS  R26,@0
                 	LDS  R27,@0+1
                 	SUBI R26,LOW(-@1)
                 	SBCI R27,HIGH(-@1)
                 	ST   X+,R30
                 	ST   X,R31
                 	.ENDM
                 
                 	.MACRO __PUTD1PMN
                 	LDS  R26,@0
                 	LDS  R27,@0+1
                 	SUBI R26,LOW(-@1)
                 	SBCI R27,HIGH(-@1)
                 	CALL __PUTDP1
                 	.ENDM
                 
                 	.MACRO __PUTB1PMNS
                 	LDS  R26,@0
                 	LDS  R27,@0+1
                 	ADIW R26,@1
                 	ST   X,R30
                 	.ENDM
                 
                 	.MACRO __PUTW1PMNS
                 	LDS  R26,@0
                 	LDS  R27,@0+1
                 	ADIW R26,@1
                 	ST   X+,R30
                 	ST   X,R31
                 	.ENDM
                 
                 	.MACRO __PUTD1PMNS
                 	LDS  R26,@0
                 	LDS  R27,@0+1
                 	ADIW R26,@1
                 	CALL __PUTDP1
                 	.ENDM
                 
                 	.MACRO __PUTB1RN
                 	MOVW R26,R@0
                 	SUBI R26,LOW(-@1)
                 	SBCI R27,HIGH(-@1)
                 	ST   X,R30
                 	.ENDM
                 
                 	.MACRO __PUTW1RN
                 	MOVW R26,R@0
                 	SUBI R26,LOW(-@1)
                 	SBCI R27,HIGH(-@1)
                 	ST   X+,R30
                 	ST   X,R31
                 	.ENDM
                 
                 	.MACRO __PUTD1RN
                 	MOVW R26,R@0
                 	SUBI R26,LOW(-@1)
                 	SBCI R27,HIGH(-@1)
                 	CALL __PUTDP1
                 	.ENDM
                 
                 	.MACRO __PUTB1RNS
                 	MOVW R26,R@0
                 	ADIW R26,@1
                 	ST   X,R30
                 	.ENDM
                 
                 	.MACRO __PUTW1RNS
                 	MOVW R26,R@0
                 	ADIW R26,@1
                 	ST   X+,R30
                 	ST   X,R31
                 	.ENDM
                 
                 	.MACRO __PUTD1RNS
                 	MOVW R26,R@0
                 	ADIW R26,@1
                 	CALL __PUTDP1
                 	.ENDM
                 
                 	.MACRO __PUTB1RON
                 	MOV  R26,R@0
                 	MOV  R27,R@1
                 	SUBI R26,LOW(-@2)
                 	SBCI R27,HIGH(-@2)
                 	ST   X,R30
                 	.ENDM
                 
                 	.MACRO __PUTW1RON
                 	MOV  R26,R@0
                 	MOV  R27,R@1
                 	SUBI R26,LOW(-@2)
                 	SBCI R27,HIGH(-@2)
                 	ST   X+,R30
                 	ST   X,R31
                 	.ENDM
                 
                 	.MACRO __PUTD1RON
                 	MOV  R26,R@0
                 	MOV  R27,R@1
                 	SUBI R26,LOW(-@2)
                 	SBCI R27,HIGH(-@2)
                 	CALL __PUTDP1
                 	.ENDM
                 
                 	.MACRO __PUTB1RONS
                 	MOV  R26,R@0
                 	MOV  R27,R@1
                 	ADIW R26,@2
                 	ST   X,R30
                 	.ENDM
                 
                 	.MACRO __PUTW1RONS
                 	MOV  R26,R@0
                 	MOV  R27,R@1
                 	ADIW R26,@2
                 	ST   X+,R30
                 	ST   X,R31
                 	.ENDM
                 
                 	.MACRO __PUTD1RONS
                 	MOV  R26,R@0
                 	MOV  R27,R@1
                 	ADIW R26,@2
                 	CALL __PUTDP1
                 	.ENDM
                 
                 
                 	.MACRO __GETB1SX
                 	MOVW R30,R28
                 	SUBI R30,LOW(-@0)
                 	SBCI R31,HIGH(-@0)
                 	LD   R30,Z
                 	.ENDM
                 
                 	.MACRO __GETB1HSX
                 	MOVW R30,R28
                 	SUBI R30,LOW(-@0)
                 	SBCI R31,HIGH(-@0)
                 	LD   R31,Z
                 	.ENDM
                 
                 	.MACRO __GETW1SX
                 	MOVW R30,R28
                 	SUBI R30,LOW(-@0)
                 	SBCI R31,HIGH(-@0)
                 	LD   R0,Z+
                 	LD   R31,Z
                 	MOV  R30,R0
                 	.ENDM
                 
                 	.MACRO __GETD1SX
                 	MOVW R30,R28
                 	SUBI R30,LOW(-@0)
                 	SBCI R31,HIGH(-@0)
                 	LD   R0,Z+
                 	LD   R1,Z+
                 	LD   R22,Z+
                 	LD   R23,Z
                 	MOVW R30,R0
                 	.ENDM
                 
                 	.MACRO __GETB2SX
                 	MOVW R26,R28
                 	SUBI R26,LOW(-@0)
                 	SBCI R27,HIGH(-@0)
                 	LD   R26,X
                 	.ENDM
                 
                 	.MACRO __GETW2SX
                 	MOVW R26,R28
                 	SUBI R26,LOW(-@0)
                 	SBCI R27,HIGH(-@0)
                 	LD   R0,X+
                 	LD   R27,X
                 	MOV  R26,R0
                 	.ENDM
                 
                 	.MACRO __GETD2SX
                 	MOVW R26,R28
                 	SUBI R26,LOW(-@0)
                 	SBCI R27,HIGH(-@0)
                 	LD   R0,X+
                 	LD   R1,X+
                 	LD   R24,X+
                 	LD   R25,X
                 	MOVW R26,R0
                 	.ENDM
                 
                 	.MACRO __GETBRSX
                 	MOVW R30,R28
                 	SUBI R30,LOW(-@1)
                 	SBCI R31,HIGH(-@1)
                 	LD   R@0,Z
                 	.ENDM
                 
                 	.MACRO __GETWRSX
                 	MOVW R30,R28
                 	SUBI R30,LOW(-@2)
                 	SBCI R31,HIGH(-@2)
                 	LD   R@0,Z+
                 	LD   R@1,Z
                 	.ENDM
                 
                 	.MACRO __GETBRSX2
                 	MOVW R26,R28
                 	SUBI R26,LOW(-@1)
                 	SBCI R27,HIGH(-@1)
                 	LD   R@0,X
                 	.ENDM
                 
                 	.MACRO __GETWRSX2
                 	MOVW R26,R28
                 	SUBI R26,LOW(-@2)
                 	SBCI R27,HIGH(-@2)
                 	LD   R@0,X+
                 	LD   R@1,X
                 	.ENDM
                 
                 	.MACRO __LSLW8SX
                 	MOVW R30,R28
                 	SUBI R30,LOW(-@0)
                 	SBCI R31,HIGH(-@0)
                 	LD   R31,Z
                 	CLR  R30
                 	.ENDM
                 
                 	.MACRO __PUTB1SX
                 	MOVW R26,R28
                 	SUBI R26,LOW(-@0)
                 	SBCI R27,HIGH(-@0)
                 	ST   X,R30
                 	.ENDM
                 
                 	.MACRO __PUTW1SX
                 	MOVW R26,R28
                 	SUBI R26,LOW(-@0)
                 	SBCI R27,HIGH(-@0)
                 	ST   X+,R30
                 	ST   X,R31
                 	.ENDM
                 
                 	.MACRO __PUTD1SX
                 	MOVW R26,R28
                 	SUBI R26,LOW(-@0)
                 	SBCI R27,HIGH(-@0)
                 	ST   X+,R30
                 	ST   X+,R31
                 	ST   X+,R22
                 	ST   X,R23
                 	.ENDM
                 
                 	.MACRO __CLRW1SX
                 	MOVW R26,R28
                 	SUBI R26,LOW(-@0)
                 	SBCI R27,HIGH(-@0)
                 	ST   X+,R30
                 	ST   X,R30
                 	.ENDM
                 
                 	.MACRO __CLRD1SX
                 	MOVW R26,R28
                 	SUBI R26,LOW(-@0)
                 	SBCI R27,HIGH(-@0)
                 	ST   X+,R30
                 	ST   X+,R30
                 	ST   X+,R30
                 	ST   X,R30
                 	.ENDM
                 
                 	.MACRO __PUTB2SX
                 	MOVW R30,R28
                 	SUBI R30,LOW(-@0)
                 	SBCI R31,HIGH(-@0)
                 	ST   Z,R26
                 	.ENDM
                 
                 	.MACRO __PUTW2SX
                 	MOVW R30,R28
                 	SUBI R30,LOW(-@0)
                 	SBCI R31,HIGH(-@0)
                 	ST   Z+,R26
                 	ST   Z,R27
                 	.ENDM
                 
                 	.MACRO __PUTD2SX
                 	MOVW R30,R28
                 	SUBI R30,LOW(-@0)
                 	SBCI R31,HIGH(-@0)
                 	ST   Z+,R26
                 	ST   Z+,R27
                 	ST   Z+,R24
                 	ST   Z,R25
                 	.ENDM
                 
                 	.MACRO __PUTBSRX
                 	MOVW R30,R28
                 	SUBI R30,LOW(-@1)
                 	SBCI R31,HIGH(-@1)
                 	ST   Z,R@0
                 	.ENDM
                 
                 	.MACRO __PUTWSRX
                 	MOVW R30,R28
                 	SUBI R30,LOW(-@2)
                 	SBCI R31,HIGH(-@2)
                 	ST   Z+,R@0
                 	ST   Z,R@1
                 	.ENDM
                 
                 	.MACRO __PUTB1SNX
                 	MOVW R26,R28
                 	SUBI R26,LOW(-@0)
                 	SBCI R27,HIGH(-@0)
                 	LD   R0,X+
                 	LD   R27,X
                 	MOV  R26,R0
                 	SUBI R26,LOW(-@1)
                 	SBCI R27,HIGH(-@1)
                 	ST   X,R30
                 	.ENDM
                 
                 	.MACRO __PUTW1SNX
                 	MOVW R26,R28
                 	SUBI R26,LOW(-@0)
                 	SBCI R27,HIGH(-@0)
                 	LD   R0,X+
                 	LD   R27,X
                 	MOV  R26,R0
                 	SUBI R26,LOW(-@1)
                 	SBCI R27,HIGH(-@1)
                 	ST   X+,R30
                 	ST   X,R31
                 	.ENDM
                 
                 	.MACRO __PUTD1SNX
                 	MOVW R26,R28
                 	SUBI R26,LOW(-@0)
                 	SBCI R27,HIGH(-@0)
                 	LD   R0,X+
                 	LD   R27,X
                 	MOV  R26,R0
                 	SUBI R26,LOW(-@1)
                 	SBCI R27,HIGH(-@1)
                 	ST   X+,R30
                 	ST   X+,R31
                 	ST   X+,R22
                 	ST   X,R23
                 	.ENDM
                 
                 	.MACRO __MULBRR
                 	MULS R@0,R@1
                 	MOVW R30,R0
                 	.ENDM
                 
                 	.MACRO __MULBRRU
                 	MUL  R@0,R@1
                 	MOVW R30,R0
                 	.ENDM
                 
                 	.MACRO __MULBRR0
                 	MULS R@0,R@1
                 	.ENDM
                 
                 	.MACRO __MULBRRU0
                 	MUL  R@0,R@1
                 	.ENDM
                 
                 	.MACRO __MULBNWRU
                 	LDI  R26,@2
                 	MUL  R26,R@0
                 	MOVW R30,R0
                 	MUL  R26,R@1
                 	ADD  R31,R0
                 	.ENDM
                 
                 ;NAME DEFINITIONS FOR GLOBAL VARIABLES ALLOCATED TO REGISTERS
                 	.DEF _i=R4
                 	.DEF _i_msb=R5
                 	.DEF _op=R7
                 	.DEF __lcd_x=R6
                 	.DEF __lcd_y=R9
                 	.DEF __lcd_maxx=R8
                 
                 	.CSEG
                 	.ORG 0x00
                 
                 ;START OF CODE MARKER
                 __START_OF_CODE:
                 
                 ;INTERRUPT VECTORS
000000 940c 0033 	JMP  __RESET
000002 940c 0000 	JMP  0x00
000004 940c 0000 	JMP  0x00
000006 940c 0000 	JMP  0x00
000008 940c 0000 	JMP  0x00
00000a 940c 0000 	JMP  0x00
00000c 940c 0000 	JMP  0x00
00000e 940c 0000 	JMP  0x00
000010 940c 0000 	JMP  0x00
000012 940c 0000 	JMP  0x00
000014 940c 0000 	JMP  0x00
000016 940c 0000 	JMP  0x00
000018 940c 0000 	JMP  0x00
00001a 940c 0000 	JMP  0x00
00001c 940c 0000 	JMP  0x00
00001e 940c 0000 	JMP  0x00
000020 940c 0000 	JMP  0x00
000022 940c 0000 	JMP  0x00
000024 940c 0000 	JMP  0x00
000026 940c 0000 	JMP  0x00
000028 940c 0000 	JMP  0x00
                 
                 ;GLOBAL REGISTER VARIABLES INITIALIZATION
                 __REG_VARS:
00002a 0000      	.DB  0x0,0x0
                 
                 _0x2000003:
00002b c080      	.DB  0x80,0xC0
                 
                 __GLOBAL_INI_TBL:
00002c 0002      	.DW  0x02
00002d 0004      	.DW  0x04
00002e 0054      	.DW  __REG_VARS*2
                 
00002f 0002      	.DW  0x02
000030 0160      	.DW  __base_y_G100
000031 0056      	.DW  _0x2000003*2
                 
                 _0xFFFFFFFF:
000032 0000      	.DW  0
                 
                 #define __GLOBAL_INI_TBL_PRESENT 1
                 
                 __RESET:
000033 94f8      	CLI
000034 27ee      	CLR  R30
000035 bbec      	OUT  EECR,R30
                 
                 ;INTERRUPT VECTORS ARE PLACED
                 ;AT THE START OF FLASH
000036 e0f1      	LDI  R31,1
000037 bffb      	OUT  GICR,R31
000038 bfeb      	OUT  GICR,R30
000039 bfe5      	OUT  MCUCR,R30
                 
                 ;CLEAR R2-R14
00003a e08d      	LDI  R24,(14-2)+1
00003b e0a2      	LDI  R26,2
00003c 27bb      	CLR  R27
                 __CLEAR_REG:
00003d 93ed      	ST   X+,R30
00003e 958a      	DEC  R24
00003f f7e9      	BRNE __CLEAR_REG
                 
                 ;CLEAR SRAM
000040 e080      	LDI  R24,LOW(__CLEAR_SRAM_SIZE)
000041 e094      	LDI  R25,HIGH(__CLEAR_SRAM_SIZE)
000042 e6a0      	LDI  R26,__SRAM_START
                 __CLEAR_SRAM:
000043 93ed      	ST   X+,R30
000044 9701      	SBIW R24,1
000045 f7e9      	BRNE __CLEAR_SRAM
                 
                 ;GLOBAL VARIABLES INITIALIZATION
000046 e5e8      	LDI  R30,LOW(__GLOBAL_INI_TBL*2)
000047 e0f0      	LDI  R31,HIGH(__GLOBAL_INI_TBL*2)
                 __GLOBAL_INI_NEXT:
000048 9185      	LPM  R24,Z+
000049 9195      	LPM  R25,Z+
00004a 9700      	SBIW R24,0
00004b f061      	BREQ __GLOBAL_INI_END
00004c 91a5      	LPM  R26,Z+
00004d 91b5      	LPM  R27,Z+
00004e 9005      	LPM  R0,Z+
00004f 9015      	LPM  R1,Z+
000050 01bf      	MOVW R22,R30
000051 01f0      	MOVW R30,R0
                 __GLOBAL_INI_LOOP:
000052 9005      	LPM  R0,Z+
000053 920d      	ST   X+,R0
000054 9701      	SBIW R24,1
000055 f7e1      	BRNE __GLOBAL_INI_LOOP
000056 01fb      	MOVW R30,R22
000057 cff0      	RJMP __GLOBAL_INI_NEXT
                 __GLOBAL_INI_END:
                 
                 ;HARDWARE STACK POINTER INITIALIZATION
000058 e5ef      	LDI  R30,LOW(__SRAM_END-__HEAP_SIZE)
000059 bfed      	OUT  SPL,R30
00005a e0e4      	LDI  R30,HIGH(__SRAM_END-__HEAP_SIZE)
00005b bfee      	OUT  SPH,R30
                 
                 ;DATA STACK POINTER INITIALIZATION
00005c e6c0      	LDI  R28,LOW(__SRAM_START+__DSTACK_SIZE)
00005d e0d1      	LDI  R29,HIGH(__SRAM_START+__DSTACK_SIZE)
                 
00005e 940c 0060 	JMP  _main
                 
                 	.ESEG
                 	.ORG 0
                 
                 	.DSEG
                 	.ORG 0x160
                 
                 	.CSEG
                 ;
                 ;
                 ;        #include <mega16.h>
                 	#ifndef __SLEEP_DEFINED__
                 	#define __SLEEP_DEFINED__
                 	.EQU __se_bit=0x40
                 	.EQU __sm_mask=0xB0
                 	.EQU __sm_powerdown=0x20
                 	.EQU __sm_powersave=0x30
                 	.EQU __sm_standby=0xA0
                 	.EQU __sm_ext_standby=0xB0
                 	.EQU __sm_adc_noise_red=0x10
                 	.SET power_ctrl_reg=mcucr
                 	#endif
                 ;        #include <delay.h>
                 ;        #include <alcd.h>
                 ;        int i=0;
                 ;        unsigned char op;
                 ;
                 ;        // Declare your global variables here
                 ;
                 ;        void main(void)
                 ; 0000 000C         {
                 
                 	.CSEG
                 _main:
                 ; .FSTART _main
                 ; 0000 000D         // Declare your local variables here
                 ; 0000 000E 
                 ; 0000 000F         // Input/Output Ports initialization
                 ; 0000 0010         // Port A initialization
                 ; 0000 0011         // Function: Bit7=In Bit6=In Bit5=In Bit4=In Bit3=In Bit2=In Bit1=In Bit0=In
                 ; 0000 0012         DDRA=(0<<DDA7) | (0<<DDA6) | (0<<DDA5) | (0<<DDA4) | (0<<DDA3) | (0<<DDA2) | (0<<DDA1) | (0<<DDA0);
000060 e0e0      	LDI  R30,LOW(0)
000061 bbea      	OUT  0x1A,R30
                 ; 0000 0013         // State: Bit7=T Bit6=T Bit5=T Bit4=T Bit3=T Bit2=T Bit1=T Bit0=T
                 ; 0000 0014         PORTA=(0<<PORTA7) | (0<<PORTA6) | (0<<PORTA5) | (0<<PORTA4) | (0<<PORTA3) | (0<<PORTA2) | (0<<PORTA1) | (0<<PORT ...
000062 bbeb      	OUT  0x1B,R30
                 ; 0000 0015 
                 ; 0000 0016         // Port B initialization
                 ; 0000 0017         // Function: Bit7=In Bit6=In Bit5=In Bit4=In Bit3=In Bit2=In Bit1=In Bit0=In
                 ; 0000 0018         DDRB=(0<<DDB7) | (0<<DDB6) | (0<<DDB5) | (0<<DDB4) | (0<<DDB3) | (0<<DDB2) | (0<<DDB1) | (0<<DDB0);
000063 bbe7      	OUT  0x17,R30
                 ; 0000 0019         // State: Bit7=T Bit6=T Bit5=T Bit4=T Bit3=T Bit2=T Bit1=T Bit0=T
                 ; 0000 001A         PORTB=(0<<PORTB7) | (0<<PORTB6) | (0<<PORTB5) | (0<<PORTB4) | (0<<PORTB3) | (0<<PORTB2) | (0<<PORTB1) | (0<<PORT ...
000064 bbe8      	OUT  0x18,R30
                 ; 0000 001B 
                 ; 0000 001C         // Port C initialization
                 ; 0000 001D         // Function: Bit7=In Bit6=In Bit5=In Bit4=In Bit3=In Bit2=In Bit1=In Bit0=In
                 ; 0000 001E         DDRC=(0<<DDC7) | (0<<DDC6) | (0<<DDC5) | (0<<DDC4) | (0<<DDC3) | (0<<DDC2) | (0<<DDC1) | (0<<DDC0);
000065 bbe4      	OUT  0x14,R30
                 ; 0000 001F         // State: Bit7=T Bit6=T Bit5=T Bit4=T Bit3=T Bit2=T Bit1=T Bit0=T
                 ; 0000 0020         PORTC=(0<<PORTC7) | (0<<PORTC6) | (0<<PORTC5) | (0<<PORTC4) | (0<<PORTC3) | (0<<PORTC2) | (0<<PORTC1) | (0<<PORT ...
000066 bbe5      	OUT  0x15,R30
                 ; 0000 0021 
                 ; 0000 0022         // Port D initialization
                 ; 0000 0023         // Function: Bit7=In Bit6=In Bit5=In Bit4=In Bit3=In Bit2=In Bit1=In Bit0=In
                 ; 0000 0024         DDRD=(0<<DDD7) | (0<<DDD6) | (0<<DDD5) | (0<<DDD4) | (0<<DDD3) | (0<<DDD2) | (0<<DDD1) | (0<<DDD0);
000067 bbe1      	OUT  0x11,R30
                 ; 0000 0025         // State: Bit7=T Bit6=T Bit5=T Bit4=T Bit3=T Bit2=T Bit1=T Bit0=T
                 ; 0000 0026         PORTD=(0<<PORTD7) | (0<<PORTD6) | (0<<PORTD5) | (0<<PORTD4) | (0<<PORTD3) | (0<<PORTD2) | (0<<PORTD1) | (0<<PORT ...
000068 bbe2      	OUT  0x12,R30
                 ; 0000 0027 
                 ; 0000 0028         // Timer/Counter 0 initialization
                 ; 0000 0029         // Clock source: System Clock
                 ; 0000 002A         // Clock value: Timer 0 Stopped
                 ; 0000 002B         // Mode: Normal top=0xFF
                 ; 0000 002C         // OC0 output: Disconnected
                 ; 0000 002D         TCCR0=(0<<WGM00) | (0<<COM01) | (0<<COM00) | (0<<WGM01) | (0<<CS02) | (0<<CS01) | (0<<CS00);
000069 bfe3      	OUT  0x33,R30
                 ; 0000 002E         TCNT0=0x00;
00006a bfe2      	OUT  0x32,R30
                 ; 0000 002F         OCR0=0x00;
00006b bfec      	OUT  0x3C,R30
                 ; 0000 0030 
                 ; 0000 0031         // Timer/Counter 1 initialization
                 ; 0000 0032         // Clock source: System Clock
                 ; 0000 0033         // Clock value: Timer1 Stopped
                 ; 0000 0034         // Mode: Normal top=0xFFFF
                 ; 0000 0035         // OC1A output: Disconnected
                 ; 0000 0036         // OC1B output: Disconnected
                 ; 0000 0037         // Noise Canceler: Off
                 ; 0000 0038         // Input Capture on Falling Edge
                 ; 0000 0039         // Timer1 Overflow Interrupt: Off
                 ; 0000 003A         // Input Capture Interrupt: Off
                 ; 0000 003B         // Compare A Match Interrupt: Off
                 ; 0000 003C         // Compare B Match Interrupt: Off
                 ; 0000 003D         TCCR1A=(0<<COM1A1) | (0<<COM1A0) | (0<<COM1B1) | (0<<COM1B0) | (0<<WGM11) | (0<<WGM10);
00006c bdef      	OUT  0x2F,R30
                 ; 0000 003E         TCCR1B=(0<<ICNC1) | (0<<ICES1) | (0<<WGM13) | (0<<WGM12) | (0<<CS12) | (0<<CS11) | (0<<CS10);
00006d bdee      	OUT  0x2E,R30
                 ; 0000 003F         TCNT1H=0x00;
00006e bded      	OUT  0x2D,R30
                 ; 0000 0040         TCNT1L=0x00;
00006f bdec      	OUT  0x2C,R30
                 ; 0000 0041         ICR1H=0x00;
000070 bde7      	OUT  0x27,R30
                 ; 0000 0042         ICR1L=0x00;
000071 bde6      	OUT  0x26,R30
                 ; 0000 0043         OCR1AH=0x00;
000072 bdeb      	OUT  0x2B,R30
                 ; 0000 0044         OCR1AL=0x00;
000073 bdea      	OUT  0x2A,R30
                 ; 0000 0045         OCR1BH=0x00;
000074 bde9      	OUT  0x29,R30
                 ; 0000 0046         OCR1BL=0x00;
000075 bde8      	OUT  0x28,R30
                 ; 0000 0047 
                 ; 0000 0048         // Timer/Counter 2 initialization
                 ; 0000 0049         // Clock source: System Clock
                 ; 0000 004A         // Clock value: Timer2 Stopped
                 ; 0000 004B         // Mode: Normal top=0xFF
                 ; 0000 004C         // OC2 output: Disconnected
                 ; 0000 004D         ASSR=0<<AS2;
000076 bde2      	OUT  0x22,R30
                 ; 0000 004E         TCCR2=(0<<PWM2) | (0<<COM21) | (0<<COM20) | (0<<CTC2) | (0<<CS22) | (0<<CS21) | (0<<CS20);
000077 bde5      	OUT  0x25,R30
                 ; 0000 004F         TCNT2=0x00;
000078 bde4      	OUT  0x24,R30
                 ; 0000 0050         OCR2=0x00;
000079 bde3      	OUT  0x23,R30
                 ; 0000 0051 
                 ; 0000 0052         // Timer(s)/Counter(s) Interrupt(s) initialization
                 ; 0000 0053         TIMSK=(0<<OCIE2) | (0<<TOIE2) | (0<<TICIE1) | (0<<OCIE1A) | (0<<OCIE1B) | (0<<TOIE1) | (0<<OCIE0) | (0<<TOIE0);
00007a bfe9      	OUT  0x39,R30
                 ; 0000 0054 
                 ; 0000 0055         // External Interrupt(s) initialization
                 ; 0000 0056         // INT0: Off
                 ; 0000 0057         // INT1: Off
                 ; 0000 0058         // INT2: Off
                 ; 0000 0059         MCUCR=(0<<ISC11) | (0<<ISC10) | (0<<ISC01) | (0<<ISC00);
00007b bfe5      	OUT  0x35,R30
                 ; 0000 005A         MCUCSR=(0<<ISC2);
00007c bfe4      	OUT  0x34,R30
                 ; 0000 005B 
                 ; 0000 005C         // USART initialization
                 ; 0000 005D         // USART disabled
                 ; 0000 005E         UCSRB=(0<<RXCIE) | (0<<TXCIE) | (0<<UDRIE) | (0<<RXEN) | (0<<TXEN) | (0<<UCSZ2) | (0<<RXB8) | (0<<TXB8);
00007d b9ea      	OUT  0xA,R30
                 ; 0000 005F 
                 ; 0000 0060         // Analog Comparator initialization
                 ; 0000 0061         // Analog Comparator: Off
                 ; 0000 0062         // The Analog Comparator's positive input is
                 ; 0000 0063         // connected to the AIN0 pin
                 ; 0000 0064         // The Analog Comparator's negative input is
                 ; 0000 0065         // connected to the AIN1 pin
                 ; 0000 0066         ACSR=(1<<ACD) | (0<<ACBG) | (0<<ACO) | (0<<ACI) | (0<<ACIE) | (0<<ACIC) | (0<<ACIS1) | (0<<ACIS0);
00007e e8e0      	LDI  R30,LOW(128)
00007f b9e8      	OUT  0x8,R30
                 ; 0000 0067         SFIOR=(0<<ACME);
000080 e0e0      	LDI  R30,LOW(0)
000081 bfe0      	OUT  0x30,R30
                 ; 0000 0068 
                 ; 0000 0069         // ADC initialization
                 ; 0000 006A         // ADC disabled
                 ; 0000 006B         ADCSRA=(0<<ADEN) | (0<<ADSC) | (0<<ADATE) | (0<<ADIF) | (0<<ADIE) | (0<<ADPS2) | (0<<ADPS1) | (0<<ADPS0);
000082 b9e6      	OUT  0x6,R30
                 ; 0000 006C 
                 ; 0000 006D         // SPI initialization
                 ; 0000 006E         // SPI disabled
                 ; 0000 006F         SPCR=(0<<SPIE) | (0<<SPE) | (0<<DORD) | (0<<MSTR) | (0<<CPOL) | (0<<CPHA) | (0<<SPR1) | (0<<SPR0);
000083 b9ed      	OUT  0xD,R30
                 ; 0000 0070 
                 ; 0000 0071         // TWI initialization
                 ; 0000 0072         // TWI disabled
                 ; 0000 0073         TWCR=(0<<TWEA) | (0<<TWSTA) | (0<<TWSTO) | (0<<TWEN) | (0<<TWIE);
000084 bfe6      	OUT  0x36,R30
                 ; 0000 0074 
                 ; 0000 0075         // Alphanumeric LCD initialization
                 ; 0000 0076         // Connections are specified in the
                 ; 0000 0077         // Project|Configure|C Compiler|Libraries|Alphanumeric LCD menu:
                 ; 0000 0078         // RS - PORTA Bit 0
                 ; 0000 0079         // RD - PORTA Bit 1
                 ; 0000 007A         // EN - PORTA Bit 2
                 ; 0000 007B         // D4 - PORTA Bit 4
                 ; 0000 007C         // D5 - PORTA Bit 5
                 ; 0000 007D         // D6 - PORTA Bit 6
                 ; 0000 007E         // D7 - PORTA Bit 7
                 ; 0000 007F         // Characters/line: 8
                 ; 0000 0080 lcd_init(20);
000085 e1a4      	LDI  R26,LOW(20)
000086 940e 0261 	CALL _lcd_init
                 ; 0000 0081 DDRC = 0X0F;
000088 e0ef      	LDI  R30,LOW(15)
000089 bbe4      	OUT  0x14,R30
                 ; 0000 0082 PORTC = 0XF0;
00008a efe0      	LDI  R30,LOW(240)
00008b bbe5      	OUT  0x15,R30
                 ; 0000 0083 while (1)
                 _0x3:
                 ; 0000 0084 {
                 ; 0000 0085     PORTC.0 =0;
00008c 98a8      	CBI  0x15,0
                 ; 0000 0086     PORTC.1 =1;
00008d 9aa9      	SBI  0x15,1
                 ; 0000 0087     PORTC.2 =1;
00008e 9aaa      	SBI  0x15,2
                 ; 0000 0088     PORTC.3 =1;
00008f 9aab      	SBI  0x15,3
                 ; 0000 0089 
                 ; 0000 008A     if(PINC.5 == 0 )
000090 999d      	SBIC 0x13,5
000091 c02c      	RJMP _0xE
                 ; 0000 008B     {
                 ; 0000 008C 
                 ; 0000 008D     while(PINC.5==0)
                 _0xF:
000092 999d      	SBIC 0x13,5
000093 c023      	RJMP _0x11
                 ; 0000 008E     {
                 ; 0000 008F         lcd_gotoxy(i,0);
000094 940e 028c 	CALL SUBOPT_0x0
                 ; 0000 0090         if(PINC.5==0) {op='8' ;lcd_gotoxy(i,0); lcd_putchar(op);delay_ms(100); }
000096 999d      	SBIC 0x13,5
000097 c006      	RJMP _0x12
000098 e3e8      	LDI  R30,LOW(56)
000099 2e7e      	MOV  R7,R30
00009a 940e 028c 	CALL SUBOPT_0x0
00009c 940e 028f 	CALL SUBOPT_0x1
                 ; 0000 0091         if(PINC.5==0) {op='a' ;lcd_gotoxy(i,0); lcd_putchar(op);delay_ms(100);}
                 _0x12:
00009e 999d      	SBIC 0x13,5
00009f c006      	RJMP _0x13
0000a0 e6e1      	LDI  R30,LOW(97)
0000a1 2e7e      	MOV  R7,R30
0000a2 940e 028c 	CALL SUBOPT_0x0
0000a4 940e 028f 	CALL SUBOPT_0x1
                 ; 0000 0092         if(PINC.5==0) {op='b' ;lcd_gotoxy(i,0); lcd_putchar(op);delay_ms(100); }
                 _0x13:
0000a6 999d      	SBIC 0x13,5
0000a7 c006      	RJMP _0x14
0000a8 e6e2      	LDI  R30,LOW(98)
0000a9 2e7e      	MOV  R7,R30
0000aa 940e 028c 	CALL SUBOPT_0x0
0000ac 940e 028f 	CALL SUBOPT_0x1
                 ; 0000 0093         if(PINC.5==0) {op='c' ;lcd_gotoxy(i,0); lcd_putchar(op);delay_ms(100); }
                 _0x14:
0000ae 999d      	SBIC 0x13,5
0000af c006      	RJMP _0x15
0000b0 e6e3      	LDI  R30,LOW(99)
0000b1 2e7e      	MOV  R7,R30
0000b2 940e 028c 	CALL SUBOPT_0x0
0000b4 940e 028f 	CALL SUBOPT_0x1
                 ; 0000 0094     }
                 _0x15:
0000b6 cfdb      	RJMP _0xF
                 _0x11:
                 ; 0000 0095 
                 ; 0000 0096 
                 ; 0000 0097     lcd_gotoxy(i,0);
0000b7 940e 028c 	CALL SUBOPT_0x0
                 ; 0000 0098     lcd_putchar(op);
0000b9 940e 028f 	CALL SUBOPT_0x1
                 ; 0000 0099     delay_ms(100);
                 ; 0000 009A     i++;
0000bb 01f2      	MOVW R30,R4
0000bc 9631      	ADIW R30,1
0000bd 012f      	MOVW R4,R30
                 ; 0000 009B     }
                 ; 0000 009C     if(PINC.4 == 0 )
                 _0xE:
0000be 999c      	SBIC 0x13,4
0000bf c024      	RJMP _0x16
                 ; 0000 009D     {
                 ; 0000 009E 
                 ; 0000 009F 
                 ; 0000 00A0         while(PINC.4==0)
                 _0x17:
0000c0 999c      	SBIC 0x13,4
0000c1 c01d      	RJMP _0x19
                 ; 0000 00A1         {
                 ; 0000 00A2             lcd_gotoxy(i,0);
0000c2 940e 028c 	CALL SUBOPT_0x0
                 ; 0000 00A3             if(PINC.4==0) {op='7' ;lcd_gotoxy(i,0); lcd_putchar(op);delay_ms(100); }
0000c4 999c      	SBIC 0x13,4
0000c5 c006      	RJMP _0x1A
0000c6 e3e7      	LDI  R30,LOW(55)
0000c7 2e7e      	MOV  R7,R30
0000c8 940e 028c 	CALL SUBOPT_0x0
0000ca 940e 028f 	CALL SUBOPT_0x1
                 ; 0000 00A4             if(PINC.4==0) {op='d' ;lcd_gotoxy(i,0); lcd_putchar(op);delay_ms(100);}
                 _0x1A:
0000cc 999c      	SBIC 0x13,4
0000cd c004      	RJMP _0x1B
0000ce e6e4      	LDI  R30,LOW(100)
0000cf 2e7e      	MOV  R7,R30
0000d0 d1bb      	RCALL SUBOPT_0x0
0000d1 d1bd      	RCALL SUBOPT_0x1
                 ; 0000 00A5             if(PINC.4==0) {op='e' ;lcd_gotoxy(i,0); lcd_putchar(op);delay_ms(100); }
                 _0x1B:
0000d2 999c      	SBIC 0x13,4
0000d3 c004      	RJMP _0x1C
0000d4 e6e5      	LDI  R30,LOW(101)
0000d5 2e7e      	MOV  R7,R30
0000d6 d1b5      	RCALL SUBOPT_0x0
0000d7 d1b7      	RCALL SUBOPT_0x1
                 ; 0000 00A6             if(PINC.4==0) {op='f' ;lcd_gotoxy(i,0); lcd_putchar(op);delay_ms(100); }
                 _0x1C:
0000d8 999c      	SBIC 0x13,4
0000d9 c004      	RJMP _0x1D
0000da e6e6      	LDI  R30,LOW(102)
0000db 2e7e      	MOV  R7,R30
0000dc d1af      	RCALL SUBOPT_0x0
0000dd d1b1      	RCALL SUBOPT_0x1
                 ; 0000 00A7         }
                 _0x1D:
0000de cfe1      	RJMP _0x17
                 _0x19:
                 ; 0000 00A8 
                 ; 0000 00A9 
                 ; 0000 00AA         lcd_gotoxy(i,0);
0000df d1ac      	RCALL SUBOPT_0x0
                 ; 0000 00AB         lcd_putchar(op);
0000e0 d1ae      	RCALL SUBOPT_0x1
                 ; 0000 00AC         delay_ms(100);
                 ; 0000 00AD         i++;
0000e1 01f2      	MOVW R30,R4
0000e2 9631      	ADIW R30,1
0000e3 012f      	MOVW R4,R30
                 ; 0000 00AE     }
                 ; 0000 00AF     if(PINC.6 == 0 )
                 _0x16:
0000e4 999e      	SBIC 0x13,6
0000e5 c021      	RJMP _0x1E
                 ; 0000 00B0     {
                 ; 0000 00B1 
                 ; 0000 00B2 
                 ; 0000 00B3         while(PINC.6==0)
                 _0x1F:
0000e6 999e      	SBIC 0x13,6
0000e7 c01a      	RJMP _0x21
                 ; 0000 00B4         {
                 ; 0000 00B5             lcd_gotoxy(i,0);
0000e8 d1a3      	RCALL SUBOPT_0x0
                 ; 0000 00B6             if(PINC.6==0) {op='9' ;lcd_gotoxy(i,0); lcd_putchar(op);delay_ms(100); }
0000e9 999e      	SBIC 0x13,6
0000ea c004      	RJMP _0x22
0000eb e3e9      	LDI  R30,LOW(57)
0000ec 2e7e      	MOV  R7,R30
0000ed d19e      	RCALL SUBOPT_0x0
0000ee d1a0      	RCALL SUBOPT_0x1
                 ; 0000 00B7             if(PINC.6==0) {op='i' ;lcd_gotoxy(i,0); lcd_putchar(op);delay_ms(100);}
                 _0x22:
0000ef 999e      	SBIC 0x13,6
0000f0 c004      	RJMP _0x23
0000f1 e6e9      	LDI  R30,LOW(105)
0000f2 2e7e      	MOV  R7,R30
0000f3 d198      	RCALL SUBOPT_0x0
0000f4 d19a      	RCALL SUBOPT_0x1
                 ; 0000 00B8             if(PINC.6==0) {op='h' ;lcd_gotoxy(i,0); lcd_putchar(op);delay_ms(100); }
                 _0x23:
0000f5 999e      	SBIC 0x13,6
0000f6 c004      	RJMP _0x24
0000f7 e6e8      	LDI  R30,LOW(104)
0000f8 2e7e      	MOV  R7,R30
0000f9 d192      	RCALL SUBOPT_0x0
0000fa d194      	RCALL SUBOPT_0x1
                 ; 0000 00B9             if(PINC.6==0) {op='g' ;lcd_gotoxy(i,0); lcd_putchar(op);delay_ms(100); }
                 _0x24:
0000fb 999e      	SBIC 0x13,6
0000fc c004      	RJMP _0x25
0000fd e6e7      	LDI  R30,LOW(103)
0000fe 2e7e      	MOV  R7,R30
0000ff d18c      	RCALL SUBOPT_0x0
000100 d18e      	RCALL SUBOPT_0x1
                 ; 0000 00BA         }
                 _0x25:
000101 cfe4      	RJMP _0x1F
                 _0x21:
                 ; 0000 00BB 
                 ; 0000 00BC 
                 ; 0000 00BD         lcd_gotoxy(i,0);
000102 d189      	RCALL SUBOPT_0x0
                 ; 0000 00BE         lcd_putchar(op);
000103 d18b      	RCALL SUBOPT_0x1
                 ; 0000 00BF         delay_ms(100);
                 ; 0000 00C0         i++;
000104 01f2      	MOVW R30,R4
000105 9631      	ADIW R30,1
000106 012f      	MOVW R4,R30
                 ; 0000 00C1     }
                 ; 0000 00C2 
                 ; 0000 00C3 
                 ; 0000 00C4     PORTC.0 =1;
                 _0x1E:
000107 9aa8      	SBI  0x15,0
                 ; 0000 00C5     PORTC.1 =0;
000108 98a9      	CBI  0x15,1
                 ; 0000 00C6     PORTC.2 =1;
000109 9aaa      	SBI  0x15,2
                 ; 0000 00C7     PORTC.3 =1;
00010a 9aab      	SBI  0x15,3
                 ; 0000 00C8     if(PINC.4 == 0 )
00010b 999c      	SBIC 0x13,4
00010c c021      	RJMP _0x2E
                 ; 0000 00C9     {
                 ; 0000 00CA 
                 ; 0000 00CB         while(PINC.4==0)
                 _0x2F:
00010d 999c      	SBIC 0x13,4
00010e c01a      	RJMP _0x31
                 ; 0000 00CC         {
                 ; 0000 00CD             lcd_gotoxy(i,0);
00010f d17c      	RCALL SUBOPT_0x0
                 ; 0000 00CE             if(PINC.4==0) {op='4' ;lcd_gotoxy(i,0); lcd_putchar(op);delay_ms(100); }
000110 999c      	SBIC 0x13,4
000111 c004      	RJMP _0x32
000112 e3e4      	LDI  R30,LOW(52)
000113 2e7e      	MOV  R7,R30
000114 d177      	RCALL SUBOPT_0x0
000115 d179      	RCALL SUBOPT_0x1
                 ; 0000 00CF             if(PINC.4==0) {op='g' ;lcd_gotoxy(i,0); lcd_putchar(op);delay_ms(100);}
                 _0x32:
000116 999c      	SBIC 0x13,4
000117 c004      	RJMP _0x33
000118 e6e7      	LDI  R30,LOW(103)
000119 2e7e      	MOV  R7,R30
00011a d171      	RCALL SUBOPT_0x0
00011b d173      	RCALL SUBOPT_0x1
                 ; 0000 00D0             if(PINC.4==0) {op='j' ;lcd_gotoxy(i,0); lcd_putchar(op);delay_ms(100); }
                 _0x33:
00011c 999c      	SBIC 0x13,4
00011d c004      	RJMP _0x34
00011e e6ea      	LDI  R30,LOW(106)
00011f 2e7e      	MOV  R7,R30
000120 d16b      	RCALL SUBOPT_0x0
000121 d16d      	RCALL SUBOPT_0x1
                 ; 0000 00D1             if(PINC.4==0) {op='l' ;lcd_gotoxy(i,0); lcd_putchar(op);delay_ms(100); }
                 _0x34:
000122 999c      	SBIC 0x13,4
000123 c004      	RJMP _0x35
000124 e6ec      	LDI  R30,LOW(108)
000125 2e7e      	MOV  R7,R30
000126 d165      	RCALL SUBOPT_0x0
000127 d167      	RCALL SUBOPT_0x1
                 ; 0000 00D2         }
                 _0x35:
000128 cfe4      	RJMP _0x2F
                 _0x31:
                 ; 0000 00D3 
                 ; 0000 00D4 
                 ; 0000 00D5         lcd_gotoxy(i,0);
000129 d162      	RCALL SUBOPT_0x0
                 ; 0000 00D6         lcd_putchar(op);
00012a d164      	RCALL SUBOPT_0x1
                 ; 0000 00D7         delay_ms(100);
                 ; 0000 00D8         i++;
00012b 01f2      	MOVW R30,R4
00012c 9631      	ADIW R30,1
00012d 012f      	MOVW R4,R30
                 ; 0000 00D9     }
                 ; 0000 00DA 
                 ; 0000 00DB     if(PINC.5 == 0 )
                 _0x2E:
00012e 999d      	SBIC 0x13,5
00012f c021      	RJMP _0x36
                 ; 0000 00DC     {
                 ; 0000 00DD 
                 ; 0000 00DE         while(PINC.5==0)
                 _0x37:
000130 999d      	SBIC 0x13,5
000131 c01a      	RJMP _0x39
                 ; 0000 00DF         {
                 ; 0000 00E0             lcd_gotoxy(i,0);
000132 d159      	RCALL SUBOPT_0x0
                 ; 0000 00E1             if(PINC.5==0) {op='5' ;lcd_gotoxy(i,0); lcd_putchar(op);delay_ms(100); }
000133 999d      	SBIC 0x13,5
000134 c004      	RJMP _0x3A
000135 e3e5      	LDI  R30,LOW(53)
000136 2e7e      	MOV  R7,R30
000137 d154      	RCALL SUBOPT_0x0
000138 d156      	RCALL SUBOPT_0x1
                 ; 0000 00E2             if(PINC.5==0) {op='m' ;lcd_gotoxy(i,0); lcd_putchar(op);delay_ms(100);}
                 _0x3A:
000139 999d      	SBIC 0x13,5
00013a c004      	RJMP _0x3B
00013b e6ed      	LDI  R30,LOW(109)
00013c 2e7e      	MOV  R7,R30
00013d d14e      	RCALL SUBOPT_0x0
00013e d150      	RCALL SUBOPT_0x1
                 ; 0000 00E3             if(PINC.5==0) {op='n' ;lcd_gotoxy(i,0); lcd_putchar(op);delay_ms(100); }
                 _0x3B:
00013f 999d      	SBIC 0x13,5
000140 c004      	RJMP _0x3C
000141 e6ee      	LDI  R30,LOW(110)
000142 2e7e      	MOV  R7,R30
000143 d148      	RCALL SUBOPT_0x0
000144 d14a      	RCALL SUBOPT_0x1
                 ; 0000 00E4             if(PINC.5==0) {op='o' ;lcd_gotoxy(i,0); lcd_putchar(op);delay_ms(100); }
                 _0x3C:
000145 999d      	SBIC 0x13,5
000146 c004      	RJMP _0x3D
000147 e6ef      	LDI  R30,LOW(111)
000148 2e7e      	MOV  R7,R30
000149 d142      	RCALL SUBOPT_0x0
00014a d144      	RCALL SUBOPT_0x1
                 ; 0000 00E5         }
                 _0x3D:
00014b cfe4      	RJMP _0x37
                 _0x39:
                 ; 0000 00E6 
                 ; 0000 00E7 
                 ; 0000 00E8         lcd_gotoxy(i,0);
00014c d13f      	RCALL SUBOPT_0x0
                 ; 0000 00E9         lcd_putchar(op);
00014d d141      	RCALL SUBOPT_0x1
                 ; 0000 00EA         delay_ms(100);
                 ; 0000 00EB         i++;
00014e 01f2      	MOVW R30,R4
00014f 9631      	ADIW R30,1
000150 012f      	MOVW R4,R30
                 ; 0000 00EC     }
                 ; 0000 00ED 
                 ; 0000 00EE     if(PINC.6 == 0 )
                 _0x36:
000151 999e      	SBIC 0x13,6
000152 c021      	RJMP _0x3E
                 ; 0000 00EF     {
                 ; 0000 00F0 
                 ; 0000 00F1         while(PINC.6==0)
                 _0x3F:
000153 999e      	SBIC 0x13,6
000154 c01a      	RJMP _0x41
                 ; 0000 00F2         {
                 ; 0000 00F3             lcd_gotoxy(i,0);
000155 d136      	RCALL SUBOPT_0x0
                 ; 0000 00F4             if(PINC.6==0) {op='6' ;lcd_gotoxy(i,0); lcd_putchar(op);delay_ms(100); }
000156 999e      	SBIC 0x13,6
000157 c004      	RJMP _0x42
000158 e3e6      	LDI  R30,LOW(54)
000159 2e7e      	MOV  R7,R30
00015a d131      	RCALL SUBOPT_0x0
00015b d133      	RCALL SUBOPT_0x1
                 ; 0000 00F5             if(PINC.6==0) {op='p' ;lcd_gotoxy(i,0); lcd_putchar(op);delay_ms(100);}
                 _0x42:
00015c 999e      	SBIC 0x13,6
00015d c004      	RJMP _0x43
00015e e7e0      	LDI  R30,LOW(112)
00015f 2e7e      	MOV  R7,R30
000160 d12b      	RCALL SUBOPT_0x0
000161 d12d      	RCALL SUBOPT_0x1
                 ; 0000 00F6             if(PINC.6==0) {op='q' ;lcd_gotoxy(i,0); lcd_putchar(op);delay_ms(100); }
                 _0x43:
000162 999e      	SBIC 0x13,6
000163 c004      	RJMP _0x44
000164 e7e1      	LDI  R30,LOW(113)
000165 2e7e      	MOV  R7,R30
000166 d125      	RCALL SUBOPT_0x0
000167 d127      	RCALL SUBOPT_0x1
                 ; 0000 00F7             if(PINC.6==0) {op='r' ;lcd_gotoxy(i,0); lcd_putchar(op);delay_ms(100); }
                 _0x44:
000168 999e      	SBIC 0x13,6
000169 c004      	RJMP _0x45
00016a e7e2      	LDI  R30,LOW(114)
00016b 2e7e      	MOV  R7,R30
00016c d11f      	RCALL SUBOPT_0x0
00016d d121      	RCALL SUBOPT_0x1
                 ; 0000 00F8         }
                 _0x45:
00016e cfe4      	RJMP _0x3F
                 _0x41:
                 ; 0000 00F9 
                 ; 0000 00FA 
                 ; 0000 00FB         lcd_gotoxy(i,0);
00016f d11c      	RCALL SUBOPT_0x0
                 ; 0000 00FC         lcd_putchar(op);
000170 d11e      	RCALL SUBOPT_0x1
                 ; 0000 00FD         delay_ms(100);
                 ; 0000 00FE         i++;
000171 01f2      	MOVW R30,R4
000172 9631      	ADIW R30,1
000173 012f      	MOVW R4,R30
                 ; 0000 00FF     }
                 ; 0000 0100 
                 ; 0000 0101     PORTC.0 =1;
                 _0x3E:
000174 9aa8      	SBI  0x15,0
                 ; 0000 0102     PORTC.1 =1;
000175 9aa9      	SBI  0x15,1
                 ; 0000 0103     PORTC.2 =0;
000176 98aa      	CBI  0x15,2
                 ; 0000 0104     PORTC.3 =1;
000177 9aab      	SBI  0x15,3
                 ; 0000 0105     if(PINC.4 == 0 )
000178 999c      	SBIC 0x13,4
000179 c021      	RJMP _0x4E
                 ; 0000 0106     {
                 ; 0000 0107 
                 ; 0000 0108         while(PINC.4==0)
                 _0x4F:
00017a 999c      	SBIC 0x13,4
00017b c01a      	RJMP _0x51
                 ; 0000 0109         {
                 ; 0000 010A             lcd_gotoxy(i,0);
00017c d10f      	RCALL SUBOPT_0x0
                 ; 0000 010B             if(PINC.4==0) {op='1' ;lcd_gotoxy(i,0); lcd_putchar(op);delay_ms(100); }
00017d 999c      	SBIC 0x13,4
00017e c004      	RJMP _0x52
00017f e3e1      	LDI  R30,LOW(49)
000180 2e7e      	MOV  R7,R30
000181 d10a      	RCALL SUBOPT_0x0
000182 d10c      	RCALL SUBOPT_0x1
                 ; 0000 010C             if(PINC.4==0) {op='s' ;lcd_gotoxy(i,0); lcd_putchar(op);delay_ms(100);}
                 _0x52:
000183 999c      	SBIC 0x13,4
000184 c004      	RJMP _0x53
000185 e7e3      	LDI  R30,LOW(115)
000186 2e7e      	MOV  R7,R30
000187 d104      	RCALL SUBOPT_0x0
000188 d106      	RCALL SUBOPT_0x1
                 ; 0000 010D             if(PINC.4==0) {op='t' ;lcd_gotoxy(i,0); lcd_putchar(op);delay_ms(100); }
                 _0x53:
000189 999c      	SBIC 0x13,4
00018a c004      	RJMP _0x54
00018b e7e4      	LDI  R30,LOW(116)
00018c 2e7e      	MOV  R7,R30
00018d d0fe      	RCALL SUBOPT_0x0
00018e d100      	RCALL SUBOPT_0x1
                 ; 0000 010E             if(PINC.4==0) {op='u' ;lcd_gotoxy(i,0); lcd_putchar(op);delay_ms(100); }
                 _0x54:
00018f 999c      	SBIC 0x13,4
000190 c004      	RJMP _0x55
000191 e7e5      	LDI  R30,LOW(117)
000192 2e7e      	MOV  R7,R30
000193 d0f8      	RCALL SUBOPT_0x0
000194 d0fa      	RCALL SUBOPT_0x1
                 ; 0000 010F         }
                 _0x55:
000195 cfe4      	RJMP _0x4F
                 _0x51:
                 ; 0000 0110 
                 ; 0000 0111 
                 ; 0000 0112         lcd_gotoxy(i,0);
000196 d0f5      	RCALL SUBOPT_0x0
                 ; 0000 0113         lcd_putchar(op);
000197 d0f7      	RCALL SUBOPT_0x1
                 ; 0000 0114         delay_ms(100);
                 ; 0000 0115         i++;
000198 01f2      	MOVW R30,R4
000199 9631      	ADIW R30,1
00019a 012f      	MOVW R4,R30
                 ; 0000 0116     }
                 ; 0000 0117 
                 ; 0000 0118     if(PINC.5 == 0 )
                 _0x4E:
00019b 999d      	SBIC 0x13,5
00019c c021      	RJMP _0x56
                 ; 0000 0119     {
                 ; 0000 011A 
                 ; 0000 011B         while(PINC.5==0)
                 _0x57:
00019d 999d      	SBIC 0x13,5
00019e c01a      	RJMP _0x59
                 ; 0000 011C         {
                 ; 0000 011D             lcd_gotoxy(i,0);
00019f d0ec      	RCALL SUBOPT_0x0
                 ; 0000 011E             if(PINC.5==0) {op='2' ;lcd_gotoxy(i,0); lcd_putchar(op);delay_ms(100); }
0001a0 999d      	SBIC 0x13,5
0001a1 c004      	RJMP _0x5A
0001a2 e3e2      	LDI  R30,LOW(50)
0001a3 2e7e      	MOV  R7,R30
0001a4 d0e7      	RCALL SUBOPT_0x0
0001a5 d0e9      	RCALL SUBOPT_0x1
                 ; 0000 011F             if(PINC.5==0) {op='v' ;lcd_gotoxy(i,0); lcd_putchar(op);delay_ms(100);}
                 _0x5A:
0001a6 999d      	SBIC 0x13,5
0001a7 c004      	RJMP _0x5B
0001a8 e7e6      	LDI  R30,LOW(118)
0001a9 2e7e      	MOV  R7,R30
0001aa d0e1      	RCALL SUBOPT_0x0
0001ab d0e3      	RCALL SUBOPT_0x1
                 ; 0000 0120             if(PINC.5==0) {op='w' ;lcd_gotoxy(i,0); lcd_putchar(op);delay_ms(100); }
                 _0x5B:
0001ac 999d      	SBIC 0x13,5
0001ad c004      	RJMP _0x5C
0001ae e7e7      	LDI  R30,LOW(119)
0001af 2e7e      	MOV  R7,R30
0001b0 d0db      	RCALL SUBOPT_0x0
0001b1 d0dd      	RCALL SUBOPT_0x1
                 ; 0000 0121             if(PINC.5==0) {op='x' ;lcd_gotoxy(i,0); lcd_putchar(op);delay_ms(100); }
                 _0x5C:
0001b2 999d      	SBIC 0x13,5
0001b3 c004      	RJMP _0x5D
0001b4 e7e8      	LDI  R30,LOW(120)
0001b5 2e7e      	MOV  R7,R30
0001b6 d0d5      	RCALL SUBOPT_0x0
0001b7 d0d7      	RCALL SUBOPT_0x1
                 ; 0000 0122         }
                 _0x5D:
0001b8 cfe4      	RJMP _0x57
                 _0x59:
                 ; 0000 0123 
                 ; 0000 0124 
                 ; 0000 0125         lcd_gotoxy(i,0);
0001b9 d0d2      	RCALL SUBOPT_0x0
                 ; 0000 0126         lcd_putchar(op);
0001ba d0d4      	RCALL SUBOPT_0x1
                 ; 0000 0127         delay_ms(100);
                 ; 0000 0128         i++;
0001bb 01f2      	MOVW R30,R4
0001bc 9631      	ADIW R30,1
0001bd 012f      	MOVW R4,R30
                 ; 0000 0129     }
                 ; 0000 012A 
                 ; 0000 012B     if(PINC.6 == 0 )
                 _0x56:
0001be 999e      	SBIC 0x13,6
0001bf c021      	RJMP _0x5E
                 ; 0000 012C     {
                 ; 0000 012D 
                 ; 0000 012E         while(PINC.6==0)
                 _0x5F:
0001c0 999e      	SBIC 0x13,6
0001c1 c01a      	RJMP _0x61
                 ; 0000 012F         {
                 ; 0000 0130             lcd_gotoxy(i,0);
0001c2 d0c9      	RCALL SUBOPT_0x0
                 ; 0000 0131             if(PINC.6==0) {op='3' ;lcd_gotoxy(i,0); lcd_putchar(op);delay_ms(100); }
0001c3 999e      	SBIC 0x13,6
0001c4 c004      	RJMP _0x62
0001c5 e3e3      	LDI  R30,LOW(51)
0001c6 2e7e      	MOV  R7,R30
0001c7 d0c4      	RCALL SUBOPT_0x0
0001c8 d0c6      	RCALL SUBOPT_0x1
                 ; 0000 0132             if(PINC.6==0) {op='y' ;lcd_gotoxy(i,0); lcd_putchar(op);delay_ms(100);}
                 _0x62:
0001c9 999e      	SBIC 0x13,6
0001ca c004      	RJMP _0x63
0001cb e7e9      	LDI  R30,LOW(121)
0001cc 2e7e      	MOV  R7,R30
0001cd d0be      	RCALL SUBOPT_0x0
0001ce d0c0      	RCALL SUBOPT_0x1
                 ; 0000 0133             if(PINC.6==0) {op='z' ;lcd_gotoxy(i,0); lcd_putchar(op);delay_ms(100); }
                 _0x63:
0001cf 999e      	SBIC 0x13,6
0001d0 c004      	RJMP _0x64
0001d1 e7ea      	LDI  R30,LOW(122)
0001d2 2e7e      	MOV  R7,R30
0001d3 d0b8      	RCALL SUBOPT_0x0
0001d4 d0ba      	RCALL SUBOPT_0x1
                 ; 0000 0134             if(PINC.6==0) {op='z' ;lcd_gotoxy(i,0); lcd_putchar(op);delay_ms(100); }
                 _0x64:
0001d5 999e      	SBIC 0x13,6
0001d6 c004      	RJMP _0x65
0001d7 e7ea      	LDI  R30,LOW(122)
0001d8 2e7e      	MOV  R7,R30
0001d9 d0b2      	RCALL SUBOPT_0x0
0001da d0b4      	RCALL SUBOPT_0x1
                 ; 0000 0135         }
                 _0x65:
0001db cfe4      	RJMP _0x5F
                 _0x61:
                 ; 0000 0136 
                 ; 0000 0137 
                 ; 0000 0138         lcd_gotoxy(i,0);
0001dc d0af      	RCALL SUBOPT_0x0
                 ; 0000 0139         lcd_putchar(op);
0001dd d0b1      	RCALL SUBOPT_0x1
                 ; 0000 013A         delay_ms(100);
                 ; 0000 013B         i++;
0001de 01f2      	MOVW R30,R4
0001df 9631      	ADIW R30,1
0001e0 012f      	MOVW R4,R30
                 ; 0000 013C     }
                 ; 0000 013D 
                 ; 0000 013E     PORTC.0 =1;
                 _0x5E:
0001e1 9aa8      	SBI  0x15,0
                 ; 0000 013F     PORTC.1 =1;
0001e2 9aa9      	SBI  0x15,1
                 ; 0000 0140     PORTC.2 =1;
0001e3 9aaa      	SBI  0x15,2
                 ; 0000 0141     PORTC.3 =0;
0001e4 98ab      	CBI  0x15,3
                 ; 0000 0142     if(PINC.4 == 0 )
0001e5 999c      	SBIC 0x13,4
0001e6 c00a      	RJMP _0x6E
                 ; 0000 0143     {
                 ; 0000 0144          while(PINC.4==0)
                 _0x6F:
0001e7 999c      	SBIC 0x13,4
0001e8 c006      	RJMP _0x71
                 ; 0000 0145         {
                 ; 0000 0146             lcd_gotoxy(0,0);
0001e9 e0e0      	LDI  R30,LOW(0)
0001ea 93ea      	ST   -Y,R30
0001eb e0a0      	LDI  R26,LOW(0)
0001ec d049      	RCALL _lcd_gotoxy
                 ; 0000 0147             lcd_clear();
0001ed d055      	RCALL _lcd_clear
                 ; 0000 0148 
                 ; 0000 0149         }
0001ee cff8      	RJMP _0x6F
                 _0x71:
                 ; 0000 014A         i=0;
0001ef 2444      	CLR  R4
0001f0 2455      	CLR  R5
                 ; 0000 014B     }
                 ; 0000 014C 
                 ; 0000 014D     if(PINC.5 == 0 )
                 _0x6E:
0001f1 999d      	SBIC 0x13,5
0001f2 c021      	RJMP _0x72
                 ; 0000 014E     {
                 ; 0000 014F 
                 ; 0000 0150         while(PINC.5==0)
                 _0x73:
0001f3 999d      	SBIC 0x13,5
0001f4 c01a      	RJMP _0x75
                 ; 0000 0151         {
                 ; 0000 0152             lcd_gotoxy(i,0);
0001f5 d096      	RCALL SUBOPT_0x0
                 ; 0000 0153             if(PINC.5==0) {op='0' ;lcd_gotoxy(i,0); lcd_putchar(op);delay_ms(100); }
0001f6 999d      	SBIC 0x13,5
0001f7 c004      	RJMP _0x76
0001f8 e3e0      	LDI  R30,LOW(48)
0001f9 2e7e      	MOV  R7,R30
0001fa d091      	RCALL SUBOPT_0x0
0001fb d093      	RCALL SUBOPT_0x1
                 ; 0000 0154             if(PINC.5==0) {op='a' ;lcd_gotoxy(i,0); lcd_putchar(op);delay_ms(100);}
                 _0x76:
0001fc 999d      	SBIC 0x13,5
0001fd c004      	RJMP _0x77
0001fe e6e1      	LDI  R30,LOW(97)
0001ff 2e7e      	MOV  R7,R30
000200 d08b      	RCALL SUBOPT_0x0
000201 d08d      	RCALL SUBOPT_0x1
                 ; 0000 0155             if(PINC.5==0) {op='b' ;lcd_gotoxy(i,0); lcd_putchar(op);delay_ms(100); }
                 _0x77:
000202 999d      	SBIC 0x13,5
000203 c004      	RJMP _0x78
000204 e6e2      	LDI  R30,LOW(98)
000205 2e7e      	MOV  R7,R30
000206 d085      	RCALL SUBOPT_0x0
000207 d087      	RCALL SUBOPT_0x1
                 ; 0000 0156             if(PINC.5==0) {op='c' ;lcd_gotoxy(i,0); lcd_putchar(op);delay_ms(100); }
                 _0x78:
000208 999d      	SBIC 0x13,5
000209 c004      	RJMP _0x79
00020a e6e3      	LDI  R30,LOW(99)
00020b 2e7e      	MOV  R7,R30
00020c d07f      	RCALL SUBOPT_0x0
00020d d081      	RCALL SUBOPT_0x1
                 ; 0000 0157         }
                 _0x79:
00020e cfe4      	RJMP _0x73
                 _0x75:
                 ; 0000 0158 
                 ; 0000 0159 
                 ; 0000 015A         lcd_gotoxy(i,0);
00020f d07c      	RCALL SUBOPT_0x0
                 ; 0000 015B         lcd_putchar(op);
000210 d07e      	RCALL SUBOPT_0x1
                 ; 0000 015C         delay_ms(100);
                 ; 0000 015D         i++;
000211 01f2      	MOVW R30,R4
000212 9631      	ADIW R30,1
000213 012f      	MOVW R4,R30
                 ; 0000 015E      }
                 ; 0000 015F 
                 ; 0000 0160     }
                 _0x72:
000214 ce77      	RJMP _0x3
                 ; 0000 0161 }
                 _0x7A:
000215 cfff      	RJMP _0x7A
                 ; .FEND
                 	#ifndef __SLEEP_DEFINED__
                 	#endif
                 
                 	.DSEG
                 
                 	.CSEG
                 __lcd_write_nibble_G100:
                 ; .FSTART __lcd_write_nibble_G100
000216 93aa      	ST   -Y,R26
000217 b3eb      	IN   R30,0x1B
000218 70ef      	ANDI R30,LOW(0xF)
000219 2fae      	MOV  R26,R30
00021a 81e8      	LD   R30,Y
00021b 7fe0      	ANDI R30,LOW(0xF0)
00021c 2bea      	OR   R30,R26
00021d bbeb      	OUT  0x1B,R30
                +
00021e e08d     +LDI R24 , LOW ( 13 )
                +__DELAY_USB_LOOP :
00021f 958a     +DEC R24
000220 f7f1     +BRNE __DELAY_USB_LOOP
                 	__DELAY_USB 13
000221 9ada      	SBI  0x1B,2
                +
000222 e08d     +LDI R24 , LOW ( 13 )
                +__DELAY_USB_LOOP :
000223 958a     +DEC R24
000224 f7f1     +BRNE __DELAY_USB_LOOP
                 	__DELAY_USB 13
000225 98da      	CBI  0x1B,2
                +
000226 e08d     +LDI R24 , LOW ( 13 )
                +__DELAY_USB_LOOP :
000227 958a     +DEC R24
000228 f7f1     +BRNE __DELAY_USB_LOOP
                 	__DELAY_USB 13
000229 c060      	RJMP _0x2020001
                 ; .FEND
                 __lcd_write_data:
                 ; .FSTART __lcd_write_data
00022a 93aa      	ST   -Y,R26
00022b 81a8      	LD   R26,Y
00022c dfe9      	RCALL __lcd_write_nibble_G100
00022d 81e8          ld    r30,y
00022e 95e2          swap  r30
00022f 83e8          st    y,r30
000230 81a8      	LD   R26,Y
000231 dfe4      	RCALL __lcd_write_nibble_G100
                +
000232 e885     +LDI R24 , LOW ( 133 )
                +__DELAY_USB_LOOP :
000233 958a     +DEC R24
000234 f7f1     +BRNE __DELAY_USB_LOOP
                 	__DELAY_USB 133
000235 c054      	RJMP _0x2020001
                 ; .FEND
                 _lcd_gotoxy:
                 ; .FSTART _lcd_gotoxy
000236 93aa      	ST   -Y,R26
000237 81e8      	LD   R30,Y
000238 e0f0      	LDI  R31,0
000239 5ae0      	SUBI R30,LOW(-__base_y_G100)
00023a 4ffe      	SBCI R31,HIGH(-__base_y_G100)
00023b 81e0      	LD   R30,Z
00023c 81a9      	LDD  R26,Y+1
00023d 0fae      	ADD  R26,R30
00023e dfeb      	RCALL __lcd_write_data
00023f 8069      	LDD  R6,Y+1
000240 8098      	LDD  R9,Y+0
000241 9622      	ADIW R28,2
000242 9508      	RET
                 ; .FEND
                 _lcd_clear:
                 ; .FSTART _lcd_clear
000243 e0a2      	LDI  R26,LOW(2)
000244 d050      	RCALL SUBOPT_0x2
000245 e0ac      	LDI  R26,LOW(12)
000246 dfe3      	RCALL __lcd_write_data
000247 e0a1      	LDI  R26,LOW(1)
000248 d04c      	RCALL SUBOPT_0x2
000249 e0e0      	LDI  R30,LOW(0)
00024a 2e9e      	MOV  R9,R30
00024b 2e6e      	MOV  R6,R30
00024c 9508      	RET
                 ; .FEND
                 _lcd_putchar:
                 ; .FSTART _lcd_putchar
00024d 93aa      	ST   -Y,R26
00024e 81a8      	LD   R26,Y
00024f 30aa      	CPI  R26,LOW(0xA)
000250 f011      	BREQ _0x2000005
000251 1468      	CP   R6,R8
000252 f040      	BRLO _0x2000004
                 _0x2000005:
000253 e0e0      	LDI  R30,LOW(0)
000254 93ea      	ST   -Y,R30
000255 9493      	INC  R9
000256 2da9      	MOV  R26,R9
000257 dfde      	RCALL _lcd_gotoxy
000258 81a8      	LD   R26,Y
000259 30aa      	CPI  R26,LOW(0xA)
00025a f179      	BREQ _0x2020001
                 _0x2000004:
00025b 9463      	INC  R6
00025c 9ad8      	SBI  0x1B,0
00025d 81a8      	LD   R26,Y
00025e dfcb      	RCALL __lcd_write_data
00025f 98d8      	CBI  0x1B,0
000260 c029      	RJMP _0x2020001
                 ; .FEND
                 _lcd_init:
                 ; .FSTART _lcd_init
000261 93aa      	ST   -Y,R26
000262 b3ea      	IN   R30,0x1A
000263 6fe0      	ORI  R30,LOW(0xF0)
000264 bbea      	OUT  0x1A,R30
000265 9ad2      	SBI  0x1A,2
000266 9ad0      	SBI  0x1A,0
000267 9ad1      	SBI  0x1A,1
000268 98da      	CBI  0x1B,2
000269 98d8      	CBI  0x1B,0
00026a 98d9      	CBI  0x1B,1
00026b 8088      	LDD  R8,Y+0
00026c 81e8      	LD   R30,Y
00026d 58e0      	SUBI R30,-LOW(128)
                +
00026e 93e0 0162+STS __base_y_G100 + ( 2 ) , R30
                 	__PUTB1MN __base_y_G100,2
000270 81e8      	LD   R30,Y
000271 54e0      	SUBI R30,-LOW(192)
                +
000272 93e0 0163+STS __base_y_G100 + ( 3 ) , R30
                 	__PUTB1MN __base_y_G100,3
000274 e1a4      	LDI  R26,LOW(20)
000275 e0b0      	LDI  R27,0
000276 940e 02a1 	CALL _delay_ms
000278 d021      	RCALL SUBOPT_0x3
000279 d020      	RCALL SUBOPT_0x3
00027a d01f      	RCALL SUBOPT_0x3
00027b e2a0      	LDI  R26,LOW(32)
00027c df99      	RCALL __lcd_write_nibble_G100
                +
00027d ec88     +LDI R24 , LOW ( 200 )
00027e e090     +LDI R25 , HIGH ( 200 )
                +__DELAY_USW_LOOP :
00027f 9701     +SBIW R24 , 1
000280 f7f1     +BRNE __DELAY_USW_LOOP
                 	__DELAY_USW 200
000281 e2a8      	LDI  R26,LOW(40)
000282 dfa7      	RCALL __lcd_write_data
000283 e0a4      	LDI  R26,LOW(4)
000284 dfa5      	RCALL __lcd_write_data
000285 e8a5      	LDI  R26,LOW(133)
000286 dfa3      	RCALL __lcd_write_data
000287 e0a6      	LDI  R26,LOW(6)
000288 dfa1      	RCALL __lcd_write_data
000289 dfb9      	RCALL _lcd_clear
                 _0x2020001:
00028a 9621      	ADIW R28,1
00028b 9508      	RET
                 ; .FEND
                 
                 	.DSEG
                 __base_y_G100:
000160           	.BYTE 0x4
                 
                 	.CSEG
                 ;OPTIMIZER ADDED SUBROUTINE, CALLED 60 TIMES, CODE SIZE REDUCTION:115 WORDS
                 SUBOPT_0x0:
00028c 924a      	ST   -Y,R4
00028d e0a0      	LDI  R26,LOW(0)
00028e cfa7      	RJMP _lcd_gotoxy
                 
                 ;OPTIMIZER ADDED SUBROUTINE, CALLED 50 TIMES, CODE SIZE REDUCTION:242 WORDS
                 SUBOPT_0x1:
00028f 2da7      	MOV  R26,R7
000290 dfbc      	RCALL _lcd_putchar
000291 e6a4      	LDI  R26,LOW(100)
000292 e0b0      	LDI  R27,0
000293 940c 02a1 	JMP  _delay_ms
                 
                 ;OPTIMIZER ADDED SUBROUTINE, CALLED 2 TIMES, CODE SIZE REDUCTION:1 WORDS
                 SUBOPT_0x2:
000295 df94      	RCALL __lcd_write_data
000296 e0a3      	LDI  R26,LOW(3)
000297 e0b0      	LDI  R27,0
000298 940c 02a1 	JMP  _delay_ms
                 
                 ;OPTIMIZER ADDED SUBROUTINE, CALLED 3 TIMES, CODE SIZE REDUCTION:7 WORDS
                 SUBOPT_0x3:
00029a e3a0      	LDI  R26,LOW(48)
00029b df7a      	RCALL __lcd_write_nibble_G100
                +
00029c ec88     +LDI R24 , LOW ( 200 )
00029d e090     +LDI R25 , HIGH ( 200 )
                +__DELAY_USW_LOOP :
00029e 9701     +SBIW R24 , 1
00029f f7f1     +BRNE __DELAY_USW_LOOP
                 	__DELAY_USW 200
0002a0 9508      	RET
                 
                 
                 	.CSEG
                 _delay_ms:
0002a1 9610      	adiw r26,0
0002a2 f039      	breq __delay_ms1
                 __delay_ms0:
0002a3 95a8      	wdr
                +
0002a4 ed80     +LDI R24 , LOW ( 0x7D0 )
0002a5 e097     +LDI R25 , HIGH ( 0x7D0 )
                +__DELAY_USW_LOOP :
0002a6 9701     +SBIW R24 , 1
0002a7 f7f1     +BRNE __DELAY_USW_LOOP
                 	__DELAY_USW 0x7D0
0002a8 9711      	sbiw r26,1
0002a9 f7c9      	brne __delay_ms0
                 __delay_ms1:
0002aa 9508      	ret
                 
                 ;END OF CODE MARKER
                 __END_OF_CODE:


RESOURCE USE INFORMATION
------------------------

Notice:
The register and instruction counts are symbol table hit counts,
and hence implicitly used resources are not counted, eg, the
'lpm' instruction without operands implicitly uses r0 and z,
none of which are counted.

x,y,z are separate entities in the symbol table and are
counted separately from r26..r31 here.

.dseg memory usage only counts static data declared with .byte

ATmega16 register use summary:
r0 :   4 r1 :   1 r2 :   0 r3 :   0 r4 :  22 r5 :   1 r6 :   4 r7 :  41 
r8 :   2 r9 :   4 r10:   0 r11:   0 r12:   0 r13:   0 r14:   0 r15:   0 
r16:   0 r17:   0 r18:   0 r19:   0 r20:   0 r21:   0 r22:   2 r23:   0 
r24:  21 r25:   5 r26:  38 r27:   5 r28:   3 r29:   1 r30: 195 r31:   5 
x  :   3 y  :  23 z  :   8 
Registers used: 20 out of 35 (57.1%)

ATmega16 instruction use summary:
.lds  :   0 .lds.l:   0 .sts  :   0 .sts.l:   0 adc   :   0 add   :   1 
adiw  :  13 and   :   0 andi  :   2 asr   :   0 bclr  :   0 bld   :   0 
brbc  :   0 brbs  :   0 brcc  :   0 brcs  :   0 break :   0 breq  :   4 
brge  :   0 brhc  :   0 brhs  :   0 brid  :   0 brie  :   0 brlo  :   1 
brlt  :   0 brmi  :   0 brne  :  11 brpl  :   0 brsh  :   0 brtc  :   0 
brts  :   0 brvc  :   0 brvs  :   0 bset  :   0 bst   :   0 call  :  16 
cbi   :   9 cbr   :   0 clc   :   0 clh   :   0 cli   :   1 cln   :   0 
clr   :   4 cls   :   0 clt   :   0 clv   :   0 clz   :   0 com   :   0 
cp    :   1 cpc   :   0 cpi   :   2 cpse  :   0 dec   :   5 des   :   0 
eor   :   0 fmul  :   0 fmuls :   0 fmulsu:   0 icall :   0 ijmp  :   0 
in    :   2 inc   :   2 jmp   :  24 ld    :  11 ldd   :   4 ldi   :  89 
lds   :   0 lpm   :   7 lsl   :   0 lsr   :   0 mov   :  45 movw  :  23 
mul   :   0 muls  :   0 mulsu :   0 neg   :   0 nop   :   0 or    :   1 
ori   :   1 out   :  44 pop   :   0 push  :   0 rcall : 118 ret   :   5 
reti  :   0 rjmp  :  80 rol   :   0 ror   :   0 sbc   :   0 sbci  :   1 
sbi   :  17 sbic  :  62 sbis  :   0 sbiw  :   7 sbr   :   0 sbrc  :   0 
sbrs  :   0 sec   :   0 seh   :   0 sei   :   0 sen   :   0 ser   :   0 
ses   :   0 set   :   0 sev   :   0 sez   :   0 sleep :   0 spm   :   0 
st    :  12 std   :   0 sts   :   2 sub   :   0 subi  :   3 swap  :   1 
tst   :   0 wdr   :   1 
Instructions used: 37 out of 116 (31.9%)

ATmega16 memory use summary [bytes]:
Segment   Begin    End      Code   Data   Used    Size   Use%
---------------------------------------------------------------
[.cseg] 0x000000 0x000556   1348     18   1366   16384   8.3%
[.dseg] 0x000060 0x000164      0      4      4    1024   0.4%
[.eseg] 0x000000 0x000000      0      0      0     512   0.0%

Assembly complete, 0 errors, 6 warnings
