
AVRASM ver. 2.1.30  C:\Users\sadat system\OneDrive\Desktop\riz\telephone12\New folder\Debug\List\b.asm Wed Oct 29 05:23:35 2025

C:\Users\sadat system\OneDrive\Desktop\riz\telephone12\New folder\Debug\List\b.asm(1088): warning: Register r5 already defined by the .DEF directive
C:\Users\sadat system\OneDrive\Desktop\riz\telephone12\New folder\Debug\List\b.asm(1089): warning: Register r4 already defined by the .DEF directive
C:\Users\sadat system\OneDrive\Desktop\riz\telephone12\New folder\Debug\List\b.asm(1090): warning: Register r7 already defined by the .DEF directive
                 
                 
                 ;CodeVisionAVR C Compiler V3.14 Advanced
                 ;(C) Copyright 1998-2014 Pavel Haiduc, HP InfoTech s.r.l.
                 ;http://www.hpinfotech.com
                 
                 ;Build configuration    : Debug
                 ;Chip type              : ATmega16
                 ;Program type           : Application
                 ;Clock frequency        : 8.000000 MHz
                 ;Memory model           : Small
                 ;Optimize for           : Size
                 ;(s)printf features     : int, width
                 ;(s)scanf features      : int, width
                 ;External RAM size      : 0
                 ;Data Stack size        : 256 byte(s)
                 ;Heap size              : 0 byte(s)
                 ;Promote 'char' to 'int': Yes
                 ;'char' is unsigned     : Yes
                 ;8 bit enums            : Yes
                 ;Global 'const' stored in FLASH: Yes
                 ;Enhanced function parameter passing: Yes
                 ;Enhanced core instructions: On
                 ;Automatic register allocation for global variables: On
                 ;Smart register allocation: On
                 
                 	#define _MODEL_SMALL_
                 
                 	#pragma AVRPART ADMIN PART_NAME ATmega16
                 	#pragma AVRPART MEMORY PROG_FLASH 16384
                 	#pragma AVRPART MEMORY EEPROM 512
                 	#pragma AVRPART MEMORY INT_SRAM SIZE 1024
                 	#pragma AVRPART MEMORY INT_SRAM START_ADDR 0x60
                 
                 	#define CALL_SUPPORTED 1
                 
                 	.LISTMAC
                 	.EQU UDRE=0x5
                 	.EQU RXC=0x7
                 	.EQU USR=0xB
                 	.EQU UDR=0xC
                 	.EQU SPSR=0xE
                 	.EQU SPDR=0xF
                 	.EQU EERE=0x0
                 	.EQU EEWE=0x1
                 	.EQU EEMWE=0x2
                 	.EQU EECR=0x1C
                 	.EQU EEDR=0x1D
                 	.EQU EEARL=0x1E
                 	.EQU EEARH=0x1F
                 	.EQU WDTCR=0x21
                 	.EQU MCUCR=0x35
                 	.EQU GICR=0x3B
                 	.EQU SPL=0x3D
                 	.EQU SPH=0x3E
                 	.EQU SREG=0x3F
                 
                 	.DEF R0X0=R0
                 	.DEF R0X1=R1
                 	.DEF R0X2=R2
                 	.DEF R0X3=R3
                 	.DEF R0X4=R4
                 	.DEF R0X5=R5
                 	.DEF R0X6=R6
                 	.DEF R0X7=R7
                 	.DEF R0X8=R8
                 	.DEF R0X9=R9
                 	.DEF R0XA=R10
                 	.DEF R0XB=R11
                 	.DEF R0XC=R12
                 	.DEF R0XD=R13
                 	.DEF R0XE=R14
                 	.DEF R0XF=R15
                 	.DEF R0X10=R16
                 	.DEF R0X11=R17
                 	.DEF R0X12=R18
                 	.DEF R0X13=R19
                 	.DEF R0X14=R20
                 	.DEF R0X15=R21
                 	.DEF R0X16=R22
                 	.DEF R0X17=R23
                 	.DEF R0X18=R24
                 	.DEF R0X19=R25
                 	.DEF R0X1A=R26
                 	.DEF R0X1B=R27
                 	.DEF R0X1C=R28
                 	.DEF R0X1D=R29
                 	.DEF R0X1E=R30
                 	.DEF R0X1F=R31
                 
                 	.EQU __SRAM_START=0x0060
                 	.EQU __SRAM_END=0x045F
                 	.EQU __DSTACK_SIZE=0x0100
                 	.EQU __HEAP_SIZE=0x0000
                 	.EQU __CLEAR_SRAM_SIZE=__SRAM_END-__SRAM_START+1
                 
                 	.MACRO __CPD1N
                 	CPI  R30,LOW(@0)
                 	LDI  R26,HIGH(@0)
                 	CPC  R31,R26
                 	LDI  R26,BYTE3(@0)
                 	CPC  R22,R26
                 	LDI  R26,BYTE4(@0)
                 	CPC  R23,R26
                 	.ENDM
                 
                 	.MACRO __CPD2N
                 	CPI  R26,LOW(@0)
                 	LDI  R30,HIGH(@0)
                 	CPC  R27,R30
                 	LDI  R30,BYTE3(@0)
                 	CPC  R24,R30
                 	LDI  R30,BYTE4(@0)
                 	CPC  R25,R30
                 	.ENDM
                 
                 	.MACRO __CPWRR
                 	CP   R@0,R@2
                 	CPC  R@1,R@3
                 	.ENDM
                 
                 	.MACRO __CPWRN
                 	CPI  R@0,LOW(@2)
                 	LDI  R30,HIGH(@2)
                 	CPC  R@1,R30
                 	.ENDM
                 
                 	.MACRO __ADDB1MN
                 	SUBI R30,LOW(-@0-(@1))
                 	.ENDM
                 
                 	.MACRO __ADDB2MN
                 	SUBI R26,LOW(-@0-(@1))
                 	.ENDM
                 
                 	.MACRO __ADDW1MN
                 	SUBI R30,LOW(-@0-(@1))
                 	SBCI R31,HIGH(-@0-(@1))
                 	.ENDM
                 
                 	.MACRO __ADDW2MN
                 	SUBI R26,LOW(-@0-(@1))
                 	SBCI R27,HIGH(-@0-(@1))
                 	.ENDM
                 
                 	.MACRO __ADDW1FN
                 	SUBI R30,LOW(-2*@0-(@1))
                 	SBCI R31,HIGH(-2*@0-(@1))
                 	.ENDM
                 
                 	.MACRO __ADDD1FN
                 	SUBI R30,LOW(-2*@0-(@1))
                 	SBCI R31,HIGH(-2*@0-(@1))
                 	SBCI R22,BYTE3(-2*@0-(@1))
                 	.ENDM
                 
                 	.MACRO __ADDD1N
                 	SUBI R30,LOW(-@0)
                 	SBCI R31,HIGH(-@0)
                 	SBCI R22,BYTE3(-@0)
                 	SBCI R23,BYTE4(-@0)
                 	.ENDM
                 
                 	.MACRO __ADDD2N
                 	SUBI R26,LOW(-@0)
                 	SBCI R27,HIGH(-@0)
                 	SBCI R24,BYTE3(-@0)
                 	SBCI R25,BYTE4(-@0)
                 	.ENDM
                 
                 	.MACRO __SUBD1N
                 	SUBI R30,LOW(@0)
                 	SBCI R31,HIGH(@0)
                 	SBCI R22,BYTE3(@0)
                 	SBCI R23,BYTE4(@0)
                 	.ENDM
                 
                 	.MACRO __SUBD2N
                 	SUBI R26,LOW(@0)
                 	SBCI R27,HIGH(@0)
                 	SBCI R24,BYTE3(@0)
                 	SBCI R25,BYTE4(@0)
                 	.ENDM
                 
                 	.MACRO __ANDBMNN
                 	LDS  R30,@0+(@1)
                 	ANDI R30,LOW(@2)
                 	STS  @0+(@1),R30
                 	.ENDM
                 
                 	.MACRO __ANDWMNN
                 	LDS  R30,@0+(@1)
                 	ANDI R30,LOW(@2)
                 	STS  @0+(@1),R30
                 	LDS  R30,@0+(@1)+1
                 	ANDI R30,HIGH(@2)
                 	STS  @0+(@1)+1,R30
                 	.ENDM
                 
                 	.MACRO __ANDD1N
                 	ANDI R30,LOW(@0)
                 	ANDI R31,HIGH(@0)
                 	ANDI R22,BYTE3(@0)
                 	ANDI R23,BYTE4(@0)
                 	.ENDM
                 
                 	.MACRO __ANDD2N
                 	ANDI R26,LOW(@0)
                 	ANDI R27,HIGH(@0)
                 	ANDI R24,BYTE3(@0)
                 	ANDI R25,BYTE4(@0)
                 	.ENDM
                 
                 	.MACRO __ORBMNN
                 	LDS  R30,@0+(@1)
                 	ORI  R30,LOW(@2)
                 	STS  @0+(@1),R30
                 	.ENDM
                 
                 	.MACRO __ORWMNN
                 	LDS  R30,@0+(@1)
                 	ORI  R30,LOW(@2)
                 	STS  @0+(@1),R30
                 	LDS  R30,@0+(@1)+1
                 	ORI  R30,HIGH(@2)
                 	STS  @0+(@1)+1,R30
                 	.ENDM
                 
                 	.MACRO __ORD1N
                 	ORI  R30,LOW(@0)
                 	ORI  R31,HIGH(@0)
                 	ORI  R22,BYTE3(@0)
                 	ORI  R23,BYTE4(@0)
                 	.ENDM
                 
                 	.MACRO __ORD2N
                 	ORI  R26,LOW(@0)
                 	ORI  R27,HIGH(@0)
                 	ORI  R24,BYTE3(@0)
                 	ORI  R25,BYTE4(@0)
                 	.ENDM
                 
                 	.MACRO __DELAY_USB
                 	LDI  R24,LOW(@0)
                 __DELAY_USB_LOOP:
                 	DEC  R24
                 	BRNE __DELAY_USB_LOOP
                 	.ENDM
                 
                 	.MACRO __DELAY_USW
                 	LDI  R24,LOW(@0)
                 	LDI  R25,HIGH(@0)
                 __DELAY_USW_LOOP:
                 	SBIW R24,1
                 	BRNE __DELAY_USW_LOOP
                 	.ENDM
                 
                 	.MACRO __GETD1S
                 	LDD  R30,Y+@0
                 	LDD  R31,Y+@0+1
                 	LDD  R22,Y+@0+2
                 	LDD  R23,Y+@0+3
                 	.ENDM
                 
                 	.MACRO __GETD2S
                 	LDD  R26,Y+@0
                 	LDD  R27,Y+@0+1
                 	LDD  R24,Y+@0+2
                 	LDD  R25,Y+@0+3
                 	.ENDM
                 
                 	.MACRO __PUTD1S
                 	STD  Y+@0,R30
                 	STD  Y+@0+1,R31
                 	STD  Y+@0+2,R22
                 	STD  Y+@0+3,R23
                 	.ENDM
                 
                 	.MACRO __PUTD2S
                 	STD  Y+@0,R26
                 	STD  Y+@0+1,R27
                 	STD  Y+@0+2,R24
                 	STD  Y+@0+3,R25
                 	.ENDM
                 
                 	.MACRO __PUTDZ2
                 	STD  Z+@0,R26
                 	STD  Z+@0+1,R27
                 	STD  Z+@0+2,R24
                 	STD  Z+@0+3,R25
                 	.ENDM
                 
                 	.MACRO __CLRD1S
                 	STD  Y+@0,R30
                 	STD  Y+@0+1,R30
                 	STD  Y+@0+2,R30
                 	STD  Y+@0+3,R30
                 	.ENDM
                 
                 	.MACRO __POINTB1MN
                 	LDI  R30,LOW(@0+(@1))
                 	.ENDM
                 
                 	.MACRO __POINTW1MN
                 	LDI  R30,LOW(@0+(@1))
                 	LDI  R31,HIGH(@0+(@1))
                 	.ENDM
                 
                 	.MACRO __POINTD1M
                 	LDI  R30,LOW(@0)
                 	LDI  R31,HIGH(@0)
                 	LDI  R22,BYTE3(@0)
                 	LDI  R23,BYTE4(@0)
                 	.ENDM
                 
                 	.MACRO __POINTW1FN
                 	LDI  R30,LOW(2*@0+(@1))
                 	LDI  R31,HIGH(2*@0+(@1))
                 	.ENDM
                 
                 	.MACRO __POINTD1FN
                 	LDI  R30,LOW(2*@0+(@1))
                 	LDI  R31,HIGH(2*@0+(@1))
                 	LDI  R22,BYTE3(2*@0+(@1))
                 	LDI  R23,BYTE4(2*@0+(@1))
                 	.ENDM
                 
                 	.MACRO __POINTB2MN
                 	LDI  R26,LOW(@0+(@1))
                 	.ENDM
                 
                 	.MACRO __POINTW2MN
                 	LDI  R26,LOW(@0+(@1))
                 	LDI  R27,HIGH(@0+(@1))
                 	.ENDM
                 
                 	.MACRO __POINTW2FN
                 	LDI  R26,LOW(2*@0+(@1))
                 	LDI  R27,HIGH(2*@0+(@1))
                 	.ENDM
                 
                 	.MACRO __POINTD2FN
                 	LDI  R26,LOW(2*@0+(@1))
                 	LDI  R27,HIGH(2*@0+(@1))
                 	LDI  R24,BYTE3(2*@0+(@1))
                 	LDI  R25,BYTE4(2*@0+(@1))
                 	.ENDM
                 
                 	.MACRO __POINTBRM
                 	LDI  R@0,LOW(@1)
                 	.ENDM
                 
                 	.MACRO __POINTWRM
                 	LDI  R@0,LOW(@2)
                 	LDI  R@1,HIGH(@2)
                 	.ENDM
                 
                 	.MACRO __POINTBRMN
                 	LDI  R@0,LOW(@1+(@2))
                 	.ENDM
                 
                 	.MACRO __POINTWRMN
                 	LDI  R@0,LOW(@2+(@3))
                 	LDI  R@1,HIGH(@2+(@3))
                 	.ENDM
                 
                 	.MACRO __POINTWRFN
                 	LDI  R@0,LOW(@2*2+(@3))
                 	LDI  R@1,HIGH(@2*2+(@3))
                 	.ENDM
                 
                 	.MACRO __GETD1N
                 	LDI  R30,LOW(@0)
                 	LDI  R31,HIGH(@0)
                 	LDI  R22,BYTE3(@0)
                 	LDI  R23,BYTE4(@0)
                 	.ENDM
                 
                 	.MACRO __GETD2N
                 	LDI  R26,LOW(@0)
                 	LDI  R27,HIGH(@0)
                 	LDI  R24,BYTE3(@0)
                 	LDI  R25,BYTE4(@0)
                 	.ENDM
                 
                 	.MACRO __GETB1MN
                 	LDS  R30,@0+(@1)
                 	.ENDM
                 
                 	.MACRO __GETB1HMN
                 	LDS  R31,@0+(@1)
                 	.ENDM
                 
                 	.MACRO __GETW1MN
                 	LDS  R30,@0+(@1)
                 	LDS  R31,@0+(@1)+1
                 	.ENDM
                 
                 	.MACRO __GETD1MN
                 	LDS  R30,@0+(@1)
                 	LDS  R31,@0+(@1)+1
                 	LDS  R22,@0+(@1)+2
                 	LDS  R23,@0+(@1)+3
                 	.ENDM
                 
                 	.MACRO __GETBRMN
                 	LDS  R@0,@1+(@2)
                 	.ENDM
                 
                 	.MACRO __GETWRMN
                 	LDS  R@0,@2+(@3)
                 	LDS  R@1,@2+(@3)+1
                 	.ENDM
                 
                 	.MACRO __GETWRZ
                 	LDD  R@0,Z+@2
                 	LDD  R@1,Z+@2+1
                 	.ENDM
                 
                 	.MACRO __GETD2Z
                 	LDD  R26,Z+@0
                 	LDD  R27,Z+@0+1
                 	LDD  R24,Z+@0+2
                 	LDD  R25,Z+@0+3
                 	.ENDM
                 
                 	.MACRO __GETB2MN
                 	LDS  R26,@0+(@1)
                 	.ENDM
                 
                 	.MACRO __GETW2MN
                 	LDS  R26,@0+(@1)
                 	LDS  R27,@0+(@1)+1
                 	.ENDM
                 
                 	.MACRO __GETD2MN
                 	LDS  R26,@0+(@1)
                 	LDS  R27,@0+(@1)+1
                 	LDS  R24,@0+(@1)+2
                 	LDS  R25,@0+(@1)+3
                 	.ENDM
                 
                 	.MACRO __PUTB1MN
                 	STS  @0+(@1),R30
                 	.ENDM
                 
                 	.MACRO __PUTW1MN
                 	STS  @0+(@1),R30
                 	STS  @0+(@1)+1,R31
                 	.ENDM
                 
                 	.MACRO __PUTD1MN
                 	STS  @0+(@1),R30
                 	STS  @0+(@1)+1,R31
                 	STS  @0+(@1)+2,R22
                 	STS  @0+(@1)+3,R23
                 	.ENDM
                 
                 	.MACRO __PUTB1EN
                 	LDI  R26,LOW(@0+(@1))
                 	LDI  R27,HIGH(@0+(@1))
                 	CALL __EEPROMWRB
                 	.ENDM
                 
                 	.MACRO __PUTW1EN
                 	LDI  R26,LOW(@0+(@1))
                 	LDI  R27,HIGH(@0+(@1))
                 	CALL __EEPROMWRW
                 	.ENDM
                 
                 	.MACRO __PUTD1EN
                 	LDI  R26,LOW(@0+(@1))
                 	LDI  R27,HIGH(@0+(@1))
                 	CALL __EEPROMWRD
                 	.ENDM
                 
                 	.MACRO __PUTBR0MN
                 	STS  @0+(@1),R0
                 	.ENDM
                 
                 	.MACRO __PUTBMRN
                 	STS  @0+(@1),R@2
                 	.ENDM
                 
                 	.MACRO __PUTWMRN
                 	STS  @0+(@1),R@2
                 	STS  @0+(@1)+1,R@3
                 	.ENDM
                 
                 	.MACRO __PUTBZR
                 	STD  Z+@1,R@0
                 	.ENDM
                 
                 	.MACRO __PUTWZR
                 	STD  Z+@2,R@0
                 	STD  Z+@2+1,R@1
                 	.ENDM
                 
                 	.MACRO __GETW1R
                 	MOV  R30,R@0
                 	MOV  R31,R@1
                 	.ENDM
                 
                 	.MACRO __GETW2R
                 	MOV  R26,R@0
                 	MOV  R27,R@1
                 	.ENDM
                 
                 	.MACRO __GETWRN
                 	LDI  R@0,LOW(@2)
                 	LDI  R@1,HIGH(@2)
                 	.ENDM
                 
                 	.MACRO __PUTW1R
                 	MOV  R@0,R30
                 	MOV  R@1,R31
                 	.ENDM
                 
                 	.MACRO __PUTW2R
                 	MOV  R@0,R26
                 	MOV  R@1,R27
                 	.ENDM
                 
                 	.MACRO __ADDWRN
                 	SUBI R@0,LOW(-@2)
                 	SBCI R@1,HIGH(-@2)
                 	.ENDM
                 
                 	.MACRO __ADDWRR
                 	ADD  R@0,R@2
                 	ADC  R@1,R@3
                 	.ENDM
                 
                 	.MACRO __SUBWRN
                 	SUBI R@0,LOW(@2)
                 	SBCI R@1,HIGH(@2)
                 	.ENDM
                 
                 	.MACRO __SUBWRR
                 	SUB  R@0,R@2
                 	SBC  R@1,R@3
                 	.ENDM
                 
                 	.MACRO __ANDWRN
                 	ANDI R@0,LOW(@2)
                 	ANDI R@1,HIGH(@2)
                 	.ENDM
                 
                 	.MACRO __ANDWRR
                 	AND  R@0,R@2
                 	AND  R@1,R@3
                 	.ENDM
                 
                 	.MACRO __ORWRN
                 	ORI  R@0,LOW(@2)
                 	ORI  R@1,HIGH(@2)
                 	.ENDM
                 
                 	.MACRO __ORWRR
                 	OR   R@0,R@2
                 	OR   R@1,R@3
                 	.ENDM
                 
                 	.MACRO __EORWRR
                 	EOR  R@0,R@2
                 	EOR  R@1,R@3
                 	.ENDM
                 
                 	.MACRO __GETWRS
                 	LDD  R@0,Y+@2
                 	LDD  R@1,Y+@2+1
                 	.ENDM
                 
                 	.MACRO __PUTBSR
                 	STD  Y+@1,R@0
                 	.ENDM
                 
                 	.MACRO __PUTWSR
                 	STD  Y+@2,R@0
                 	STD  Y+@2+1,R@1
                 	.ENDM
                 
                 	.MACRO __MOVEWRR
                 	MOV  R@0,R@2
                 	MOV  R@1,R@3
                 	.ENDM
                 
                 	.MACRO __INWR
                 	IN   R@0,@2
                 	IN   R@1,@2+1
                 	.ENDM
                 
                 	.MACRO __OUTWR
                 	OUT  @2+1,R@1
                 	OUT  @2,R@0
                 	.ENDM
                 
                 	.MACRO __CALL1MN
                 	LDS  R30,@0+(@1)
                 	LDS  R31,@0+(@1)+1
                 	ICALL
                 	.ENDM
                 
                 	.MACRO __CALL1FN
                 	LDI  R30,LOW(2*@0+(@1))
                 	LDI  R31,HIGH(2*@0+(@1))
                 	CALL __GETW1PF
                 	ICALL
                 	.ENDM
                 
                 	.MACRO __CALL2EN
                 	PUSH R26
                 	PUSH R27
                 	LDI  R26,LOW(@0+(@1))
                 	LDI  R27,HIGH(@0+(@1))
                 	CALL __EEPROMRDW
                 	POP  R27
                 	POP  R26
                 	ICALL
                 	.ENDM
                 
                 	.MACRO __CALL2EX
                 	SUBI R26,LOW(-@0)
                 	SBCI R27,HIGH(-@0)
                 	CALL __EEPROMRDD
                 	ICALL
                 	.ENDM
                 
                 	.MACRO __GETW1STACK
                 	IN   R30,SPL
                 	IN   R31,SPH
                 	ADIW R30,@0+1
                 	LD   R0,Z+
                 	LD   R31,Z
                 	MOV  R30,R0
                 	.ENDM
                 
                 	.MACRO __GETD1STACK
                 	IN   R30,SPL
                 	IN   R31,SPH
                 	ADIW R30,@0+1
                 	LD   R0,Z+
                 	LD   R1,Z+
                 	LD   R22,Z
                 	MOVW R30,R0
                 	.ENDM
                 
                 	.MACRO __NBST
                 	BST  R@0,@1
                 	IN   R30,SREG
                 	LDI  R31,0x40
                 	EOR  R30,R31
                 	OUT  SREG,R30
                 	.ENDM
                 
                 
                 	.MACRO __PUTB1SN
                 	LDD  R26,Y+@0
                 	LDD  R27,Y+@0+1
                 	SUBI R26,LOW(-@1)
                 	SBCI R27,HIGH(-@1)
                 	ST   X,R30
                 	.ENDM
                 
                 	.MACRO __PUTW1SN
                 	LDD  R26,Y+@0
                 	LDD  R27,Y+@0+1
                 	SUBI R26,LOW(-@1)
                 	SBCI R27,HIGH(-@1)
                 	ST   X+,R30
                 	ST   X,R31
                 	.ENDM
                 
                 	.MACRO __PUTD1SN
                 	LDD  R26,Y+@0
                 	LDD  R27,Y+@0+1
                 	SUBI R26,LOW(-@1)
                 	SBCI R27,HIGH(-@1)
                 	CALL __PUTDP1
                 	.ENDM
                 
                 	.MACRO __PUTB1SNS
                 	LDD  R26,Y+@0
                 	LDD  R27,Y+@0+1
                 	ADIW R26,@1
                 	ST   X,R30
                 	.ENDM
                 
                 	.MACRO __PUTW1SNS
                 	LDD  R26,Y+@0
                 	LDD  R27,Y+@0+1
                 	ADIW R26,@1
                 	ST   X+,R30
                 	ST   X,R31
                 	.ENDM
                 
                 	.MACRO __PUTD1SNS
                 	LDD  R26,Y+@0
                 	LDD  R27,Y+@0+1
                 	ADIW R26,@1
                 	CALL __PUTDP1
                 	.ENDM
                 
                 	.MACRO __PUTB1PMN
                 	LDS  R26,@0
                 	LDS  R27,@0+1
                 	SUBI R26,LOW(-@1)
                 	SBCI R27,HIGH(-@1)
                 	ST   X,R30
                 	.ENDM
                 
                 	.MACRO __PUTW1PMN
                 	LDS  R26,@0
                 	LDS  R27,@0+1
                 	SUBI R26,LOW(-@1)
                 	SBCI R27,HIGH(-@1)
                 	ST   X+,R30
                 	ST   X,R31
                 	.ENDM
                 
                 	.MACRO __PUTD1PMN
                 	LDS  R26,@0
                 	LDS  R27,@0+1
                 	SUBI R26,LOW(-@1)
                 	SBCI R27,HIGH(-@1)
                 	CALL __PUTDP1
                 	.ENDM
                 
                 	.MACRO __PUTB1PMNS
                 	LDS  R26,@0
                 	LDS  R27,@0+1
                 	ADIW R26,@1
                 	ST   X,R30
                 	.ENDM
                 
                 	.MACRO __PUTW1PMNS
                 	LDS  R26,@0
                 	LDS  R27,@0+1
                 	ADIW R26,@1
                 	ST   X+,R30
                 	ST   X,R31
                 	.ENDM
                 
                 	.MACRO __PUTD1PMNS
                 	LDS  R26,@0
                 	LDS  R27,@0+1
                 	ADIW R26,@1
                 	CALL __PUTDP1
                 	.ENDM
                 
                 	.MACRO __PUTB1RN
                 	MOVW R26,R@0
                 	SUBI R26,LOW(-@1)
                 	SBCI R27,HIGH(-@1)
                 	ST   X,R30
                 	.ENDM
                 
                 	.MACRO __PUTW1RN
                 	MOVW R26,R@0
                 	SUBI R26,LOW(-@1)
                 	SBCI R27,HIGH(-@1)
                 	ST   X+,R30
                 	ST   X,R31
                 	.ENDM
                 
                 	.MACRO __PUTD1RN
                 	MOVW R26,R@0
                 	SUBI R26,LOW(-@1)
                 	SBCI R27,HIGH(-@1)
                 	CALL __PUTDP1
                 	.ENDM
                 
                 	.MACRO __PUTB1RNS
                 	MOVW R26,R@0
                 	ADIW R26,@1
                 	ST   X,R30
                 	.ENDM
                 
                 	.MACRO __PUTW1RNS
                 	MOVW R26,R@0
                 	ADIW R26,@1
                 	ST   X+,R30
                 	ST   X,R31
                 	.ENDM
                 
                 	.MACRO __PUTD1RNS
                 	MOVW R26,R@0
                 	ADIW R26,@1
                 	CALL __PUTDP1
                 	.ENDM
                 
                 	.MACRO __PUTB1RON
                 	MOV  R26,R@0
                 	MOV  R27,R@1
                 	SUBI R26,LOW(-@2)
                 	SBCI R27,HIGH(-@2)
                 	ST   X,R30
                 	.ENDM
                 
                 	.MACRO __PUTW1RON
                 	MOV  R26,R@0
                 	MOV  R27,R@1
                 	SUBI R26,LOW(-@2)
                 	SBCI R27,HIGH(-@2)
                 	ST   X+,R30
                 	ST   X,R31
                 	.ENDM
                 
                 	.MACRO __PUTD1RON
                 	MOV  R26,R@0
                 	MOV  R27,R@1
                 	SUBI R26,LOW(-@2)
                 	SBCI R27,HIGH(-@2)
                 	CALL __PUTDP1
                 	.ENDM
                 
                 	.MACRO __PUTB1RONS
                 	MOV  R26,R@0
                 	MOV  R27,R@1
                 	ADIW R26,@2
                 	ST   X,R30
                 	.ENDM
                 
                 	.MACRO __PUTW1RONS
                 	MOV  R26,R@0
                 	MOV  R27,R@1
                 	ADIW R26,@2
                 	ST   X+,R30
                 	ST   X,R31
                 	.ENDM
                 
                 	.MACRO __PUTD1RONS
                 	MOV  R26,R@0
                 	MOV  R27,R@1
                 	ADIW R26,@2
                 	CALL __PUTDP1
                 	.ENDM
                 
                 
                 	.MACRO __GETB1SX
                 	MOVW R30,R28
                 	SUBI R30,LOW(-@0)
                 	SBCI R31,HIGH(-@0)
                 	LD   R30,Z
                 	.ENDM
                 
                 	.MACRO __GETB1HSX
                 	MOVW R30,R28
                 	SUBI R30,LOW(-@0)
                 	SBCI R31,HIGH(-@0)
                 	LD   R31,Z
                 	.ENDM
                 
                 	.MACRO __GETW1SX
                 	MOVW R30,R28
                 	SUBI R30,LOW(-@0)
                 	SBCI R31,HIGH(-@0)
                 	LD   R0,Z+
                 	LD   R31,Z
                 	MOV  R30,R0
                 	.ENDM
                 
                 	.MACRO __GETD1SX
                 	MOVW R30,R28
                 	SUBI R30,LOW(-@0)
                 	SBCI R31,HIGH(-@0)
                 	LD   R0,Z+
                 	LD   R1,Z+
                 	LD   R22,Z+
                 	LD   R23,Z
                 	MOVW R30,R0
                 	.ENDM
                 
                 	.MACRO __GETB2SX
                 	MOVW R26,R28
                 	SUBI R26,LOW(-@0)
                 	SBCI R27,HIGH(-@0)
                 	LD   R26,X
                 	.ENDM
                 
                 	.MACRO __GETW2SX
                 	MOVW R26,R28
                 	SUBI R26,LOW(-@0)
                 	SBCI R27,HIGH(-@0)
                 	LD   R0,X+
                 	LD   R27,X
                 	MOV  R26,R0
                 	.ENDM
                 
                 	.MACRO __GETD2SX
                 	MOVW R26,R28
                 	SUBI R26,LOW(-@0)
                 	SBCI R27,HIGH(-@0)
                 	LD   R0,X+
                 	LD   R1,X+
                 	LD   R24,X+
                 	LD   R25,X
                 	MOVW R26,R0
                 	.ENDM
                 
                 	.MACRO __GETBRSX
                 	MOVW R30,R28
                 	SUBI R30,LOW(-@1)
                 	SBCI R31,HIGH(-@1)
                 	LD   R@0,Z
                 	.ENDM
                 
                 	.MACRO __GETWRSX
                 	MOVW R30,R28
                 	SUBI R30,LOW(-@2)
                 	SBCI R31,HIGH(-@2)
                 	LD   R@0,Z+
                 	LD   R@1,Z
                 	.ENDM
                 
                 	.MACRO __GETBRSX2
                 	MOVW R26,R28
                 	SUBI R26,LOW(-@1)
                 	SBCI R27,HIGH(-@1)
                 	LD   R@0,X
                 	.ENDM
                 
                 	.MACRO __GETWRSX2
                 	MOVW R26,R28
                 	SUBI R26,LOW(-@2)
                 	SBCI R27,HIGH(-@2)
                 	LD   R@0,X+
                 	LD   R@1,X
                 	.ENDM
                 
                 	.MACRO __LSLW8SX
                 	MOVW R30,R28
                 	SUBI R30,LOW(-@0)
                 	SBCI R31,HIGH(-@0)
                 	LD   R31,Z
                 	CLR  R30
                 	.ENDM
                 
                 	.MACRO __PUTB1SX
                 	MOVW R26,R28
                 	SUBI R26,LOW(-@0)
                 	SBCI R27,HIGH(-@0)
                 	ST   X,R30
                 	.ENDM
                 
                 	.MACRO __PUTW1SX
                 	MOVW R26,R28
                 	SUBI R26,LOW(-@0)
                 	SBCI R27,HIGH(-@0)
                 	ST   X+,R30
                 	ST   X,R31
                 	.ENDM
                 
                 	.MACRO __PUTD1SX
                 	MOVW R26,R28
                 	SUBI R26,LOW(-@0)
                 	SBCI R27,HIGH(-@0)
                 	ST   X+,R30
                 	ST   X+,R31
                 	ST   X+,R22
                 	ST   X,R23
                 	.ENDM
                 
                 	.MACRO __CLRW1SX
                 	MOVW R26,R28
                 	SUBI R26,LOW(-@0)
                 	SBCI R27,HIGH(-@0)
                 	ST   X+,R30
                 	ST   X,R30
                 	.ENDM
                 
                 	.MACRO __CLRD1SX
                 	MOVW R26,R28
                 	SUBI R26,LOW(-@0)
                 	SBCI R27,HIGH(-@0)
                 	ST   X+,R30
                 	ST   X+,R30
                 	ST   X+,R30
                 	ST   X,R30
                 	.ENDM
                 
                 	.MACRO __PUTB2SX
                 	MOVW R30,R28
                 	SUBI R30,LOW(-@0)
                 	SBCI R31,HIGH(-@0)
                 	ST   Z,R26
                 	.ENDM
                 
                 	.MACRO __PUTW2SX
                 	MOVW R30,R28
                 	SUBI R30,LOW(-@0)
                 	SBCI R31,HIGH(-@0)
                 	ST   Z+,R26
                 	ST   Z,R27
                 	.ENDM
                 
                 	.MACRO __PUTD2SX
                 	MOVW R30,R28
                 	SUBI R30,LOW(-@0)
                 	SBCI R31,HIGH(-@0)
                 	ST   Z+,R26
                 	ST   Z+,R27
                 	ST   Z+,R24
                 	ST   Z,R25
                 	.ENDM
                 
                 	.MACRO __PUTBSRX
                 	MOVW R30,R28
                 	SUBI R30,LOW(-@1)
                 	SBCI R31,HIGH(-@1)
                 	ST   Z,R@0
                 	.ENDM
                 
                 	.MACRO __PUTWSRX
                 	MOVW R30,R28
                 	SUBI R30,LOW(-@2)
                 	SBCI R31,HIGH(-@2)
                 	ST   Z+,R@0
                 	ST   Z,R@1
                 	.ENDM
                 
                 	.MACRO __PUTB1SNX
                 	MOVW R26,R28
                 	SUBI R26,LOW(-@0)
                 	SBCI R27,HIGH(-@0)
                 	LD   R0,X+
                 	LD   R27,X
                 	MOV  R26,R0
                 	SUBI R26,LOW(-@1)
                 	SBCI R27,HIGH(-@1)
                 	ST   X,R30
                 	.ENDM
                 
                 	.MACRO __PUTW1SNX
                 	MOVW R26,R28
                 	SUBI R26,LOW(-@0)
                 	SBCI R27,HIGH(-@0)
                 	LD   R0,X+
                 	LD   R27,X
                 	MOV  R26,R0
                 	SUBI R26,LOW(-@1)
                 	SBCI R27,HIGH(-@1)
                 	ST   X+,R30
                 	ST   X,R31
                 	.ENDM
                 
                 	.MACRO __PUTD1SNX
                 	MOVW R26,R28
                 	SUBI R26,LOW(-@0)
                 	SBCI R27,HIGH(-@0)
                 	LD   R0,X+
                 	LD   R27,X
                 	MOV  R26,R0
                 	SUBI R26,LOW(-@1)
                 	SBCI R27,HIGH(-@1)
                 	ST   X+,R30
                 	ST   X+,R31
                 	ST   X+,R22
                 	ST   X,R23
                 	.ENDM
                 
                 	.MACRO __MULBRR
                 	MULS R@0,R@1
                 	MOVW R30,R0
                 	.ENDM
                 
                 	.MACRO __MULBRRU
                 	MUL  R@0,R@1
                 	MOVW R30,R0
                 	.ENDM
                 
                 	.MACRO __MULBRR0
                 	MULS R@0,R@1
                 	.ENDM
                 
                 	.MACRO __MULBRRU0
                 	MUL  R@0,R@1
                 	.ENDM
                 
                 	.MACRO __MULBNWRU
                 	LDI  R26,@2
                 	MUL  R26,R@0
                 	MOVW R30,R0
                 	MUL  R26,R@1
                 	ADD  R31,R0
                 	.ENDM
                 
                 ;NAME DEFINITIONS FOR GLOBAL VARIABLES ALLOCATED TO REGISTERS
                 	.DEF __lcd_x=R5
                 	.DEF __lcd_y=R4
                 	.DEF __lcd_maxx=R7
                 
                 	.CSEG
                 	.ORG 0x00
                 
                 ;START OF CODE MARKER
                 __START_OF_CODE:
                 
                 ;INTERRUPT VECTORS
000000 940c 003e 	JMP  __RESET
000002 940c 0000 	JMP  0x00
000004 940c 0000 	JMP  0x00
000006 940c 0000 	JMP  0x00
000008 940c 0000 	JMP  0x00
00000a 940c 0000 	JMP  0x00
00000c 940c 0000 	JMP  0x00
00000e 940c 0000 	JMP  0x00
000010 940c 0000 	JMP  0x00
000012 940c 0000 	JMP  0x00
000014 940c 0000 	JMP  0x00
000016 940c 0000 	JMP  0x00
000018 940c 0000 	JMP  0x00
00001a 940c 0000 	JMP  0x00
00001c 940c 0000 	JMP  0x00
00001e 940c 0000 	JMP  0x00
000020 940c 0000 	JMP  0x00
000022 940c 0000 	JMP  0x00
000024 940c 0000 	JMP  0x00
000026 940c 0000 	JMP  0x00
000028 940c 0000 	JMP  0x00
                 
                 _0x0:
00002a 0037
00002b 0038
00002c 0039
00002d 002f      	.DB  0x37,0x0,0x38,0x0,0x39,0x0,0x2F,0x0
00002e 0034
00002f 0035
000030 0036
000031 002a      	.DB  0x34,0x0,0x35,0x0,0x36,0x0,0x2A,0x0
000032 0031
000033 0032
000034 0033
000035 002d      	.DB  0x31,0x0,0x32,0x0,0x33,0x0,0x2D,0x0
000036 0030
000037 0023
000038 002b      	.DB  0x30,0x0,0x23,0x0,0x2B,0x0
                 _0x2000003:
000039 c080      	.DB  0x80,0xC0
                 
                 __GLOBAL_INI_TBL:
00003a 0002      	.DW  0x02
00003b 0160      	.DW  __base_y_G100
00003c 0072      	.DW  _0x2000003*2
                 
                 _0xFFFFFFFF:
00003d 0000      	.DW  0
                 
                 #define __GLOBAL_INI_TBL_PRESENT 1
                 
                 __RESET:
00003e 94f8      	CLI
00003f 27ee      	CLR  R30
000040 bbec      	OUT  EECR,R30
                 
                 ;INTERRUPT VECTORS ARE PLACED
                 ;AT THE START OF FLASH
000041 e0f1      	LDI  R31,1
000042 bffb      	OUT  GICR,R31
000043 bfeb      	OUT  GICR,R30
000044 bfe5      	OUT  MCUCR,R30
                 
                 ;CLEAR R2-R14
000045 e08d      	LDI  R24,(14-2)+1
000046 e0a2      	LDI  R26,2
000047 27bb      	CLR  R27
                 __CLEAR_REG:
000048 93ed      	ST   X+,R30
000049 958a      	DEC  R24
00004a f7e9      	BRNE __CLEAR_REG
                 
                 ;CLEAR SRAM
00004b e080      	LDI  R24,LOW(__CLEAR_SRAM_SIZE)
00004c e094      	LDI  R25,HIGH(__CLEAR_SRAM_SIZE)
00004d e6a0      	LDI  R26,__SRAM_START
                 __CLEAR_SRAM:
00004e 93ed      	ST   X+,R30
00004f 9701      	SBIW R24,1
000050 f7e9      	BRNE __CLEAR_SRAM
                 
                 ;GLOBAL VARIABLES INITIALIZATION
000051 e7e4      	LDI  R30,LOW(__GLOBAL_INI_TBL*2)
000052 e0f0      	LDI  R31,HIGH(__GLOBAL_INI_TBL*2)
                 __GLOBAL_INI_NEXT:
000053 9185      	LPM  R24,Z+
000054 9195      	LPM  R25,Z+
000055 9700      	SBIW R24,0
000056 f061      	BREQ __GLOBAL_INI_END
000057 91a5      	LPM  R26,Z+
000058 91b5      	LPM  R27,Z+
000059 9005      	LPM  R0,Z+
00005a 9015      	LPM  R1,Z+
00005b 01bf      	MOVW R22,R30
00005c 01f0      	MOVW R30,R0
                 __GLOBAL_INI_LOOP:
00005d 9005      	LPM  R0,Z+
00005e 920d      	ST   X+,R0
00005f 9701      	SBIW R24,1
000060 f7e1      	BRNE __GLOBAL_INI_LOOP
000061 01fb      	MOVW R30,R22
000062 cff0      	RJMP __GLOBAL_INI_NEXT
                 __GLOBAL_INI_END:
                 
                 ;HARDWARE STACK POINTER INITIALIZATION
000063 e5ef      	LDI  R30,LOW(__SRAM_END-__HEAP_SIZE)
000064 bfed      	OUT  SPL,R30
000065 e0e4      	LDI  R30,HIGH(__SRAM_END-__HEAP_SIZE)
000066 bfee      	OUT  SPH,R30
                 
                 ;DATA STACK POINTER INITIALIZATION
000067 e6c0      	LDI  R28,LOW(__SRAM_START+__DSTACK_SIZE)
000068 e0d1      	LDI  R29,HIGH(__SRAM_START+__DSTACK_SIZE)
                 
000069 940c 006b 	JMP  _main
                 
                 	.ESEG
                 	.ORG 0
                 
                 	.DSEG
                 	.ORG 0x160
                 
                 	.CSEG
                 ;/*******************************************************
                 ;This program was created by the
                 ;CodeWizardAVR V3.14 Advanced
                 ;Automatic Program Generator
                 ;© Copyright 1998-2014 Pavel Haiduc, HP InfoTech s.r.l.
                 ;http://www.hpinfotech.com
                 ;
                 ;Project :
                 ;Version :
                 ;Date    : 10/22/2025
                 ;Author  :
                 ;Company :
                 ;Comments:
                 ;
                 ;
                 ;Chip type               : ATmega16
                 ;Program type            : Application
                 ;AVR Core Clock frequency: 8.000000 MHz
                 ;Memory model            : Small
                 ;External RAM size       : 0
                 ;Data Stack size         : 256
                 ;*******************************************************/
                 ;
                 ;#include <mega16.h>
                 	#ifndef __SLEEP_DEFINED__
                 	#define __SLEEP_DEFINED__
                 	.EQU __se_bit=0x40
                 	.EQU __sm_mask=0xB0
                 	.EQU __sm_powerdown=0x20
                 	.EQU __sm_powersave=0x30
                 	.EQU __sm_standby=0xA0
                 	.EQU __sm_ext_standby=0xB0
                 	.EQU __sm_adc_noise_red=0x10
                 	.SET power_ctrl_reg=mcucr
                 	#endif
                 ;#include <delay.h>
                 ;
                 ;// Alphanumeric LCD functions
                 ;#include <alcd.h>
                 ;
                 ;// Declare your global variables here
                 ;
                 ;void main(void)
                 ; 0000 0021 {
                 
                 	.CSEG
                 _main:
                 ; .FSTART _main
                 ; 0000 0022 // Declare your local variables here
                 ; 0000 0023 
                 ; 0000 0024 // Input/Output Ports initialization
                 ; 0000 0025 // Port A initialization
                 ; 0000 0026 // Function: Bit7=In Bit6=In Bit5=In Bit4=In Bit3=In Bit2=In Bit1=In Bit0=In
                 ; 0000 0027 DDRA=(0<<DDA7) | (0<<DDA6) | (0<<DDA5) | (0<<DDA4) | (0<<DDA3) | (0<<DDA2) | (0<<DDA1) | (0<<DDA0);
00006b e0e0      	LDI  R30,LOW(0)
00006c bbea      	OUT  0x1A,R30
                 ; 0000 0028 // State: Bit7=T Bit6=T Bit5=T Bit4=T Bit3=T Bit2=T Bit1=T Bit0=T
                 ; 0000 0029 PORTA=(0<<PORTA7) | (0<<PORTA6) | (0<<PORTA5) | (0<<PORTA4) | (0<<PORTA3) | (0<<PORTA2) | (0<<PORTA1) | (0<<PORTA0);
00006d bbeb      	OUT  0x1B,R30
                 ; 0000 002A 
                 ; 0000 002B // Port B initialization
                 ; 0000 002C // Function: Bit7=In Bit6=In Bit5=In Bit4=In Bit3=In Bit2=In Bit1=In Bit0=In
                 ; 0000 002D DDRB=(0<<DDB7) | (0<<DDB6) | (0<<DDB5) | (0<<DDB4) | (0<<DDB3) | (0<<DDB2) | (0<<DDB1) | (0<<DDB0);
00006e bbe7      	OUT  0x17,R30
                 ; 0000 002E // State: Bit7=T Bit6=T Bit5=T Bit4=T Bit3=T Bit2=T Bit1=T Bit0=T
                 ; 0000 002F PORTB=(0<<PORTB7) | (0<<PORTB6) | (0<<PORTB5) | (0<<PORTB4) | (0<<PORTB3) | (0<<PORTB2) | (0<<PORTB1) | (0<<PORTB0);
00006f bbe8      	OUT  0x18,R30
                 ; 0000 0030 
                 ; 0000 0031 // Port C initialization
                 ; 0000 0032 // Function: Bit7=In Bit6=In Bit5=In Bit4=In Bit3=In Bit2=In Bit1=In Bit0=In
                 ; 0000 0033 DDRC=(0<<DDC7) | (0<<DDC6) | (0<<DDC5) | (0<<DDC4) | (0<<DDC3) | (0<<DDC2) | (0<<DDC1) | (0<<DDC0);
000070 bbe4      	OUT  0x14,R30
                 ; 0000 0034 // State: Bit7=T Bit6=T Bit5=T Bit4=T Bit3=T Bit2=T Bit1=T Bit0=T
                 ; 0000 0035 PORTC=(0<<PORTC7) | (0<<PORTC6) | (0<<PORTC5) | (0<<PORTC4) | (0<<PORTC3) | (0<<PORTC2) | (0<<PORTC1) | (0<<PORTC0);
000071 bbe5      	OUT  0x15,R30
                 ; 0000 0036 
                 ; 0000 0037 // Port D initialization
                 ; 0000 0038 // Function: Bit7=In Bit6=In Bit5=In Bit4=In Bit3=In Bit2=In Bit1=In Bit0=In
                 ; 0000 0039 DDRD=(0<<DDD7) | (0<<DDD6) | (0<<DDD5) | (0<<DDD4) | (0<<DDD3) | (0<<DDD2) | (0<<DDD1) | (0<<DDD0);
000072 bbe1      	OUT  0x11,R30
                 ; 0000 003A // State: Bit7=T Bit6=T Bit5=T Bit4=T Bit3=T Bit2=T Bit1=T Bit0=T
                 ; 0000 003B PORTD=(0<<PORTD7) | (0<<PORTD6) | (0<<PORTD5) | (0<<PORTD4) | (0<<PORTD3) | (0<<PORTD2) | (0<<PORTD1) | (0<<PORTD0);
000073 bbe2      	OUT  0x12,R30
                 ; 0000 003C 
                 ; 0000 003D // Timer/Counter 0 initialization
                 ; 0000 003E // Clock source: System Clock
                 ; 0000 003F // Clock value: Timer 0 Stopped
                 ; 0000 0040 // Mode: Normal top=0xFF
                 ; 0000 0041 // OC0 output: Disconnected
                 ; 0000 0042 TCCR0=(0<<WGM00) | (0<<COM01) | (0<<COM00) | (0<<WGM01) | (0<<CS02) | (0<<CS01) | (0<<CS00);
000074 bfe3      	OUT  0x33,R30
                 ; 0000 0043 TCNT0=0x00;
000075 bfe2      	OUT  0x32,R30
                 ; 0000 0044 OCR0=0x00;
000076 bfec      	OUT  0x3C,R30
                 ; 0000 0045 
                 ; 0000 0046 // Timer/Counter 1 initialization
                 ; 0000 0047 // Clock source: System Clock
                 ; 0000 0048 // Clock value: Timer1 Stopped
                 ; 0000 0049 // Mode: Normal top=0xFFFF
                 ; 0000 004A // OC1A output: Disconnected
                 ; 0000 004B // OC1B output: Disconnected
                 ; 0000 004C // Noise Canceler: Off
                 ; 0000 004D // Input Capture on Falling Edge
                 ; 0000 004E // Timer1 Overflow Interrupt: Off
                 ; 0000 004F // Input Capture Interrupt: Off
                 ; 0000 0050 // Compare A Match Interrupt: Off
                 ; 0000 0051 // Compare B Match Interrupt: Off
                 ; 0000 0052 TCCR1A=(0<<COM1A1) | (0<<COM1A0) | (0<<COM1B1) | (0<<COM1B0) | (0<<WGM11) | (0<<WGM10);
000077 bdef      	OUT  0x2F,R30
                 ; 0000 0053 TCCR1B=(0<<ICNC1) | (0<<ICES1) | (0<<WGM13) | (0<<WGM12) | (0<<CS12) | (0<<CS11) | (0<<CS10);
000078 bdee      	OUT  0x2E,R30
                 ; 0000 0054 TCNT1H=0x00;
000079 bded      	OUT  0x2D,R30
                 ; 0000 0055 TCNT1L=0x00;
00007a bdec      	OUT  0x2C,R30
                 ; 0000 0056 ICR1H=0x00;
00007b bde7      	OUT  0x27,R30
                 ; 0000 0057 ICR1L=0x00;
00007c bde6      	OUT  0x26,R30
                 ; 0000 0058 OCR1AH=0x00;
00007d bdeb      	OUT  0x2B,R30
                 ; 0000 0059 OCR1AL=0x00;
00007e bdea      	OUT  0x2A,R30
                 ; 0000 005A OCR1BH=0x00;
00007f bde9      	OUT  0x29,R30
                 ; 0000 005B OCR1BL=0x00;
000080 bde8      	OUT  0x28,R30
                 ; 0000 005C 
                 ; 0000 005D // Timer/Counter 2 initialization
                 ; 0000 005E // Clock source: System Clock
                 ; 0000 005F // Clock value: Timer2 Stopped
                 ; 0000 0060 // Mode: Normal top=0xFF
                 ; 0000 0061 // OC2 output: Disconnected
                 ; 0000 0062 ASSR=0<<AS2;
000081 bde2      	OUT  0x22,R30
                 ; 0000 0063 TCCR2=(0<<PWM2) | (0<<COM21) | (0<<COM20) | (0<<CTC2) | (0<<CS22) | (0<<CS21) | (0<<CS20);
000082 bde5      	OUT  0x25,R30
                 ; 0000 0064 TCNT2=0x00;
000083 bde4      	OUT  0x24,R30
                 ; 0000 0065 OCR2=0x00;
000084 bde3      	OUT  0x23,R30
                 ; 0000 0066 
                 ; 0000 0067 // Timer(s)/Counter(s) Interrupt(s) initialization
                 ; 0000 0068 TIMSK=(0<<OCIE2) | (0<<TOIE2) | (0<<TICIE1) | (0<<OCIE1A) | (0<<OCIE1B) | (0<<TOIE1) | (0<<OCIE0) | (0<<TOIE0);
000085 bfe9      	OUT  0x39,R30
                 ; 0000 0069 
                 ; 0000 006A // External Interrupt(s) initialization
                 ; 0000 006B // INT0: Off
                 ; 0000 006C // INT1: Off
                 ; 0000 006D // INT2: Off
                 ; 0000 006E MCUCR=(0<<ISC11) | (0<<ISC10) | (0<<ISC01) | (0<<ISC00);
000086 bfe5      	OUT  0x35,R30
                 ; 0000 006F MCUCSR=(0<<ISC2);
000087 bfe4      	OUT  0x34,R30
                 ; 0000 0070 
                 ; 0000 0071 // USART initialization
                 ; 0000 0072 // USART disabled
                 ; 0000 0073 UCSRB=(0<<RXCIE) | (0<<TXCIE) | (0<<UDRIE) | (0<<RXEN) | (0<<TXEN) | (0<<UCSZ2) | (0<<RXB8) | (0<<TXB8);
000088 b9ea      	OUT  0xA,R30
                 ; 0000 0074 
                 ; 0000 0075 // Analog Comparator initialization
                 ; 0000 0076 // Analog Comparator: Off
                 ; 0000 0077 // The Analog Comparator's positive input is
                 ; 0000 0078 // connected to the AIN0 pin
                 ; 0000 0079 // The Analog Comparator's negative input is
                 ; 0000 007A // connected to the AIN1 pin
                 ; 0000 007B ACSR=(1<<ACD) | (0<<ACBG) | (0<<ACO) | (0<<ACI) | (0<<ACIE) | (0<<ACIC) | (0<<ACIS1) | (0<<ACIS0);
000089 e8e0      	LDI  R30,LOW(128)
00008a b9e8      	OUT  0x8,R30
                 ; 0000 007C SFIOR=(0<<ACME);
00008b e0e0      	LDI  R30,LOW(0)
00008c bfe0      	OUT  0x30,R30
                 ; 0000 007D 
                 ; 0000 007E // ADC initialization
                 ; 0000 007F // ADC disabled
                 ; 0000 0080 ADCSRA=(0<<ADEN) | (0<<ADSC) | (0<<ADATE) | (0<<ADIF) | (0<<ADIE) | (0<<ADPS2) | (0<<ADPS1) | (0<<ADPS0);
00008d b9e6      	OUT  0x6,R30
                 ; 0000 0081 
                 ; 0000 0082 // SPI initialization
                 ; 0000 0083 // SPI disabled
                 ; 0000 0084 SPCR=(0<<SPIE) | (0<<SPE) | (0<<DORD) | (0<<MSTR) | (0<<CPOL) | (0<<CPHA) | (0<<SPR1) | (0<<SPR0);
00008e b9ed      	OUT  0xD,R30
                 ; 0000 0085 
                 ; 0000 0086 // TWI initialization
                 ; 0000 0087 // TWI disabled
                 ; 0000 0088 TWCR=(0<<TWEA) | (0<<TWSTA) | (0<<TWSTO) | (0<<TWEN) | (0<<TWIE);
00008f bfe6      	OUT  0x36,R30
                 ; 0000 0089 
                 ; 0000 008A // Alphanumeric LCD initialization
                 ; 0000 008B // Connections are specified in the
                 ; 0000 008C // Project|Configure|C Compiler|Libraries|Alphanumeric LCD menu:
                 ; 0000 008D // RS - PORTA Bit 0
                 ; 0000 008E // RD - PORTA Bit 1
                 ; 0000 008F // EN - PORTA Bit 2
                 ; 0000 0090 // D4 - PORTA Bit 4
                 ; 0000 0091 // D5 - PORTA Bit 5
                 ; 0000 0092 // D6 - PORTA Bit 6
                 ; 0000 0093 // D7 - PORTA Bit 7
                 ; 0000 0094 // Characters/line: 8
                 ; 0000 0095 lcd_init(8);
000090 e0a8      	LDI  R26,LOW(8)
000091 d146      	RCALL _lcd_init
                 ; 0000 0096 DDRC = 0X0F;
000092 e0ef      	LDI  R30,LOW(15)
000093 bbe4      	OUT  0x14,R30
                 ; 0000 0097 PORTC = 0XF0;
000094 efe0      	LDI  R30,LOW(240)
000095 bbe5      	OUT  0x15,R30
                 ; 0000 0098 while (1)
                 _0x3:
                 ; 0000 0099       {
                 ; 0000 009A PORTC.0 =1;
000096 9aa8      	SBI  0x15,0
                 ; 0000 009B PORTC.1 =1;
000097 9aa9      	SBI  0x15,1
                 ; 0000 009C PORTC.2 =0;
000098 98aa      	CBI  0x15,2
                 ; 0000 009D PORTC.3 =1;
000099 9aab      	SBI  0x15,3
                 ; 0000 009E if(PINC.4 == 0 && PINC.5==1 && PINC.6== 1 && PINC.7 ==1){
00009a 999c      	SBIC 0x13,4
00009b c006      	RJMP _0xF
00009c 9b9d      	SBIS 0x13,5
00009d c004      	RJMP _0xF
00009e 9b9e      	SBIS 0x13,6
00009f c002      	RJMP _0xF
0000a0 999f      	SBIC 0x13,7
0000a1 c001      	RJMP _0x10
                 _0xF:
0000a2 c004      	RJMP _0xE
                 _0x10:
                 ; 0000 009F lcd_gotoxy(0,0);
0000a3 d15f      	RCALL SUBOPT_0x0
                 ; 0000 00A0 lcd_putsf("7");
                +
0000a4 e5a4     +LDI R26 , LOW ( 2 * _0x0 + ( 0 ) )
0000a5 e0b0     +LDI R27 , HIGH ( 2 * _0x0 + ( 0 ) )
                 	__POINTW2FN _0x0,0
0000a6 d160      	RCALL SUBOPT_0x1
                 ; 0000 00A1 delay_ms(100);
                 ; 0000 00A2 }
                 ; 0000 00A3 if(PINC.4 == 1 && PINC.5==0 && PINC.6== 1 && PINC.7 ==1){
                 _0xE:
0000a7 9b9c      	SBIS 0x13,4
0000a8 c006      	RJMP _0x12
0000a9 999d      	SBIC 0x13,5
0000aa c004      	RJMP _0x12
0000ab 9b9e      	SBIS 0x13,6
0000ac c002      	RJMP _0x12
0000ad 999f      	SBIC 0x13,7
0000ae c001      	RJMP _0x13
                 _0x12:
0000af c004      	RJMP _0x11
                 _0x13:
                 ; 0000 00A4 lcd_gotoxy(0,0);
0000b0 d152      	RCALL SUBOPT_0x0
                 ; 0000 00A5 lcd_putsf("8");
                +
0000b1 e5a6     +LDI R26 , LOW ( 2 * _0x0 + ( 2 ) )
0000b2 e0b0     +LDI R27 , HIGH ( 2 * _0x0 + ( 2 ) )
                 	__POINTW2FN _0x0,2
0000b3 d153      	RCALL SUBOPT_0x1
                 ; 0000 00A6 delay_ms(100);
                 ; 0000 00A7 }
                 ; 0000 00A8 if(PINC.4 == 1 && PINC.5==1 && PINC.6== 0 && PINC.7 ==1){
                 _0x11:
0000b4 9b9c      	SBIS 0x13,4
0000b5 c006      	RJMP _0x15
0000b6 9b9d      	SBIS 0x13,5
0000b7 c004      	RJMP _0x15
0000b8 999e      	SBIC 0x13,6
0000b9 c002      	RJMP _0x15
0000ba 999f      	SBIC 0x13,7
0000bb c001      	RJMP _0x16
                 _0x15:
0000bc c004      	RJMP _0x14
                 _0x16:
                 ; 0000 00A9 lcd_gotoxy(0,0);
0000bd d145      	RCALL SUBOPT_0x0
                 ; 0000 00AA lcd_putsf("9");
                +
0000be e5a8     +LDI R26 , LOW ( 2 * _0x0 + ( 4 ) )
0000bf e0b0     +LDI R27 , HIGH ( 2 * _0x0 + ( 4 ) )
                 	__POINTW2FN _0x0,4
0000c0 d146      	RCALL SUBOPT_0x1
                 ; 0000 00AB delay_ms(100);
                 ; 0000 00AC }
                 ; 0000 00AD if(PINC.4 == 1 && PINC.5==1 && PINC.6== 1 && PINC.7 ==0){
                 _0x14:
0000c1 9b9c      	SBIS 0x13,4
0000c2 c006      	RJMP _0x18
0000c3 9b9d      	SBIS 0x13,5
0000c4 c004      	RJMP _0x18
0000c5 9b9e      	SBIS 0x13,6
0000c6 c002      	RJMP _0x18
0000c7 9b9f      	SBIS 0x13,7
0000c8 c001      	RJMP _0x19
                 _0x18:
0000c9 c004      	RJMP _0x17
                 _0x19:
                 ; 0000 00AE lcd_gotoxy(0,0);
0000ca d138      	RCALL SUBOPT_0x0
                 ; 0000 00AF lcd_putsf("/");
                +
0000cb e5aa     +LDI R26 , LOW ( 2 * _0x0 + ( 6 ) )
0000cc e0b0     +LDI R27 , HIGH ( 2 * _0x0 + ( 6 ) )
                 	__POINTW2FN _0x0,6
0000cd d139      	RCALL SUBOPT_0x1
                 ; 0000 00B0 delay_ms(100);
                 ; 0000 00B1 }
                 ; 0000 00B2 PORTC.0 =1;
                 _0x17:
0000ce 9aa8      	SBI  0x15,0
                 ; 0000 00B3 PORTC.1 =0;
0000cf 98a9      	CBI  0x15,1
                 ; 0000 00B4 PORTC.2 =1;
0000d0 9aaa      	SBI  0x15,2
                 ; 0000 00B5 PORTC.3 =1;
0000d1 9aab      	SBI  0x15,3
                 ; 0000 00B6 if(PINC.4 == 0 && PINC.5==1 && PINC.6== 1 && PINC.7 ==1){
0000d2 999c      	SBIC 0x13,4
0000d3 c006      	RJMP _0x23
0000d4 9b9d      	SBIS 0x13,5
0000d5 c004      	RJMP _0x23
0000d6 9b9e      	SBIS 0x13,6
0000d7 c002      	RJMP _0x23
0000d8 999f      	SBIC 0x13,7
0000d9 c001      	RJMP _0x24
                 _0x23:
0000da c004      	RJMP _0x22
                 _0x24:
                 ; 0000 00B7 lcd_gotoxy(0,0);
0000db d127      	RCALL SUBOPT_0x0
                 ; 0000 00B8 lcd_putsf("4");
                +
0000dc e5ac     +LDI R26 , LOW ( 2 * _0x0 + ( 8 ) )
0000dd e0b0     +LDI R27 , HIGH ( 2 * _0x0 + ( 8 ) )
                 	__POINTW2FN _0x0,8
0000de d128      	RCALL SUBOPT_0x1
                 ; 0000 00B9 delay_ms(100);
                 ; 0000 00BA }
                 ; 0000 00BB if(PINC.4 == 1 && PINC.5==0 && PINC.6== 1 && PINC.7 ==1){
                 _0x22:
0000df 9b9c      	SBIS 0x13,4
0000e0 c006      	RJMP _0x26
0000e1 999d      	SBIC 0x13,5
0000e2 c004      	RJMP _0x26
0000e3 9b9e      	SBIS 0x13,6
0000e4 c002      	RJMP _0x26
0000e5 999f      	SBIC 0x13,7
0000e6 c001      	RJMP _0x27
                 _0x26:
0000e7 c004      	RJMP _0x25
                 _0x27:
                 ; 0000 00BC lcd_gotoxy(0,0);
0000e8 d11a      	RCALL SUBOPT_0x0
                 ; 0000 00BD lcd_putsf("5");
                +
0000e9 e5ae     +LDI R26 , LOW ( 2 * _0x0 + ( 10 ) )
0000ea e0b0     +LDI R27 , HIGH ( 2 * _0x0 + ( 10 ) )
                 	__POINTW2FN _0x0,10
0000eb d11b      	RCALL SUBOPT_0x1
                 ; 0000 00BE delay_ms(100);
                 ; 0000 00BF }
                 ; 0000 00C0 if(PINC.4 == 1 && PINC.5==1 && PINC.6== 0 && PINC.7 ==1){
                 _0x25:
0000ec 9b9c      	SBIS 0x13,4
0000ed c006      	RJMP _0x29
0000ee 9b9d      	SBIS 0x13,5
0000ef c004      	RJMP _0x29
0000f0 999e      	SBIC 0x13,6
0000f1 c002      	RJMP _0x29
0000f2 999f      	SBIC 0x13,7
0000f3 c001      	RJMP _0x2A
                 _0x29:
0000f4 c004      	RJMP _0x28
                 _0x2A:
                 ; 0000 00C1 lcd_gotoxy(0,0);
0000f5 d10d      	RCALL SUBOPT_0x0
                 ; 0000 00C2 lcd_putsf("6");
                +
0000f6 e6a0     +LDI R26 , LOW ( 2 * _0x0 + ( 12 ) )
0000f7 e0b0     +LDI R27 , HIGH ( 2 * _0x0 + ( 12 ) )
                 	__POINTW2FN _0x0,12
0000f8 d113      	RCALL SUBOPT_0x2
                 ; 0000 00C3 delay_ms(50);
                 ; 0000 00C4 }
                 ; 0000 00C5 if(PINC.4 == 1 && PINC.5==1 && PINC.6== 1 && PINC.7 ==0){
                 _0x28:
0000f9 9b9c      	SBIS 0x13,4
0000fa c006      	RJMP _0x2C
0000fb 9b9d      	SBIS 0x13,5
0000fc c004      	RJMP _0x2C
0000fd 9b9e      	SBIS 0x13,6
0000fe c002      	RJMP _0x2C
0000ff 9b9f      	SBIS 0x13,7
000100 c001      	RJMP _0x2D
                 _0x2C:
000101 c004      	RJMP _0x2B
                 _0x2D:
                 ; 0000 00C6 lcd_gotoxy(0,0);
000102 d100      	RCALL SUBOPT_0x0
                 ; 0000 00C7 lcd_putsf("*");
                +
000103 e6a2     +LDI R26 , LOW ( 2 * _0x0 + ( 14 ) )
000104 e0b0     +LDI R27 , HIGH ( 2 * _0x0 + ( 14 ) )
                 	__POINTW2FN _0x0,14
000105 d101      	RCALL SUBOPT_0x1
                 ; 0000 00C8 delay_ms(100);
                 ; 0000 00C9 }
                 ; 0000 00CA PORTC.0 =0;
                 _0x2B:
000106 98a8      	CBI  0x15,0
                 ; 0000 00CB PORTC.1 =1;
000107 9aa9      	SBI  0x15,1
                 ; 0000 00CC PORTC.2 =1;
000108 9aaa      	SBI  0x15,2
                 ; 0000 00CD PORTC.3 =1;
000109 9aab      	SBI  0x15,3
                 ; 0000 00CE if(PINC.4 == 0 && PINC.5==1 && PINC.6== 1 && PINC.7 ==1){
00010a 999c      	SBIC 0x13,4
00010b c006      	RJMP _0x37
00010c 9b9d      	SBIS 0x13,5
00010d c004      	RJMP _0x37
00010e 9b9e      	SBIS 0x13,6
00010f c002      	RJMP _0x37
000110 999f      	SBIC 0x13,7
000111 c001      	RJMP _0x38
                 _0x37:
000112 c004      	RJMP _0x36
                 _0x38:
                 ; 0000 00CF lcd_gotoxy(0,0);
000113 d0ef      	RCALL SUBOPT_0x0
                 ; 0000 00D0 lcd_putsf("1");
                +
000114 e6a4     +LDI R26 , LOW ( 2 * _0x0 + ( 16 ) )
000115 e0b0     +LDI R27 , HIGH ( 2 * _0x0 + ( 16 ) )
                 	__POINTW2FN _0x0,16
000116 d0f5      	RCALL SUBOPT_0x2
                 ; 0000 00D1 delay_ms(50);
                 ; 0000 00D2 }
                 ; 0000 00D3 if(PINC.4 == 1 && PINC.5==0 && PINC.6== 1 && PINC.7 ==1){
                 _0x36:
000117 9b9c      	SBIS 0x13,4
000118 c006      	RJMP _0x3A
000119 999d      	SBIC 0x13,5
00011a c004      	RJMP _0x3A
00011b 9b9e      	SBIS 0x13,6
00011c c002      	RJMP _0x3A
00011d 999f      	SBIC 0x13,7
00011e c001      	RJMP _0x3B
                 _0x3A:
00011f c004      	RJMP _0x39
                 _0x3B:
                 ; 0000 00D4 lcd_gotoxy(0,0);
000120 d0e2      	RCALL SUBOPT_0x0
                 ; 0000 00D5 lcd_putsf("2");
                +
000121 e6a6     +LDI R26 , LOW ( 2 * _0x0 + ( 18 ) )
000122 e0b0     +LDI R27 , HIGH ( 2 * _0x0 + ( 18 ) )
                 	__POINTW2FN _0x0,18
000123 d0e3      	RCALL SUBOPT_0x1
                 ; 0000 00D6 delay_ms(100);
                 ; 0000 00D7 }
                 ; 0000 00D8 if(PINC.4 == 1 && PINC.5==1 && PINC.6== 0 && PINC.7 ==1){
                 _0x39:
000124 9b9c      	SBIS 0x13,4
000125 c006      	RJMP _0x3D
000126 9b9d      	SBIS 0x13,5
000127 c004      	RJMP _0x3D
000128 999e      	SBIC 0x13,6
000129 c002      	RJMP _0x3D
00012a 999f      	SBIC 0x13,7
00012b c001      	RJMP _0x3E
                 _0x3D:
00012c c004      	RJMP _0x3C
                 _0x3E:
                 ; 0000 00D9 lcd_gotoxy(0,0);
00012d d0d5      	RCALL SUBOPT_0x0
                 ; 0000 00DA lcd_putsf("3");
                +
00012e e6a8     +LDI R26 , LOW ( 2 * _0x0 + ( 20 ) )
00012f e0b0     +LDI R27 , HIGH ( 2 * _0x0 + ( 20 ) )
                 	__POINTW2FN _0x0,20
000130 d0db      	RCALL SUBOPT_0x2
                 ; 0000 00DB delay_ms(50);
                 ; 0000 00DC }
                 ; 0000 00DD if(PINC.4 == 1 && PINC.5==1 && PINC.6== 1 && PINC.7 ==0){
                 _0x3C:
000131 9b9c      	SBIS 0x13,4
000132 c006      	RJMP _0x40
000133 9b9d      	SBIS 0x13,5
000134 c004      	RJMP _0x40
000135 9b9e      	SBIS 0x13,6
000136 c002      	RJMP _0x40
000137 9b9f      	SBIS 0x13,7
000138 c001      	RJMP _0x41
                 _0x40:
000139 c004      	RJMP _0x3F
                 _0x41:
                 ; 0000 00DE lcd_gotoxy(0,0);
00013a d0c8      	RCALL SUBOPT_0x0
                 ; 0000 00DF lcd_putsf("-");
                +
00013b e6aa     +LDI R26 , LOW ( 2 * _0x0 + ( 22 ) )
00013c e0b0     +LDI R27 , HIGH ( 2 * _0x0 + ( 22 ) )
                 	__POINTW2FN _0x0,22
00013d d0c9      	RCALL SUBOPT_0x1
                 ; 0000 00E0 delay_ms(100);
                 ; 0000 00E1 }
                 ; 0000 00E2 PORTC.0 =1;
                 _0x3F:
00013e 9aa8      	SBI  0x15,0
                 ; 0000 00E3 PORTC.1 =1;
00013f 9aa9      	SBI  0x15,1
                 ; 0000 00E4 PORTC.2 =1;
000140 9aaa      	SBI  0x15,2
                 ; 0000 00E5 PORTC.3 =0;
000141 98ab      	CBI  0x15,3
                 ; 0000 00E6 if(PINC.4 == 0 && PINC.5==1 && PINC.6== 1 && PINC.7 ==1){
000142 999c      	SBIC 0x13,4
000143 c006      	RJMP _0x4B
000144 9b9d      	SBIS 0x13,5
000145 c004      	RJMP _0x4B
000146 9b9e      	SBIS 0x13,6
000147 c002      	RJMP _0x4B
000148 999f      	SBIC 0x13,7
000149 c001      	RJMP _0x4C
                 _0x4B:
00014a c005      	RJMP _0x4A
                 _0x4C:
                 ; 0000 00E7 lcd_clear();
00014b d05a      	RCALL _lcd_clear
                 ; 0000 00E8 delay_ms(100);
00014c e6a4      	LDI  R26,LOW(100)
00014d e0b0      	LDI  R27,0
00014e 940e 021d 	CALL _delay_ms
                 ; 0000 00E9 }
                 ; 0000 00EA if(PINC.4 == 1 && PINC.5==0 && PINC.6== 1 && PINC.7 ==1){
                 _0x4A:
000150 9b9c      	SBIS 0x13,4
000151 c006      	RJMP _0x4E
000152 999d      	SBIC 0x13,5
000153 c004      	RJMP _0x4E
000154 9b9e      	SBIS 0x13,6
000155 c002      	RJMP _0x4E
000156 999f      	SBIC 0x13,7
000157 c001      	RJMP _0x4F
                 _0x4E:
000158 c004      	RJMP _0x4D
                 _0x4F:
                 ; 0000 00EB lcd_gotoxy(0,0);
000159 d0a9      	RCALL SUBOPT_0x0
                 ; 0000 00EC lcd_putsf("0");
                +
00015a e6ac     +LDI R26 , LOW ( 2 * _0x0 + ( 24 ) )
00015b e0b0     +LDI R27 , HIGH ( 2 * _0x0 + ( 24 ) )
                 	__POINTW2FN _0x0,24
00015c d0aa      	RCALL SUBOPT_0x1
                 ; 0000 00ED delay_ms(100);
                 ; 0000 00EE }
                 ; 0000 00EF if(PINC.4 == 1 && PINC.5==1 && PINC.6== 0 && PINC.7 ==1){
                 _0x4D:
00015d 9b9c      	SBIS 0x13,4
00015e c006      	RJMP _0x51
00015f 9b9d      	SBIS 0x13,5
000160 c004      	RJMP _0x51
000161 999e      	SBIC 0x13,6
000162 c002      	RJMP _0x51
000163 999f      	SBIC 0x13,7
000164 c001      	RJMP _0x52
                 _0x51:
000165 c004      	RJMP _0x50
                 _0x52:
                 ; 0000 00F0 lcd_gotoxy(0,0);
000166 d09c      	RCALL SUBOPT_0x0
                 ; 0000 00F1 lcd_putsf("#");
                +
000167 e6ae     +LDI R26 , LOW ( 2 * _0x0 + ( 26 ) )
000168 e0b0     +LDI R27 , HIGH ( 2 * _0x0 + ( 26 ) )
                 	__POINTW2FN _0x0,26
000169 d09d      	RCALL SUBOPT_0x1
                 ; 0000 00F2 delay_ms(100);
                 ; 0000 00F3 }
                 ; 0000 00F4 if(PINC.4 == 1 && PINC.5==1 && PINC.6== 1 && PINC.7 ==0){
                 _0x50:
00016a 9b9c      	SBIS 0x13,4
00016b c006      	RJMP _0x54
00016c 9b9d      	SBIS 0x13,5
00016d c004      	RJMP _0x54
00016e 9b9e      	SBIS 0x13,6
00016f c002      	RJMP _0x54
000170 9b9f      	SBIS 0x13,7
000171 c001      	RJMP _0x55
                 _0x54:
000172 c004      	RJMP _0x53
                 _0x55:
                 ; 0000 00F5 lcd_gotoxy(0,0);
000173 d08f      	RCALL SUBOPT_0x0
                 ; 0000 00F6 lcd_putsf("+");
                +
000174 e7a0     +LDI R26 , LOW ( 2 * _0x0 + ( 28 ) )
000175 e0b0     +LDI R27 , HIGH ( 2 * _0x0 + ( 28 ) )
                 	__POINTW2FN _0x0,28
000176 d090      	RCALL SUBOPT_0x1
                 ; 0000 00F7 delay_ms(100);
                 ; 0000 00F8 }
                 ; 0000 00F9       }
                 _0x53:
000177 cf1e      	RJMP _0x3
                 ; 0000 00FA }
                 _0x56:
000178 cfff      	RJMP _0x56
                 ; .FEND
                 	#ifndef __SLEEP_DEFINED__
                 	#endif
                 
                 	.DSEG
                 
                 	.CSEG
                 __lcd_write_nibble_G100:
                 ; .FSTART __lcd_write_nibble_G100
000179 93aa      	ST   -Y,R26
00017a b3eb      	IN   R30,0x1B
00017b 70ef      	ANDI R30,LOW(0xF)
00017c 2fae      	MOV  R26,R30
00017d 81e8      	LD   R30,Y
00017e 7fe0      	ANDI R30,LOW(0xF0)
00017f 2bea      	OR   R30,R26
000180 bbeb      	OUT  0x1B,R30
                +
000181 e08d     +LDI R24 , LOW ( 13 )
                +__DELAY_USB_LOOP :
000182 958a     +DEC R24
000183 f7f1     +BRNE __DELAY_USB_LOOP
                 	__DELAY_USB 13
000184 9ada      	SBI  0x1B,2
                +
000185 e08d     +LDI R24 , LOW ( 13 )
                +__DELAY_USB_LOOP :
000186 958a     +DEC R24
000187 f7f1     +BRNE __DELAY_USB_LOOP
                 	__DELAY_USB 13
000188 98da      	CBI  0x1B,2
                +
000189 e08d     +LDI R24 , LOW ( 13 )
                +__DELAY_USB_LOOP :
00018a 958a     +DEC R24
00018b f7f1     +BRNE __DELAY_USB_LOOP
                 	__DELAY_USB 13
00018c c074      	RJMP _0x2020001
                 ; .FEND
                 __lcd_write_data:
                 ; .FSTART __lcd_write_data
00018d 93aa      	ST   -Y,R26
00018e 81a8      	LD   R26,Y
00018f dfe9      	RCALL __lcd_write_nibble_G100
000190 81e8          ld    r30,y
000191 95e2          swap  r30
000192 83e8          st    y,r30
000193 81a8      	LD   R26,Y
000194 dfe4      	RCALL __lcd_write_nibble_G100
                +
000195 e885     +LDI R24 , LOW ( 133 )
                +__DELAY_USB_LOOP :
000196 958a     +DEC R24
000197 f7f1     +BRNE __DELAY_USB_LOOP
                 	__DELAY_USB 133
000198 c068      	RJMP _0x2020001
                 ; .FEND
                 _lcd_gotoxy:
                 ; .FSTART _lcd_gotoxy
000199 93aa      	ST   -Y,R26
00019a 81e8      	LD   R30,Y
00019b e0f0      	LDI  R31,0
00019c 5ae0      	SUBI R30,LOW(-__base_y_G100)
00019d 4ffe      	SBCI R31,HIGH(-__base_y_G100)
00019e 81e0      	LD   R30,Z
00019f 81a9      	LDD  R26,Y+1
0001a0 0fae      	ADD  R26,R30
0001a1 dfeb      	RCALL __lcd_write_data
0001a2 8059      	LDD  R5,Y+1
0001a3 8048      	LDD  R4,Y+0
0001a4 9622      	ADIW R28,2
0001a5 9508      	RET
                 ; .FEND
                 _lcd_clear:
                 ; .FSTART _lcd_clear
0001a6 e0a2      	LDI  R26,LOW(2)
0001a7 d069      	RCALL SUBOPT_0x3
0001a8 e0ac      	LDI  R26,LOW(12)
0001a9 dfe3      	RCALL __lcd_write_data
0001aa e0a1      	LDI  R26,LOW(1)
0001ab d065      	RCALL SUBOPT_0x3
0001ac e0e0      	LDI  R30,LOW(0)
0001ad 2e4e      	MOV  R4,R30
0001ae 2e5e      	MOV  R5,R30
0001af 9508      	RET
                 ; .FEND
                 _lcd_putchar:
                 ; .FSTART _lcd_putchar
0001b0 93aa      	ST   -Y,R26
0001b1 81a8      	LD   R26,Y
0001b2 30aa      	CPI  R26,LOW(0xA)
0001b3 f011      	BREQ _0x2000005
0001b4 1457      	CP   R5,R7
0001b5 f048      	BRLO _0x2000004
                 _0x2000005:
0001b6 e0e0      	LDI  R30,LOW(0)
0001b7 93ea      	ST   -Y,R30
0001b8 9443      	INC  R4
0001b9 2da4      	MOV  R26,R4
0001ba dfde      	RCALL _lcd_gotoxy
0001bb 81a8      	LD   R26,Y
0001bc 30aa      	CPI  R26,LOW(0xA)
0001bd f409      	BRNE _0x2000007
0001be c042      	RJMP _0x2020001
                 _0x2000007:
                 _0x2000004:
0001bf 9453      	INC  R5
0001c0 9ad8      	SBI  0x1B,0
0001c1 81a8      	LD   R26,Y
0001c2 dfca      	RCALL __lcd_write_data
0001c3 98d8      	CBI  0x1B,0
0001c4 c03c      	RJMP _0x2020001
                 ; .FEND
                 _lcd_putsf:
                 ; .FSTART _lcd_putsf
0001c5 93ba      	ST   -Y,R27
0001c6 93aa      	ST   -Y,R26
0001c7 931a      	ST   -Y,R17
                 _0x200000B:
0001c8 81e9      	LDD  R30,Y+1
0001c9 81fa      	LDD  R31,Y+1+1
0001ca 9631      	ADIW R30,1
0001cb 83e9      	STD  Y+1,R30
0001cc 83fa      	STD  Y+1+1,R31
0001cd 9731      	SBIW R30,1
0001ce 91e4      	LPM  R30,Z
0001cf 2f1e      	MOV  R17,R30
0001d0 30e0      	CPI  R30,0
0001d1 f019      	BREQ _0x200000D
0001d2 2fa1      	MOV  R26,R17
0001d3 dfdc      	RCALL _lcd_putchar
0001d4 cff3      	RJMP _0x200000B
                 _0x200000D:
0001d5 8118      	LDD  R17,Y+0
0001d6 9623      	ADIW R28,3
0001d7 9508      	RET
                 ; .FEND
                 _lcd_init:
                 ; .FSTART _lcd_init
0001d8 93aa      	ST   -Y,R26
0001d9 b3ea      	IN   R30,0x1A
0001da 6fe0      	ORI  R30,LOW(0xF0)
0001db bbea      	OUT  0x1A,R30
0001dc 9ad2      	SBI  0x1A,2
0001dd 9ad0      	SBI  0x1A,0
0001de 9ad1      	SBI  0x1A,1
0001df 98da      	CBI  0x1B,2
0001e0 98d8      	CBI  0x1B,0
0001e1 98d9      	CBI  0x1B,1
0001e2 8078      	LDD  R7,Y+0
0001e3 81e8      	LD   R30,Y
0001e4 58e0      	SUBI R30,-LOW(128)
                +
0001e5 93e0 0162+STS __base_y_G100 + ( 2 ) , R30
                 	__PUTB1MN __base_y_G100,2
0001e7 81e8      	LD   R30,Y
0001e8 54e0      	SUBI R30,-LOW(192)
                +
0001e9 93e0 0163+STS __base_y_G100 + ( 3 ) , R30
                 	__PUTB1MN __base_y_G100,3
0001eb e1a4      	LDI  R26,LOW(20)
0001ec e0b0      	LDI  R27,0
0001ed 940e 021d 	CALL _delay_ms
0001ef d026      	RCALL SUBOPT_0x4
0001f0 d025      	RCALL SUBOPT_0x4
0001f1 d024      	RCALL SUBOPT_0x4
0001f2 e2a0      	LDI  R26,LOW(32)
0001f3 df85      	RCALL __lcd_write_nibble_G100
                +
0001f4 ec88     +LDI R24 , LOW ( 200 )
0001f5 e090     +LDI R25 , HIGH ( 200 )
                +__DELAY_USW_LOOP :
0001f6 9701     +SBIW R24 , 1
0001f7 f7f1     +BRNE __DELAY_USW_LOOP
                 	__DELAY_USW 200
0001f8 e2a8      	LDI  R26,LOW(40)
0001f9 df93      	RCALL __lcd_write_data
0001fa e0a4      	LDI  R26,LOW(4)
0001fb df91      	RCALL __lcd_write_data
0001fc e8a5      	LDI  R26,LOW(133)
0001fd df8f      	RCALL __lcd_write_data
0001fe e0a6      	LDI  R26,LOW(6)
0001ff df8d      	RCALL __lcd_write_data
000200 dfa5      	RCALL _lcd_clear
                 _0x2020001:
000201 9621      	ADIW R28,1
000202 9508      	RET
                 ; .FEND
                 
                 	.DSEG
                 __base_y_G100:
000160           	.BYTE 0x4
                 
                 	.CSEG
                 ;OPTIMIZER ADDED SUBROUTINE, CALLED 15 TIMES, CODE SIZE REDUCTION:39 WORDS
                 SUBOPT_0x0:
000203 e0e0      	LDI  R30,LOW(0)
000204 93ea      	ST   -Y,R30
000205 e0a0      	LDI  R26,LOW(0)
000206 cf92      	RJMP _lcd_gotoxy
                 
                 ;OPTIMIZER ADDED SUBROUTINE, CALLED 12 TIMES, CODE SIZE REDUCTION:41 WORDS
                 SUBOPT_0x1:
000207 dfbd      	RCALL _lcd_putsf
000208 e6a4      	LDI  R26,LOW(100)
000209 e0b0      	LDI  R27,0
00020a 940c 021d 	JMP  _delay_ms
                 
                 ;OPTIMIZER ADDED SUBROUTINE, CALLED 3 TIMES, CODE SIZE REDUCTION:5 WORDS
                 SUBOPT_0x2:
00020c dfb8      	RCALL _lcd_putsf
00020d e3a2      	LDI  R26,LOW(50)
00020e e0b0      	LDI  R27,0
00020f 940c 021d 	JMP  _delay_ms
                 
                 ;OPTIMIZER ADDED SUBROUTINE, CALLED 2 TIMES, CODE SIZE REDUCTION:1 WORDS
                 SUBOPT_0x3:
000211 df7b      	RCALL __lcd_write_data
000212 e0a3      	LDI  R26,LOW(3)
000213 e0b0      	LDI  R27,0
000214 940c 021d 	JMP  _delay_ms
                 
                 ;OPTIMIZER ADDED SUBROUTINE, CALLED 3 TIMES, CODE SIZE REDUCTION:7 WORDS
                 SUBOPT_0x4:
000216 e3a0      	LDI  R26,LOW(48)
000217 df61      	RCALL __lcd_write_nibble_G100
                +
000218 ec88     +LDI R24 , LOW ( 200 )
000219 e090     +LDI R25 , HIGH ( 200 )
                +__DELAY_USW_LOOP :
00021a 9701     +SBIW R24 , 1
00021b f7f1     +BRNE __DELAY_USW_LOOP
                 	__DELAY_USW 200
00021c 9508      	RET
                 
                 
                 	.CSEG
                 _delay_ms:
00021d 9610      	adiw r26,0
00021e f039      	breq __delay_ms1
                 __delay_ms0:
00021f 95a8      	wdr
                +
000220 ed80     +LDI R24 , LOW ( 0x7D0 )
000221 e097     +LDI R25 , HIGH ( 0x7D0 )
                +__DELAY_USW_LOOP :
000222 9701     +SBIW R24 , 1
000223 f7f1     +BRNE __DELAY_USW_LOOP
                 	__DELAY_USW 0x7D0
000224 9711      	sbiw r26,1
000225 f7c9      	brne __delay_ms0
                 __delay_ms1:
000226 9508      	ret
                 
                 ;END OF CODE MARKER
                 __END_OF_CODE:


RESOURCE USE INFORMATION
------------------------

Notice:
The register and instruction counts are symbol table hit counts,
and hence implicitly used resources are not counted, eg, the
'lpm' instruction without operands implicitly uses r0 and z,
none of which are counted.

x,y,z are separate entities in the symbol table and are
counted separately from r26..r31 here.

.dseg memory usage only counts static data declared with .byte

ATmega16 register use summary:
r0 :   4 r1 :   1 r2 :   0 r3 :   0 r4 :   4 r5 :   4 r6 :   0 r7 :   2 
r8 :   0 r9 :   0 r10:   0 r11:   0 r12:   0 r13:   0 r14:   0 r15:   0 
r16:   0 r17:   4 r18:   0 r19:   0 r20:   0 r21:   0 r22:   2 r23:   0 
r24:  21 r25:   5 r26:  55 r27:  23 r28:   4 r29:   1 r30:  92 r31:   7 
x  :   3 y  :  30 z  :   9 
Registers used: 18 out of 35 (51.4%)

ATmega16 instruction use summary:
.lds  :   0 .lds.l:   0 .sts  :   0 .sts.l:   0 adc   :   0 add   :   1 
adiw  :   5 and   :   0 andi  :   2 asr   :   0 bclr  :   0 bld   :   0 
brbc  :   0 brbs  :   0 brcc  :   0 brcs  :   0 break :   0 breq  :   4 
brge  :   0 brhc  :   0 brhs  :   0 brid  :   0 brie  :   0 brlo  :   1 
brlt  :   0 brmi  :   0 brne  :  12 brpl  :   0 brsh  :   0 brtc  :   0 
brts  :   0 brvc  :   0 brvs  :   0 bset  :   0 bst   :   0 call  :   2 
cbi   :   9 cbr   :   0 clc   :   0 clh   :   0 cli   :   1 cln   :   0 
clr   :   2 cls   :   0 clt   :   0 clv   :   0 clz   :   0 com   :   0 
cp    :   1 cpc   :   0 cpi   :   3 cpse  :   0 dec   :   5 des   :   0 
eor   :   0 fmul  :   0 fmuls :   0 fmulsu:   0 icall :   0 ijmp  :   0 
in    :   2 inc   :   2 jmp   :  25 ld    :  11 ldd   :   7 ldi   :  82 
lds   :   0 lpm   :   9 lsl   :   0 lsr   :   0 mov   :   6 movw  :   3 
mul   :   0 muls  :   0 mulsu :   0 neg   :   0 nop   :   0 or    :   1 
ori   :   1 out   :  44 pop   :   0 push  :   0 rcall :  54 ret   :   6 
reti  :   0 rjmp  :  89 rol   :   0 ror   :   0 sbc   :   0 sbci  :   1 
sbi   :  17 sbic  :  24 sbis  :  40 sbiw  :   8 sbr   :   0 sbrc  :   0 
sbrs  :   0 sec   :   0 seh   :   0 sei   :   0 sen   :   0 ser   :   0 
ses   :   0 set   :   0 sev   :   0 sez   :   0 sleep :   0 spm   :   0 
st    :  14 std   :   2 sts   :   2 sub   :   0 subi  :   3 swap  :   1 
tst   :   0 wdr   :   1 
Instructions used: 39 out of 116 (33.6%)

ATmega16 memory use summary [bytes]:
Segment   Begin    End      Code   Data   Used    Size   Use%
---------------------------------------------------------------
[.cseg] 0x000000 0x00044e   1062     40   1102   16384   6.7%
[.dseg] 0x000060 0x000164      0      4      4    1024   0.4%
[.eseg] 0x000000 0x000000      0      0      0     512   0.0%

Assembly complete, 0 errors, 3 warnings
